\BOOKMARK [0][-]{rootNode.0}{\376\377\000F\000r\000o\000n\000t\000\040\000M\000a\000t\000t\000e\000r}{}% 1
\BOOKMARK [1][-]{a.1}{\376\377\000T\000i\000t\000l\000e}{rootNode.0}% 2
\BOOKMARK [1][-]{a.1}{\376\377\000A\000u\000t\000h\000o\000r\000i\000z\000a\000t\000i\000o\000n\000P\000a\000g\000e}{rootNode.0}% 3
\BOOKMARK [1][-]{b.1}{\376\377\000C\000e\000r\000t\000i\000f\000i\000c\000a\000t\000i\000o\000n\000P\000a\000g\000e}{rootNode.0}% 4
\BOOKMARK [1][-]{c.1}{\376\377\000A\000c\000k\000n\000o\000w\000l\000e\000d\000g\000e\000m\000e\000n\000t\000s}{rootNode.0}% 5
\BOOKMARK [1][-]{d.1}{\376\377\000D\000e\000d\000i\000c\000a\000t\000i\000o\000n}{rootNode.0}% 6
\BOOKMARK [0][-]{e.0}{\376\377\000T\000a\000b\000l\000e\000\040\000o\000f\000\040\000C\000o\000n\000t\000e\000n\000t\000s}{}% 7
\BOOKMARK [0][-]{section*.12}{\376\377\000L\000i\000s\000t\000\040\000o\000f\000\040\000F\000i\000g\000u\000r\000e\000s}{}% 8
\BOOKMARK [0][-]{section*.13}{\376\377\000L\000i\000s\000t\000\040\000o\000f\000\040\000T\000a\000b\000l\000e\000s}{}% 9
\BOOKMARK [1][-]{f.1}{\376\377\000A\000b\000b\000r\000e\000v\000i\000a\000t\000i\000o\000n\000s}{section*.13}% 10
\BOOKMARK [0][-]{section*.15}{\376\377\000L\000i\000s\000t\000\040\000o\000f\000\040\000A\000b\000b\000r\000e\000v\000i\000a\000t\000i\000o\000n\000s}{}% 11
\BOOKMARK [1][-]{g.1}{\376\377\000A\000b\000s\000t\000r\000a\000c\000t}{section*.15}% 12
\BOOKMARK [0][-]{section*.18}{\376\377\000A\000b\000s\000t\000r\000a\000c\000t}{}% 13
\BOOKMARK [0][-]{chapter.1}{\376\377\0001\000\040\000I\000n\000t\000r\000o\000d\000u\000c\000t\000i\000o\000n}{}% 14
\BOOKMARK [1][-]{section.1.1}{\376\377\0001\000.\0001\000\040\000B\000a\000c\000k\000g\000r\000o\000u\000n\000d}{chapter.1}% 15
\BOOKMARK [1][-]{section.1.2}{\376\377\0001\000.\0002\000\040\000P\000r\000o\000b\000l\000e\000m\000\040\000D\000e\000s\000c\000r\000i\000p\000t\000i\000o\000n}{chapter.1}% 16
\BOOKMARK [1][-]{section.1.3}{\376\377\0001\000.\0003\000\040\000S\000c\000o\000p\000e\000\040\000o\000f\000\040\000P\000r\000o\000j\000e\000c\000t}{chapter.1}% 17
\BOOKMARK [1][-]{section.1.4}{\376\377\0001\000.\0004\000\040\000O\000u\000t\000l\000i\000n\000e\000\040\000o\000f\000\040\000T\000h\000e\000s\000i\000s}{chapter.1}% 18
\BOOKMARK [0][-]{chapter.2}{\376\377\0002\000\040\000L\000i\000t\000e\000r\000a\000t\000u\000r\000e\000\040\000R\000e\000v\000i\000e\000w}{}% 19
\BOOKMARK [1][-]{section.2.1}{\376\377\0002\000.\0001\000\040\000N\000e\000u\000r\000o\000p\000a\000t\000h\000o\000l\000o\000g\000y\000\040\000a\000n\000d\000\040\000B\000r\000a\000i\000n\000\040\000a\000n\000o\000m\000a\000l\000i\000e\000s\000\040\000o\000f\000\040\000S\000c\000h\000i\000z\000o\000p\000h\000r\000e\000n\000i\000a}{chapter.2}% 20
\BOOKMARK [0][-]{appendix.A}{\376\377\000A\000\040\000A\000d\000d\000i\000t\000i\000o\000n\000a\000l\000\040\000M\000a\000t\000e\000r\000i\000a\000l\000s}{}% 21
\BOOKMARK [1][-]{section.A.1}{\376\377\000A\000.\0001\000\040\000C\000o\000d\000e\000s\000\040\000U\000s\000e\000d\000\040\000f\000o\000r\000\040\000t\000h\000i\000s\000\040\000p\000r\000o\000j\000e\000c\000t}{appendix.A}% 22
\BOOKMARK [2][-]{subsection.A.1.1}{\376\377\000A\000.\0001\000.\0001\000\040\000a\000r\000d\000u\000i\000n\000o\000\040\000c\000o\000d\000e\000\040\000f\000o\000r\000\040\000r\000e\000a\000d\000i\000n\000g\000\040\000f\000o\000r\000c\000e\000s\000\040\000f\000r\000o\000m\000\040\0003\000\040\000l\000o\000a\000d\000\040\000c\000e\000l\000l\000s}{section.A.1}% 23
\BOOKMARK [2][-]{subsection.A.1.2}{\376\377\000A\000.\0001\000.\0002\000\040\000a\000r\000d\000u\000i\000n\000o\000\040\000c\000o\000d\000e\000\040\000t\000o\000\040\000i\000m\000p\000l\000e\000m\000e\000n\000t\000\040\000t\000h\000e\000\040\000h\000y\000b\000r\000i\000d\000\040\000a\000c\000t\000i\000v\000e\000\040\000m\000a\000s\000t\000e\000r\000-\000s\000l\000a\000v\000e\000\040\000c\000o\000n\000t\000r\000o\000l}{section.A.1}% 24
\BOOKMARK [2][-]{subsection.A.1.3}{\376\377\000A\000.\0001\000.\0003\000\040\000a\000r\000d\000u\000i\000n\000o\000\040\000c\000o\000d\000e\000\040\000f\000o\000r\000\040\000c\000a\000l\000i\000b\000r\000a\000t\000i\000n\000g\000\040\000e\000a\000c\000h\000\040\000o\000f\000\040\000t\000h\000e\000\040\000l\000o\000a\000d\000\040\000c\000e\000l\000l\000s}{section.A.1}% 25
\BOOKMARK [2][-]{subsection.A.1.4}{\376\377\000A\000.\0001\000.\0004\000\040\000p\000y\000t\000h\000o\000n\000\040\000c\000o\000d\000e\000\040\000f\000o\000r\000\040\000c\000o\000l\000l\000e\000c\000t\000i\000n\000g\000\040\000d\000a\000t\000a\000\040\000a\000n\000d\000\040\000s\000t\000o\000r\000i\000n\000g\000\040\000i\000t}{section.A.1}% 26
\BOOKMARK [1][-]{section.A.2}{\376\377\000A\000.\0002\000\040\000L\000i\000t\000e\000r\000a\000t\000u\000r\000e\000\040\000R\000e\000v\000i\000e\000w\000\040\000o\000n\000\040\000E\000x\000i\000s\000t\000i\000n\000g\000\040\000B\000i\000l\000a\000t\000e\000r\000a\000l\000\040\000R\000o\000b\000o\000t\000s}{appendix.A}% 27
\BOOKMARK [1][-]{section.A.3}{\376\377\000A\000.\0003\000\040\000L\000i\000t\000e\000r\000a\000t\000u\000r\000e\000\040\000R\000e\000v\000i\000e\000w\000\040\000o\000n\000\040\000C\000l\000i\000n\000i\000c\000a\000l\000\040\000T\000r\000i\000a\000l\000s\000\040\000o\000f\000\040\000B\000i\000l\000a\000t\000e\000r\000a\000l\000\040\000R\000o\000b\000o\000t\000s}{appendix.A}% 28
