This is pdfTeX, Version 3.141592653-2.6-1.40.22 (MiKTeX 21.3) (preloaded format=pdflatex 2021.3.29)  14 FEB 2023 07:05
entering extended mode
**d:/Emmanuel_petron_Olateju/MMN_SZ/documents/MMN_SZ_weekly_report/report.tex
(d:/Emmanuel_petron_Olateju/MMN_SZ/documents/MMN_SZ_weekly_report/report.tex
LaTeX2e <2020-10-01> patch level 4
L3 programming layer <2021-02-18> (C:\Users\pc\AppData\Local\Programs\MiKTeX 2.9\tex/latex/IEEEconf\IEEEconf.cls
Document Class: IEEEconf 2009/04/05 v1.4 IEEE Computer Society 8.5x11" conference proceedings
(C:\Users\pc\AppData\Local\Programs\MiKTeX 2.9\tex/latex/base\article.cls
Document Class: article 2020/04/10 v1.4m Standard LaTeX document class
(C:\Users\pc\AppData\Local\Programs\MiKTeX 2.9\tex/latex/base\size10.clo
File: size10.clo 2020/04/10 v1.4m Standard LaTeX file (size option)
)
\c@part=\count179
\c@section=\count180
\c@subsection=\count181
\c@subsubsection=\count182
\c@paragraph=\count183
\c@subparagraph=\count184
\c@figure=\count185
\c@table=\count186
\abovecaptionskip=\skip47
\belowcaptionskip=\skip48
\bibindent=\dimen138
) (C:\Users\pc\AppData\Local\Programs\MiKTeX 2.9\tex/latex/geometry\geometry.sty
Package: geometry 2020/01/02 v5.9 Page Geometry
 (C:\Users\pc\AppData\Local\Programs\MiKTeX 2.9\tex/latex/graphics\keyval.sty
Package: keyval 2014/10/28 v1.15 key=value parser (DPC)
\KV@toks@=\toks15
) (C:\Users\pc\AppData\Local\Programs\MiKTeX 2.9\tex/generic/iftex\ifvtex.sty
Package: ifvtex 2019/10/25 v1.7 ifvtex legacy package. Use iftex instead.
 (C:\Users\pc\AppData\Local\Programs\MiKTeX 2.9\tex/generic/iftex\iftex.sty
Package: iftex 2020/03/06 v1.0d TeX engine tests
))
\Gm@cnth=\count187
\Gm@cntv=\count188
\c@Gm@tempcnt=\count189
\Gm@bindingoffset=\dimen139
\Gm@wd@mp=\dimen140
\Gm@odd@mp=\dimen141
\Gm@even@mp=\dimen142
\Gm@layoutwidth=\dimen143
\Gm@layoutheight=\dimen144
\Gm@layouthoffset=\dimen145
\Gm@layoutvoffset=\dimen146
\Gm@dimlist=\toks16
 (C:\Users\pc\AppData\Local\Programs\MiKTeX 2.9\tex/latex/geometry\geometry.cfg)) (C:\Users\pc\AppData\Local\Programs\MiKTeX 2.9\tex/latex/psnfss\mathptmx.sty
Package: mathptmx 2020/03/25 PSNFSS-v9.3 Times w/ Math, improved (SPQR, WaS) 
LaTeX Font Info:    Redeclaring symbol font `operators' on input line 28.
LaTeX Font Info:    Overwriting symbol font `operators' in version `normal'
(Font)                  OT1/cmr/m/n --> OT1/ztmcm/m/n on input line 28.
LaTeX Font Info:    Overwriting symbol font `operators' in version `bold'
(Font)                  OT1/cmr/bx/n --> OT1/ztmcm/m/n on input line 28.
LaTeX Font Info:    Redeclaring symbol font `letters' on input line 29.
LaTeX Font Info:    Overwriting symbol font `letters' in version `normal'
(Font)                  OML/cmm/m/it --> OML/ztmcm/m/it on input line 29.
LaTeX Font Info:    Overwriting symbol font `letters' in version `bold'
(Font)                  OML/cmm/b/it --> OML/ztmcm/m/it on input line 29.
LaTeX Font Info:    Redeclaring symbol font `symbols' on input line 30.
LaTeX Font Info:    Overwriting symbol font `symbols' in version `normal'
(Font)                  OMS/cmsy/m/n --> OMS/ztmcm/m/n on input line 30.
LaTeX Font Info:    Overwriting symbol font `symbols' in version `bold'
(Font)                  OMS/cmsy/b/n --> OMS/ztmcm/m/n on input line 30.
LaTeX Font Info:    Redeclaring symbol font `largesymbols' on input line 31.
LaTeX Font Info:    Overwriting symbol font `largesymbols' in version `normal'
(Font)                  OMX/cmex/m/n --> OMX/ztmcm/m/n on input line 31.
LaTeX Font Info:    Overwriting symbol font `largesymbols' in version `bold'
(Font)                  OMX/cmex/m/n --> OMX/ztmcm/m/n on input line 31.
\symbold=\mathgroup4
\symitalic=\mathgroup5
LaTeX Font Info:    Redeclaring math alphabet \mathbf on input line 34.
LaTeX Font Info:    Overwriting math alphabet `\mathbf' in version `normal'
(Font)                  OT1/cmr/bx/n --> OT1/ptm/bx/n on input line 34.
LaTeX Font Info:    Overwriting math alphabet `\mathbf' in version `bold'
(Font)                  OT1/cmr/bx/n --> OT1/ptm/bx/n on input line 34.
LaTeX Font Info:    Redeclaring math alphabet \mathit on input line 35.
LaTeX Font Info:    Overwriting math alphabet `\mathit' in version `normal'
(Font)                  OT1/cmr/m/it --> OT1/ptm/m/it on input line 35.
LaTeX Font Info:    Overwriting math alphabet `\mathit' in version `bold'
(Font)                  OT1/cmr/bx/it --> OT1/ptm/m/it on input line 35.
LaTeX Info: Redefining \hbar on input line 50.
) (C:\Users\pc\AppData\Local\Programs\MiKTeX 2.9\tex/latex/psnfss\helvet.sty
Package: helvet 2020/03/25 PSNFSS-v9.3 (WaS) 
) (C:\Users\pc\AppData\Local\Programs\MiKTeX 2.9\tex/latex/psnfss\courier.sty
Package: courier 2020/03/25 PSNFSS-v9.3 (WaS) 
) (C:\Users\pc\AppData\Local\Programs\MiKTeX 2.9\tex/latex/latex-tools\array.sty
Package: array 2020/10/01 v2.5c Tabular extension package (FMi)
\col@sep=\dimen147
\ar@mcellbox=\box47
\extrarowheight=\dimen148
\NC@list=\toks17
\extratabsurround=\skip49
\backup@length=\skip50
\ar@cellbox=\box48
)
\ieee@author@width=\skip51
 (C:\Users\pc\AppData\Local\Programs\MiKTeX 2.9\tex/latex/titlesec\titlesec.sty
Package: titlesec 2019/10/16 v2.13 Sectioning titles
\ttl@box=\box49
\beforetitleunit=\skip52
\aftertitleunit=\skip53
\ttl@plus=\dimen149
\ttl@minus=\dimen150
\ttl@toksa=\toks18
\titlewidth=\dimen151
\titlewidthlast=\dimen152
\titlewidthfirst=\dimen153
)) (C:\Users\pc\AppData\Local\Programs\MiKTeX 2.9\tex/latex/graphics\rotating.sty
Package: rotating 2016/08/11 v2.16d rotated objects in LaTeX
 (C:\Users\pc\AppData\Local\Programs\MiKTeX 2.9\tex/latex/graphics\graphicx.sty
Package: graphicx 2020/09/09 v1.2b Enhanced LaTeX Graphics (DPC,SPQR)
 (C:\Users\pc\AppData\Local\Programs\MiKTeX 2.9\tex/latex/graphics\graphics.sty
Package: graphics 2020/08/30 v1.4c Standard LaTeX Graphics (DPC,SPQR)
 (C:\Users\pc\AppData\Local\Programs\MiKTeX 2.9\tex/latex/graphics\trig.sty
Package: trig 2016/01/03 v1.10 sin cos tan (DPC)
) (C:\Users\pc\AppData\Local\Programs\MiKTeX 2.9\tex/latex/graphics-cfg\graphics.cfg
File: graphics.cfg 2016/06/04 v1.11 sample graphics configuration
)
Package graphics Info: Driver file: pdftex.def on input line 105.
 (C:\Users\pc\AppData\Local\Programs\MiKTeX 2.9\tex/latex/graphics-def\pdftex.def
File: pdftex.def 2020/10/05 v1.2a Graphics/color driver for pdftex
))
\Gin@req@height=\dimen154
\Gin@req@width=\dimen155
) (C:\Users\pc\AppData\Local\Programs\MiKTeX 2.9\tex/latex/base\ifthen.sty
Package: ifthen 2014/09/29 v1.1c Standard LaTeX ifthen package (DPC)
)
\c@r@tfl@t=\count190
\rotFPtop=\skip54
\rotFPbot=\skip55
\rot@float@box=\box50
\rot@mess@toks=\toks19
) (C:\Users\pc\AppData\Local\Programs\MiKTeX 2.9\tex/latex/hyperref\hyperref.sty
Package: hyperref 2021-02-27 v7.00k Hypertext links for LaTeX
 (C:\Users\pc\AppData\Local\Programs\MiKTeX 2.9\tex/generic/ltxcmds\ltxcmds.sty
Package: ltxcmds 2020-05-10 v1.25 LaTeX kernel commands for general use (HO)
) (C:\Users\pc\AppData\Local\Programs\MiKTeX 2.9\tex/generic/pdftexcmds\pdftexcmds.sty
Package: pdftexcmds 2020-06-27 v0.33 Utility functions of pdfTeX for LuaTeX (HO)
 (C:\Users\pc\AppData\Local\Programs\MiKTeX 2.9\tex/generic/infwarerr\infwarerr.sty
Package: infwarerr 2019/12/03 v1.5 Providing info/warning/error messages (HO)
)
Package pdftexcmds Info: \pdf@primitive is available.
Package pdftexcmds Info: \pdf@ifprimitive is available.
Package pdftexcmds Info: \pdfdraftmode found.
) (C:\Users\pc\AppData\Local\Programs\MiKTeX 2.9\tex/generic/kvsetkeys\kvsetkeys.sty
Package: kvsetkeys 2019/12/15 v1.18 Key value parser (HO)
) (C:\Users\pc\AppData\Local\Programs\MiKTeX 2.9\tex/generic/kvdefinekeys\kvdefinekeys.sty
Package: kvdefinekeys 2019-12-19 v1.6 Define keys (HO)
) (C:\Users\pc\AppData\Local\Programs\MiKTeX 2.9\tex/generic/pdfescape\pdfescape.sty
Package: pdfescape 2019/12/09 v1.15 Implements pdfTeX's escape features (HO)
) (C:\Users\pc\AppData\Local\Programs\MiKTeX 2.9\tex/latex/hycolor\hycolor.sty
Package: hycolor 2020-01-27 v1.10 Color options for hyperref/bookmark (HO)
) (C:\Users\pc\AppData\Local\Programs\MiKTeX 2.9\tex/latex/letltxmacro\letltxmacro.sty
Package: letltxmacro 2019/12/03 v1.6 Let assignment for LaTeX macros (HO)
) (C:\Users\pc\AppData\Local\Programs\MiKTeX 2.9\tex/latex/auxhook\auxhook.sty
Package: auxhook 2019-12-17 v1.6 Hooks for auxiliary files (HO)
) (C:\Users\pc\AppData\Local\Programs\MiKTeX 2.9\tex/latex/kvoptions\kvoptions.sty
Package: kvoptions 2020-10-07 v3.14 Key value format for package options (HO)
)
\@linkdim=\dimen156
\Hy@linkcounter=\count191
\Hy@pagecounter=\count192
 (C:\Users\pc\AppData\Local\Programs\MiKTeX 2.9\tex/latex/hyperref\pd1enc.def
File: pd1enc.def 2021-02-27 v7.00k Hyperref: PDFDocEncoding definition (HO)
Now handling font encoding PD1 ...
... no UTF-8 mapping file for font encoding PD1
) (C:\Users\pc\AppData\Local\Programs\MiKTeX 2.9\tex/latex/hyperref\hyperref-langpatches.def
File: hyperref-langpatches.def 2021-02-27 v7.00k Hyperref: patches for babel languages
) (C:\Users\pc\AppData\Local\Programs\MiKTeX 2.9\tex/generic/intcalc\intcalc.sty
Package: intcalc 2019/12/15 v1.3 Expandable calculations with integers (HO)
) (C:\Users\pc\AppData\Local\Programs\MiKTeX 2.9\tex/generic/etexcmds\etexcmds.sty
Package: etexcmds 2019/12/15 v1.7 Avoid name clashes with e-TeX commands (HO)
)
\Hy@SavedSpaceFactor=\count193
 (C:\Users\pc\AppData\Local\Programs\MiKTeX 2.9\tex/latex/hyperref\puenc.def
File: puenc.def 2021-02-27 v7.00k Hyperref: PDF Unicode definition (HO)
Now handling font encoding PU ...
... no UTF-8 mapping file for font encoding PU
)
Package hyperref Info: Hyper figures OFF on input line 4192.
Package hyperref Info: Link nesting OFF on input line 4197.
Package hyperref Info: Hyper index ON on input line 4200.
Package hyperref Info: Plain pages OFF on input line 4207.
Package hyperref Info: Backreferencing OFF on input line 4212.
Package hyperref Info: Implicit mode ON; LaTeX internals redefined.
Package hyperref Info: Bookmarks ON on input line 4445.
\c@Hy@tempcnt=\count194
 (C:\Users\pc\AppData\Local\Programs\MiKTeX 2.9\tex/latex/url\url.sty
\Urlmuskip=\muskip16
Package: url 2013/09/16  ver 3.4  Verb mode for urls, etc.
)
LaTeX Info: Redefining \url on input line 4804.
\XeTeXLinkMargin=\dimen157
 (C:\Users\pc\AppData\Local\Programs\MiKTeX 2.9\tex/generic/bitset\bitset.sty
Package: bitset 2019/12/09 v1.3 Handle bit-vector datatype (HO)
 (C:\Users\pc\AppData\Local\Programs\MiKTeX 2.9\tex/generic/bigintcalc\bigintcalc.sty
Package: bigintcalc 2019/12/15 v1.5 Expandable calculations on big integers (HO)
))
\Fld@menulength=\count195
\Field@Width=\dimen158
\Fld@charsize=\dimen159
Package hyperref Info: Hyper figures OFF on input line 6075.
Package hyperref Info: Link nesting OFF on input line 6080.
Package hyperref Info: Hyper index ON on input line 6083.
Package hyperref Info: backreferencing OFF on input line 6090.
Package hyperref Info: Link coloring OFF on input line 6095.
Package hyperref Info: Link coloring with OCG OFF on input line 6100.
Package hyperref Info: PDF/A mode OFF on input line 6105.
LaTeX Info: Redefining \ref on input line 6145.
LaTeX Info: Redefining \pageref on input line 6149.
 (C:\Users\pc\AppData\Local\Programs\MiKTeX 2.9\tex/latex/base\atbegshi-ltx.sty
Package: atbegshi-ltx 2020/08/17 v1.0a Emulation of the original atbegshi package
with kernel methods
)
\Hy@abspage=\count196
\c@Item=\count197
\c@Hfootnote=\count198
)
Package hyperref Info: Driver (autodetected): hpdftex.
 (C:\Users\pc\AppData\Local\Programs\MiKTeX 2.9\tex/latex/hyperref\hpdftex.def
File: hpdftex.def 2021-02-27 v7.00k Hyperref driver for pdfTeX
 (C:\Users\pc\AppData\Local\Programs\MiKTeX 2.9\tex/latex/base\atveryend-ltx.sty
Package: atveryend-ltx 2020/08/19 v1.0a Emulation of the original atvery package
with kernel methods
)
\Fld@listcount=\count199
\c@bookmark@seq@number=\count266
 (C:\Users\pc\AppData\Local\Programs\MiKTeX 2.9\tex/latex/rerunfilecheck\rerunfilecheck.sty
Package: rerunfilecheck 2019/12/05 v1.9 Rerun checks for auxiliary files (HO)
 (C:\Users\pc\AppData\Local\Programs\MiKTeX 2.9\tex/generic/uniquecounter\uniquecounter.sty
Package: uniquecounter 2019/12/15 v1.4 Provide unlimited unique counter (HO)
)
Package uniquecounter Info: New unique counter `rerunfilecheck' on input line 286.
)
\Hy@SectionHShift=\skip56
)
Package hyperref Info: Option `colorlinks' set `true' on input line 15.
LaTeX Font Info:    Trying to load font information for OT1+ptm on input line 30.
 (C:\Users\pc\AppData\Local\Programs\MiKTeX 2.9\tex/latex/psnfss\ot1ptm.fd
File: ot1ptm.fd 2001/06/04 font definitions for OT1/ptm.
) (C:\Users\pc\AppData\Local\Programs\MiKTeX 2.9\tex/latex/l3backend\l3backend-pdftex.def
File: l3backend-pdftex.def 2021-03-18 L3 backend support: PDF output (pdfTeX)
\l__color_backend_stack_int=\count267
\l__pdf_internal_box=\box51
)

LaTeX Warning: Unused global option(s):
    [conference].

(report.aux)
\openout1 = `report.aux'.

LaTeX Font Info:    Checking defaults for OML/cmm/m/it on input line 30.
LaTeX Font Info:    ... okay on input line 30.
LaTeX Font Info:    Checking defaults for OMS/cmsy/m/n on input line 30.
LaTeX Font Info:    ... okay on input line 30.
LaTeX Font Info:    Checking defaults for OT1/cmr/m/n on input line 30.
LaTeX Font Info:    ... okay on input line 30.
LaTeX Font Info:    Checking defaults for T1/cmr/m/n on input line 30.
LaTeX Font Info:    ... okay on input line 30.
LaTeX Font Info:    Checking defaults for TS1/cmr/m/n on input line 30.
LaTeX Font Info:    ... okay on input line 30.
LaTeX Font Info:    Checking defaults for OMX/cmex/m/n on input line 30.
LaTeX Font Info:    ... okay on input line 30.
LaTeX Font Info:    Checking defaults for U/cmr/m/n on input line 30.
LaTeX Font Info:    ... okay on input line 30.
LaTeX Font Info:    Checking defaults for PD1/pdf/m/n on input line 30.
LaTeX Font Info:    ... okay on input line 30.
LaTeX Font Info:    Checking defaults for PU/pdf/m/n on input line 30.
LaTeX Font Info:    ... okay on input line 30.

*geometry* driver: auto-detecting
*geometry* detected driver: pdftex
*geometry* verbose mode - [ preamble ] result:
* driver: pdftex
* paper: <default>
* layout: <same size as paper>
* layoutoffset:(h,v)=(0.0pt,0.0pt)
* modes: 
* h-part:(L,W,R)=(72.27pt, 469.75499pt, 72.27pt)
* v-part:(T,H,B)=(72.26999pt, 641.39624pt, 81.30376pt)
* \paperwidth=614.295pt
* \paperheight=794.96999pt
* \textwidth=469.75499pt
* \textheight=641.39624pt
* \oddsidemargin=0.00002pt
* \evensidemargin=0.00002pt
* \topmargin=0.0pt
* \headheight=0.0pt
* \headsep=0.0pt
* \topskip=10.0pt
* \footskip=0.0pt
* \marginparwidth=4.0pt
* \marginparsep=10.0pt
* \columnsep=27.10124pt
* \skip\footins=9.0pt plus 4.0pt minus 2.0pt
* \hoffset=0.0pt
* \voffset=0.0pt
* \mag=1000
* \@twocolumntrue
* \@twosidefalse
* \@mparswitchfalse
* \@reversemarginfalse
* (1in=72.27pt=25.4mm, 1cm=28.453pt)

\big@size=\dimen160
(C:\Users\pc\AppData\Local\Programs\MiKTeX 2.9\tex/context/base/mkii\supp-pdf.mkii
[Loading MPS to PDF converter (version 2006.09.02).]
\scratchcounter=\count268
\scratchdimen=\dimen161
\scratchbox=\box52
\nofMPsegments=\count269
\nofMParguments=\count270
\everyMPshowfont=\toks20
\MPscratchCnt=\count271
\MPscratchDim=\dimen162
\MPnumerator=\count272
\makeMPintoPDFobject=\count273
\everyMPtoPDFconversion=\toks21
) (C:\Users\pc\AppData\Local\Programs\MiKTeX 2.9\tex/latex/epstopdf-pkg\epstopdf-base.sty
Package: epstopdf-base 2020-01-24 v2.11 Base part for package epstopdf
Package epstopdf-base Info: Redefining graphics rule for `.eps' on input line 485.
 (C:\Users\pc\AppData\Local\Programs\MiKTeX 2.9\tex/latex/00miktex\epstopdf-sys.cfg
File: epstopdf-sys.cfg 2021/03/18 v2.0 Configuration of epstopdf for MiKTeX
)) (C:\Users\pc\AppData\Local\Programs\MiKTeX 2.9\tex/latex/graphics\color.sty
Package: color 2020/02/24 v1.2b Standard LaTeX Color (DPC)
 (C:\Users\pc\AppData\Local\Programs\MiKTeX 2.9\tex/latex/graphics-cfg\color.cfg
File: color.cfg 2016/01/02 v1.6 sample color configuration
)
Package color Info: Driver file: pdftex.def on input line 147.
)
Package hyperref Info: Link coloring ON on input line 30.
 (C:\Users\pc\AppData\Local\Programs\MiKTeX 2.9\tex/latex/hyperref\nameref.sty
Package: nameref 2021-04-02 v2.47 Cross-referencing by name of section
 (C:\Users\pc\AppData\Local\Programs\MiKTeX 2.9\tex/latex/refcount\refcount.sty
Package: refcount 2019/12/15 v3.6 Data extraction from label references (HO)
) (C:\Users\pc\AppData\Local\Programs\MiKTeX 2.9\tex/generic/gettitlestring\gettitlestring.sty
Package: gettitlestring 2019/12/15 v1.6 Cleanup title references (HO)
)
\c@section@level=\count274
)
LaTeX Info: Redefining \ref on input line 30.
LaTeX Info: Redefining \pageref on input line 30.
LaTeX Info: Redefining \nameref on input line 30.
 (report.out) (report.out)
\@outlinefile=\write3
\openout3 = `report.out'.

LaTeX Font Info:    Trying to load font information for OT1+ztmcm on input line 35.
 (C:\Users\pc\AppData\Local\Programs\MiKTeX 2.9\tex/latex/psnfss\ot1ztmcm.fd
File: ot1ztmcm.fd 2000/01/03 Fontinst v1.801 font definitions for OT1/ztmcm.
)
LaTeX Font Info:    Trying to load font information for OML+ztmcm on input line 35.
 (C:\Users\pc\AppData\Local\Programs\MiKTeX 2.9\tex/latex/psnfss\omlztmcm.fd
File: omlztmcm.fd 2000/01/03 Fontinst v1.801 font definitions for OML/ztmcm.
)
LaTeX Font Info:    Trying to load font information for OMS+ztmcm on input line 35.
 (C:\Users\pc\AppData\Local\Programs\MiKTeX 2.9\tex/latex/psnfss\omsztmcm.fd
File: omsztmcm.fd 2000/01/03 Fontinst v1.801 font definitions for OMS/ztmcm.
)
LaTeX Font Info:    Trying to load font information for OMX+ztmcm on input line 35.
 (C:\Users\pc\AppData\Local\Programs\MiKTeX 2.9\tex/latex/psnfss\omxztmcm.fd
File: omxztmcm.fd 2000/01/03 Fontinst v1.801 font definitions for OMX/ztmcm.
)
LaTeX Font Info:    Font shape `OT1/ptm/bx/n' in size <12> not available
(Font)              Font shape `OT1/ptm/b/n' tried instead on input line 35.
LaTeX Font Info:    Font shape `OT1/ptm/bx/n' in size <9> not available
(Font)              Font shape `OT1/ptm/b/n' tried instead on input line 35.
LaTeX Font Info:    Font shape `OT1/ptm/bx/n' in size <7> not available
(Font)              Font shape `OT1/ptm/b/n' tried instead on input line 35.


LaTeX Warning: No \author given.


LaTeX Warning: No \author given.


Underfull \hbox (badness 2318) in paragraph at lines 58--61
[]\OT1/ptm/m/n/10 The Generis-V6 ver-sion of the cus-tom made
 []

LaTeX Font Info:    Trying to load font information for TS1+ptm on input line 70.
(C:\Users\pc\AppData\Local\Programs\MiKTeX 2.9\tex/latex/psnfss\ts1ptm.fd
File: ts1ptm.fd 2001/06/04 font definitions for TS1/ptm.
)
Underfull \hbox (badness 2932) in paragraph at lines 83--84
[]\OT1/ptm/m/n/10 Wrong sam-pling fre-quency se-lec-tion, due to
 []

[1{C:/Users/pc/AppData/Local/MiKTeX/2.9/pdftex/config/pdftex.map}


]
Underfull \hbox (badness 1168) in paragraph at lines 108--110
\OT1/ptm/m/n/10 in non-auditory phases via the Generis pa-tient in-
 []

[2]
Underfull \hbox (badness 3118) in paragraph at lines 168--169
[]\OT1/ptm/m/n/10 Averaging of re-sult-ing STFT spet-ro-grams of
 []


Underfull \hbox (badness 10000) in paragraph at lines 172--173
[]\OT1/ptm/m/n/10 Extraction of frontal/frontal-parietal, pari-
 []


Underfull \hbox (badness 10000) in paragraph at lines 172--173
\OT1/ptm/m/n/10 etal/central, pari-etal/occipital and tem-po-
 []


LaTeX Warning: Reference `fig:rest1 spectrogram_rest1' on page 3 undefined on input line 178.


LaTeX Warning: Reference `fig:rest1 spetrogram_rest2' on page 3 undefined on input line 178.

[3] [4


]
<preProcessing.jpeg, id=91, 453.94594pt x 153.57375pt>
File: preProcessing.jpeg Graphic file (type jpg)
<use preProcessing.jpeg>
Package pdftex.def Info: preProcessing.jpeg  used on input line 227.
(pdftex.def)             Requested size: 453.94482pt x 153.57336pt.

Overfull \hbox (232.61795pt too wide) in paragraph at lines 227--228
[][] 
 []

LaTeX Font Info:    Trying to load font information for OT1+phv on input line 228.
(C:\Users\pc\AppData\Local\Programs\MiKTeX 2.9\tex/latex/psnfss\ot1phv.fd
File: ot1phv.fd 2020/03/25 scalable font definitions for OT1/phv.
)
Underfull \hbox (badness 3557) in paragraph at lines 228--228
[]\OT1/phv/b/n/10 Figure 1. []Newly Adopted pre-pro-cess-ing
 []

<workflowArchitecture.jpeg, id=92, 374.90062pt x 193.77394pt>
File: workflowArchitecture.jpeg Graphic file (type jpg)
<use workflowArchitecture.jpeg>
Package pdftex.def Info: workflowArchitecture.jpeg  used on input line 232.
(pdftex.def)             Requested size: 374.8997pt x 193.77345pt.

Overfull \hbox (153.57283pt too wide) in paragraph at lines 232--233
[][] 
 []

[5


 <./preProcessing.jpeg> <./workflowArchitecture.jpeg>]
<ordinary_montage.png, id=98, 156.585pt x 151.16475pt>
File: ordinary_montage.png Graphic file (type png)
<use ordinary_montage.png>
Package pdftex.def Info: ordinary_montage.png  used on input line 240.
(pdftex.def)             Requested size: 156.58461pt x 151.16437pt.
<edge_mean_montage.png, id=100, 156.585pt x 151.16475pt>
File: edge_mean_montage.png Graphic file (type png)
<use edge_mean_montage.png>
Package pdftex.def Info: edge_mean_montage.png  used on input line 245.
(pdftex.def)             Requested size: 156.58461pt x 151.16437pt.
<edge_mean_baseline_montage.png, id=101, 156.585pt x 151.16475pt>
File: edge_mean_baseline_montage.png Graphic file (type png)
<use edge_mean_baseline_montage.png>
Package pdftex.def Info: edge_mean_baseline_montage.png  used on input line 250.
(pdftex.def)             Requested size: 156.58461pt x 151.16437pt.
<simiat_temporal.png, id=102, 337.86224pt x 118.64325pt>
File: simiat_temporal.png Graphic file (type png)
<use simiat_temporal.png>
Package pdftex.def Info: simiat_temporal.png  used on input line 256.
(pdftex.def)             Requested size: 337.8614pt x 118.64294pt.

Overfull \hbox (116.53453pt too wide) in paragraph at lines 256--257
[][] 
 []

<simiat_temporal1.png, id=103, 328.22626pt x 119.84775pt>
File: simiat_temporal1.png Graphic file (type png)
<use simiat_temporal1.png>
Package pdftex.def Info: simiat_temporal1.png  used on input line 262.
(pdftex.def)             Requested size: 328.22545pt x 119.84744pt.

Overfull \hbox (106.89857pt too wide) in paragraph at lines 262--263
[][] 
 []

[6 <./ordinary_montage.png> <./edge_mean_montage.png> <./edge_mean_baseline_montage.png> <./simiat_temporal.png> <./simiat_temporal1.png>]
<../../data_analysis_results/results/Control/11.png, id=113, 867.24pt x 505.89pt>
File: ../../data_analysis_results/results/Control/11.png Graphic file (type png)
<use ../../data_analysis_results/results/Control/11.png>
Package pdftex.def Info: ../../data_analysis_results/results/Control/11.png  used on input line 270.
(pdftex.def)             Requested size: 469.75499pt x 274.02563pt.

Overfull \hbox (248.42812pt too wide) in paragraph at lines 270--271
[][] 
 []

[7



 <../../data_analysis_results/results/Control/11.png>]
<../../data_analysis_results/results/Control/12.png, id=120, 867.24pt x 505.89pt>
File: ../../data_analysis_results/results/Control/12.png Graphic file (type png)
<use ../../data_analysis_results/results/Control/12.png>
Package pdftex.def Info: ../../data_analysis_results/results/Control/12.png  used on input line 276.
(pdftex.def)             Requested size: 469.75499pt x 274.02563pt.

Overfull \hbox (248.42812pt too wide) in paragraph at lines 276--277
[][] 
 []

[8


 <../../data_analysis_results/results/Control/12.png>]
<../../data_analysis_results/results/Control/13.png, id=127, 867.24pt x 505.89pt>
File: ../../data_analysis_results/results/Control/13.png Graphic file (type png)
<use ../../data_analysis_results/results/Control/13.png>
Package pdftex.def Info: ../../data_analysis_results/results/Control/13.png  used on input line 282.
(pdftex.def)             Requested size: 469.75499pt x 274.02563pt.

Overfull \hbox (248.42812pt too wide) in paragraph at lines 282--283
[][] 
 []

[9


 <../../data_analysis_results/results/Control/13.png>]
<../../data_analysis_results/results/Control/17.png, id=134, 867.24pt x 505.89pt>
File: ../../data_analysis_results/results/Control/17.png Graphic file (type png)
<use ../../data_analysis_results/results/Control/17.png>
Package pdftex.def Info: ../../data_analysis_results/results/Control/17.png  used on input line 288.
(pdftex.def)             Requested size: 469.75499pt x 274.02563pt.

Overfull \hbox (248.42812pt too wide) in paragraph at lines 288--289
[][] 
 []

[10


 <../../data_analysis_results/results/Control/17.png>]
<../../data_analysis_results/results/Control/19.png, id=141, 867.24pt x 505.89pt>
File: ../../data_analysis_results/results/Control/19.png Graphic file (type png)
<use ../../data_analysis_results/results/Control/19.png>
Package pdftex.def Info: ../../data_analysis_results/results/Control/19.png  used on input line 294.
(pdftex.def)             Requested size: 469.75499pt x 274.02563pt.

Overfull \hbox (248.42812pt too wide) in paragraph at lines 294--295
[][] 
 []

[11


 <../../data_analysis_results/results/Control/19.png>]
<../../data_analysis_results/results/Control/24.png, id=148, 867.24pt x 505.89pt>
File: ../../data_analysis_results/results/Control/24.png Graphic file (type png)
<use ../../data_analysis_results/results/Control/24.png>
Package pdftex.def Info: ../../data_analysis_results/results/Control/24.png  used on input line 300.
(pdftex.def)             Requested size: 469.75499pt x 274.02563pt.

Overfull \hbox (248.42812pt too wide) in paragraph at lines 300--301
[][] 
 []

[12


 <../../data_analysis_results/results/Control/24.png>]
<../../data_analysis_results/results/Control/26.png, id=155, 867.24pt x 505.89pt>
File: ../../data_analysis_results/results/Control/26.png Graphic file (type png)
<use ../../data_analysis_results/results/Control/26.png>
Package pdftex.def Info: ../../data_analysis_results/results/Control/26.png  used on input line 306.
(pdftex.def)             Requested size: 469.75499pt x 274.02563pt.

Overfull \hbox (248.42812pt too wide) in paragraph at lines 306--307
[][] 
 []

[13


 <../../data_analysis_results/results/Control/26.png>]
<../../data_analysis_results/results/Control/27.png, id=163, 867.24pt x 505.89pt>
File: ../../data_analysis_results/results/Control/27.png Graphic file (type png)
<use ../../data_analysis_results/results/Control/27.png>
Package pdftex.def Info: ../../data_analysis_results/results/Control/27.png  used on input line 312.
(pdftex.def)             Requested size: 469.75499pt x 274.02563pt.

Overfull \hbox (248.42812pt too wide) in paragraph at lines 312--313
[][] 
 []

[14


 <../../data_analysis_results/results/Control/27.png>]
<../../data_analysis_results/results/Control/28.png, id=170, 867.24pt x 505.89pt>
File: ../../data_analysis_results/results/Control/28.png Graphic file (type png)
<use ../../data_analysis_results/results/Control/28.png>
Package pdftex.def Info: ../../data_analysis_results/results/Control/28.png  used on input line 318.
(pdftex.def)             Requested size: 469.75499pt x 274.02563pt.

Overfull \hbox (248.42812pt too wide) in paragraph at lines 318--319
[][] 
 []

[15


 <../../data_analysis_results/results/Control/28.png>]
<../../data_analysis_results/results/Control/29.png, id=177, 867.24pt x 505.89pt>
File: ../../data_analysis_results/results/Control/29.png Graphic file (type png)
<use ../../data_analysis_results/results/Control/29.png>
Package pdftex.def Info: ../../data_analysis_results/results/Control/29.png  used on input line 324.
(pdftex.def)             Requested size: 469.75499pt x 274.02563pt.

Overfull \hbox (248.42812pt too wide) in paragraph at lines 324--325
[][] 
 []

[16


 <../../data_analysis_results/results/Control/29.png>]
<../../data_analysis_results/results/Control/30.png, id=184, 867.24pt x 505.89pt>
File: ../../data_analysis_results/results/Control/30.png Graphic file (type png)
<use ../../data_analysis_results/results/Control/30.png>
Package pdftex.def Info: ../../data_analysis_results/results/Control/30.png  used on input line 330.
(pdftex.def)             Requested size: 469.75499pt x 274.02563pt.

Overfull \hbox (248.42812pt too wide) in paragraph at lines 330--331
[][] 
 []

[17


 <../../data_analysis_results/results/Control/30.png>]
<../../data_analysis_results/results/Control/31.png, id=191, 867.24pt x 505.89pt>
File: ../../data_analysis_results/results/Control/31.png Graphic file (type png)
<use ../../data_analysis_results/results/Control/31.png>
Package pdftex.def Info: ../../data_analysis_results/results/Control/31.png  used on input line 336.
(pdftex.def)             Requested size: 469.75499pt x 274.02563pt.

Overfull \hbox (248.42812pt too wide) in paragraph at lines 336--337
[][] 
 []

[18


 <../../data_analysis_results/results/Control/31.png>]
<../../data_analysis_results/results/Patient/2.png, id=197, 867.24pt x 505.89pt>
File: ../../data_analysis_results/results/Patient/2.png Graphic file (type png)
<use ../../data_analysis_results/results/Patient/2.png>
Package pdftex.def Info: ../../data_analysis_results/results/Patient/2.png  used on input line 343.
(pdftex.def)             Requested size: 469.75499pt x 274.02563pt.

Overfull \hbox (248.42812pt too wide) in paragraph at lines 343--344
[][] 
 []

[19


 <../../data_analysis_results/results/Patient/2.png>]
<../../data_analysis_results/results/Patient/3.png, id=205, 867.24pt x 505.89pt>
File: ../../data_analysis_results/results/Patient/3.png Graphic file (type png)
<use ../../data_analysis_results/results/Patient/3.png>
Package pdftex.def Info: ../../data_analysis_results/results/Patient/3.png  used on input line 349.
(pdftex.def)             Requested size: 469.75499pt x 274.02563pt.

Overfull \hbox (248.42812pt too wide) in paragraph at lines 349--350
[][] 
 []

[20


 <../../data_analysis_results/results/Patient/3.png>]
<../../data_analysis_results/results/Patient/7.png, id=211, 867.24pt x 505.89pt>
File: ../../data_analysis_results/results/Patient/7.png Graphic file (type png)
<use ../../data_analysis_results/results/Patient/7.png>
Package pdftex.def Info: ../../data_analysis_results/results/Patient/7.png  used on input line 355.
(pdftex.def)             Requested size: 469.75499pt x 274.02563pt.

Overfull \hbox (248.42812pt too wide) in paragraph at lines 355--356
[][] 
 []

[21


 <../../data_analysis_results/results/Patient/7.png>]
<../../data_analysis_results/results/Patient/10.png, id=218, 867.24pt x 505.89pt>
File: ../../data_analysis_results/results/Patient/10.png Graphic file (type png)
<use ../../data_analysis_results/results/Patient/10.png>
Package pdftex.def Info: ../../data_analysis_results/results/Patient/10.png  used on input line 361.
(pdftex.def)             Requested size: 469.75499pt x 274.02563pt.

Overfull \hbox (248.42812pt too wide) in paragraph at lines 361--362
[][] 
 []

[22


 <../../data_analysis_results/results/Patient/10.png>]
<../../data_analysis_results/results/Patient/14.png, id=225, 867.24pt x 505.89pt>
File: ../../data_analysis_results/results/Patient/14.png Graphic file (type png)
<use ../../data_analysis_results/results/Patient/14.png>
Package pdftex.def Info: ../../data_analysis_results/results/Patient/14.png  used on input line 367.
(pdftex.def)             Requested size: 469.75499pt x 274.02563pt.

Overfull \hbox (248.42812pt too wide) in paragraph at lines 367--368
[][] 
 []

[23


 <../../data_analysis_results/results/Patient/14.png>]
<../../data_analysis_results/results/Patient/15.png, id=232, 867.24pt x 505.89pt>
File: ../../data_analysis_results/results/Patient/15.png Graphic file (type png)
<use ../../data_analysis_results/results/Patient/15.png>
Package pdftex.def Info: ../../data_analysis_results/results/Patient/15.png  used on input line 373.
(pdftex.def)             Requested size: 469.75499pt x 274.02563pt.

Overfull \hbox (248.42812pt too wide) in paragraph at lines 373--374
[][] 
 []

[24


 <../../data_analysis_results/results/Patient/15.png>]
<../../data_analysis_results/results/Patient/18.png, id=239, 867.24pt x 505.89pt>
File: ../../data_analysis_results/results/Patient/18.png Graphic file (type png)
<use ../../data_analysis_results/results/Patient/18.png>
Package pdftex.def Info: ../../data_analysis_results/results/Patient/18.png  used on input line 379.
(pdftex.def)             Requested size: 469.75499pt x 274.02563pt.

Overfull \hbox (248.42812pt too wide) in paragraph at lines 379--380
[][] 
 []

[25


 <../../data_analysis_results/results/Patient/18.png>]
<../../data_analysis_results/results/Patient/21.png, id=247, 867.24pt x 505.89pt>
File: ../../data_analysis_results/results/Patient/21.png Graphic file (type png)
<use ../../data_analysis_results/results/Patient/21.png>
Package pdftex.def Info: ../../data_analysis_results/results/Patient/21.png  used on input line 385.
(pdftex.def)             Requested size: 469.75499pt x 274.02563pt.

Overfull \hbox (248.42812pt too wide) in paragraph at lines 385--386
[][] 
 []

[26


 <../../data_analysis_results/results/Patient/21.png>]
<../../data_analysis_results/results/Patient/22.png, id=254, 867.24pt x 505.89pt>
File: ../../data_analysis_results/results/Patient/22.png Graphic file (type png)
<use ../../data_analysis_results/results/Patient/22.png>
Package pdftex.def Info: ../../data_analysis_results/results/Patient/22.png  used on input line 391.
(pdftex.def)             Requested size: 469.75499pt x 274.02563pt.

Overfull \hbox (248.42812pt too wide) in paragraph at lines 391--392
[][] 
 []

[27


 <../../data_analysis_results/results/Patient/22.png>]
<../../data_analysis_results/results/Patient/25.png, id=261, 867.24pt x 505.89pt>
File: ../../data_analysis_results/results/Patient/25.png Graphic file (type png)
<use ../../data_analysis_results/results/Patient/25.png>
Package pdftex.def Info: ../../data_analysis_results/results/Patient/25.png  used on input line 397.
(pdftex.def)             Requested size: 469.75499pt x 274.02563pt.

Overfull \hbox (248.42812pt too wide) in paragraph at lines 397--398
[][] 
 []

[28


 <../../data_analysis_results/results/Patient/25.png>] (report.aux)

LaTeX Warning: There were undefined references.

Package rerunfilecheck Info: File `report.out' has not changed.
(rerunfilecheck)             Checksum: FF18E85980F71629931FAFA63449E8A8;994.
 ) 
Here is how much of TeX's memory you used:
 9268 strings out of 479287
 144155 string characters out of 2854516
 449325 words of memory out of 3000000
 26505 multiletter control sequences out of 15000+600000
 425503 words of font info for 63 fonts, out of 8000000 for 9000
 1141 hyphenation exceptions out of 8191
 83i,10n,88p,314b,381s stack positions out of 5000i,500n,10000p,200000b,80000s
{C:/Users/pc/AppData/Local/Programs/MiKTeX 2.9/fonts/enc/dvips/base/8r.enc}<C:/Users/pc/AppData/Local/Programs/MiKTeX 2.9/fonts/type1/urw/helvetic/uhvb8a.pfb><C:/Users/pc/AppData/Local/Programs/MiKTeX 2.9/fonts/type1/urw/times/utmb8a.pfb><C:/Users/pc/AppData/Local/Programs/MiKTeX 2.9/fonts/type1/urw/times/utmbi8a.pfb><C:/Users/pc/AppData/Local/Programs/MiKTeX 2.9/fonts/type1/urw/times/utmr8a.pfb><C:/Users/pc/AppData/Local/Programs/MiKTeX 2.9/fonts/type1/urw/times/utmri8a.pfb>
Output written on report.pdf (28 pages, 4620678 bytes).
PDF statistics:
 302 PDF objects out of 1000 (max. 8388607)
 67 named destinations out of 1000 (max. 500000)
 218 words of extra memory for PDF output out of 10000 (max. 10000000)

