This is pdfTeX, Version 3.141592653-2.6-1.40.22 (TeX Live 2022/dev/Debian) (preloaded format=pdflatex 2023.3.2)  2 MAY 2023 22:09
entering extended mode
 restricted \write18 enabled.
 file:line:error style messages enabled.
 %&-line parsing enabled.
**/media/emmanuel/DATA/Emmanuel_petron_Olateju/github/ubuntu/MMN_SZ/documents/reports/MCIP_report/monthly_report.tex
(/media/emmanuel/DATA/Emmanuel_petron_Olateju/github/ubuntu/MMN_SZ/documents/reports/MCIP_report/monthly_report.tex
LaTeX2e <2021-11-15> patch level 1
L3 programming layer <2022-01-21> (/usr/share/texlive/texmf-dist/tex/latex/base/article.cls
Document Class: article 2021/10/04 v1.4n Standard LaTeX document class
(/usr/share/texlive/texmf-dist/tex/latex/base/size10.clo
File: size10.clo 2021/10/04 v1.4n Standard LaTeX file (size option)
)
\c@part=\count185
\c@section=\count186
\c@subsection=\count187
\c@subsubsection=\count188
\c@paragraph=\count189
\c@subparagraph=\count190
\c@figure=\count191
\c@table=\count192
\abovecaptionskip=\skip47
\belowcaptionskip=\skip48
\bibindent=\dimen138
) (/usr/share/texlive/texmf-dist/tex/latex/geometry/geometry.sty
Package: geometry 2020/01/02 v5.9 Page Geometry
 (/usr/share/texlive/texmf-dist/tex/latex/graphics/keyval.sty
Package: keyval 2014/10/28 v1.15 key=value parser (DPC)
\KV@toks@=\toks16
) (/usr/share/texlive/texmf-dist/tex/generic/iftex/ifvtex.sty
Package: ifvtex 2019/10/25 v1.7 ifvtex legacy package. Use iftex instead.
 (/usr/share/texlive/texmf-dist/tex/generic/iftex/iftex.sty
Package: iftex 2020/03/06 v1.0d TeX engine tests
))
\Gm@cnth=\count193
\Gm@cntv=\count194
\c@Gm@tempcnt=\count195
\Gm@bindingoffset=\dimen139
\Gm@wd@mp=\dimen140
\Gm@odd@mp=\dimen141
\Gm@even@mp=\dimen142
\Gm@layoutwidth=\dimen143
\Gm@layoutheight=\dimen144
\Gm@layouthoffset=\dimen145
\Gm@layoutvoffset=\dimen146
\Gm@dimlist=\toks17
) (/usr/share/texlive/texmf-dist/tex/latex/textgreek/textgreek.sty
Package: textgreek 2011/10/09 v0.7 Greek symbols in text
Package textgreek Info: Loading the definitions for the Greek fontencoding. on input line 39.
 (/usr/share/texlive/texmf-dist/tex/latex/greek-fontenc/lgrenc.def
File: lgrenc.def 2020/10/13 2.0 LGR Greek font encoding definitions
Now handling font encoding LGR ...
... processing UTF-8 mapping file for font encoding LGR
 (/usr/share/texlive/texmf-dist/tex/latex/greek-inputenc/lgrenc.dfu
File: lgrenc.dfu 2019/07/11 1.7 UTF-8 support for Greek
   defining Unicode char U+00A8 (decimal 168)
   defining Unicode char U+00AB (decimal 171)
   defining Unicode char U+00AF (decimal 175)
   defining Unicode char U+00B4 (decimal 180)
   defining Unicode char U+00B7 (decimal 183)
   defining Unicode char U+00BB (decimal 187)
   defining Unicode char U+0259 (decimal 601)
   defining Unicode char U+02D8 (decimal 728)
   defining Unicode char U+0374 (decimal 884)
   defining Unicode char U+0375 (decimal 885)
   defining Unicode char U+037A (decimal 890)
   defining Unicode char U+037E (decimal 894)
   defining Unicode char U+0384 (decimal 900)
   defining Unicode char U+0385 (decimal 901)
   defining Unicode char U+0386 (decimal 902)
   defining Unicode char U+0387 (decimal 903)
   defining Unicode char U+0388 (decimal 904)
   defining Unicode char U+0389 (decimal 905)
   defining Unicode char U+038A (decimal 906)
   defining Unicode char U+038C (decimal 908)
   defining Unicode char U+038E (decimal 910)
   defining Unicode char U+038F (decimal 911)
   defining Unicode char U+0390 (decimal 912)
   defining Unicode char U+0391 (decimal 913)
   defining Unicode char U+0392 (decimal 914)
   defining Unicode char U+0393 (decimal 915)
   defining Unicode char U+0394 (decimal 916)
   defining Unicode char U+0395 (decimal 917)
   defining Unicode char U+0396 (decimal 918)
   defining Unicode char U+0397 (decimal 919)
   defining Unicode char U+0398 (decimal 920)
   defining Unicode char U+0399 (decimal 921)
   defining Unicode char U+039A (decimal 922)
   defining Unicode char U+039B (decimal 923)
   defining Unicode char U+039C (decimal 924)
   defining Unicode char U+039D (decimal 925)
   defining Unicode char U+039E (decimal 926)
   defining Unicode char U+039F (decimal 927)
   defining Unicode char U+03A0 (decimal 928)
   defining Unicode char U+03A1 (decimal 929)
   defining Unicode char U+03A3 (decimal 931)
   defining Unicode char U+03A4 (decimal 932)
   defining Unicode char U+03A5 (decimal 933)
   defining Unicode char U+03A6 (decimal 934)
   defining Unicode char U+03A7 (decimal 935)
   defining Unicode char U+03A8 (decimal 936)
   defining Unicode char U+03A9 (decimal 937)
   defining Unicode char U+03AA (decimal 938)
   defining Unicode char U+03AB (decimal 939)
   defining Unicode char U+03AC (decimal 940)
   defining Unicode char U+03AD (decimal 941)
   defining Unicode char U+03AE (decimal 942)
   defining Unicode char U+03AF (decimal 943)
   defining Unicode char U+03B0 (decimal 944)
   defining Unicode char U+03B1 (decimal 945)
   defining Unicode char U+03B2 (decimal 946)
   defining Unicode char U+03B3 (decimal 947)
   defining Unicode char U+03B4 (decimal 948)
   defining Unicode char U+03B5 (decimal 949)
   defining Unicode char U+03B6 (decimal 950)
   defining Unicode char U+03B7 (decimal 951)
   defining Unicode char U+03B8 (decimal 952)
   defining Unicode char U+03B9 (decimal 953)
   defining Unicode char U+03BA (decimal 954)
   defining Unicode char U+03BB (decimal 955)
   defining Unicode char U+03BC (decimal 956)
   defining Unicode char U+03BD (decimal 957)
   defining Unicode char U+03BE (decimal 958)
   defining Unicode char U+03BF (decimal 959)
   defining Unicode char U+03C0 (decimal 960)
   defining Unicode char U+03C1 (decimal 961)
   defining Unicode char U+03C2 (decimal 962)
   defining Unicode char U+03C3 (decimal 963)
   defining Unicode char U+03C4 (decimal 964)
   defining Unicode char U+03C5 (decimal 965)
   defining Unicode char U+03C6 (decimal 966)
   defining Unicode char U+03C7 (decimal 967)
   defining Unicode char U+03C8 (decimal 968)
   defining Unicode char U+03C9 (decimal 969)
   defining Unicode char U+03CA (decimal 970)
   defining Unicode char U+03CB (decimal 971)
   defining Unicode char U+03CC (decimal 972)
   defining Unicode char U+03CD (decimal 973)
   defining Unicode char U+03CE (decimal 974)
   defining Unicode char U+03D0 (decimal 976)
   defining Unicode char U+03D1 (decimal 977)
   defining Unicode char U+03D5 (decimal 981)
   defining Unicode char U+03D6 (decimal 982)
   defining Unicode char U+03D8 (decimal 984)
   defining Unicode char U+03D9 (decimal 985)
   defining Unicode char U+03DA (decimal 986)
   defining Unicode char U+03DB (decimal 987)
   defining Unicode char U+03DC (decimal 988)
   defining Unicode char U+03DD (decimal 989)
   defining Unicode char U+03DF (decimal 991)
   defining Unicode char U+03E0 (decimal 992)
   defining Unicode char U+03E1 (decimal 993)
   defining Unicode char U+03F0 (decimal 1008)
   defining Unicode char U+03F1 (decimal 1009)
   defining Unicode char U+03F4 (decimal 1012)
   defining Unicode char U+03F5 (decimal 1013)
   defining Unicode char U+1F00 (decimal 7936)
   defining Unicode char U+1F01 (decimal 7937)
   defining Unicode char U+1F02 (decimal 7938)
   defining Unicode char U+1F03 (decimal 7939)
   defining Unicode char U+1F04 (decimal 7940)
   defining Unicode char U+1F05 (decimal 7941)
   defining Unicode char U+1F06 (decimal 7942)
   defining Unicode char U+1F07 (decimal 7943)
   defining Unicode char U+1F08 (decimal 7944)
   defining Unicode char U+1F09 (decimal 7945)
   defining Unicode char U+1F0A (decimal 7946)
   defining Unicode char U+1F0B (decimal 7947)
   defining Unicode char U+1F0C (decimal 7948)
   defining Unicode char U+1F0D (decimal 7949)
   defining Unicode char U+1F0E (decimal 7950)
   defining Unicode char U+1F0F (decimal 7951)
   defining Unicode char U+1F10 (decimal 7952)
   defining Unicode char U+1F11 (decimal 7953)
   defining Unicode char U+1F12 (decimal 7954)
   defining Unicode char U+1F13 (decimal 7955)
   defining Unicode char U+1F14 (decimal 7956)
   defining Unicode char U+1F15 (decimal 7957)
   defining Unicode char U+1F18 (decimal 7960)
   defining Unicode char U+1F19 (decimal 7961)
   defining Unicode char U+1F1A (decimal 7962)
   defining Unicode char U+1F1B (decimal 7963)
   defining Unicode char U+1F1C (decimal 7964)
   defining Unicode char U+1F1D (decimal 7965)
   defining Unicode char U+1F20 (decimal 7968)
   defining Unicode char U+1F21 (decimal 7969)
   defining Unicode char U+1F22 (decimal 7970)
   defining Unicode char U+1F23 (decimal 7971)
   defining Unicode char U+1F24 (decimal 7972)
   defining Unicode char U+1F25 (decimal 7973)
   defining Unicode char U+1F26 (decimal 7974)
   defining Unicode char U+1F27 (decimal 7975)
   defining Unicode char U+1F28 (decimal 7976)
   defining Unicode char U+1F29 (decimal 7977)
   defining Unicode char U+1F2A (decimal 7978)
   defining Unicode char U+1F2B (decimal 7979)
   defining Unicode char U+1F2C (decimal 7980)
   defining Unicode char U+1F2D (decimal 7981)
   defining Unicode char U+1F2E (decimal 7982)
   defining Unicode char U+1F2F (decimal 7983)
   defining Unicode char U+1F30 (decimal 7984)
   defining Unicode char U+1F31 (decimal 7985)
   defining Unicode char U+1F32 (decimal 7986)
   defining Unicode char U+1F33 (decimal 7987)
   defining Unicode char U+1F34 (decimal 7988)
   defining Unicode char U+1F35 (decimal 7989)
   defining Unicode char U+1F36 (decimal 7990)
   defining Unicode char U+1F37 (decimal 7991)
   defining Unicode char U+1F38 (decimal 7992)
   defining Unicode char U+1F39 (decimal 7993)
   defining Unicode char U+1F3A (decimal 7994)
   defining Unicode char U+1F3B (decimal 7995)
   defining Unicode char U+1F3C (decimal 7996)
   defining Unicode char U+1F3D (decimal 7997)
   defining Unicode char U+1F3E (decimal 7998)
   defining Unicode char U+1F3F (decimal 7999)
   defining Unicode char U+1F40 (decimal 8000)
   defining Unicode char U+1F41 (decimal 8001)
   defining Unicode char U+1F42 (decimal 8002)
   defining Unicode char U+1F43 (decimal 8003)
   defining Unicode char U+1F44 (decimal 8004)
   defining Unicode char U+1F45 (decimal 8005)
   defining Unicode char U+1F48 (decimal 8008)
   defining Unicode char U+1F49 (decimal 8009)
   defining Unicode char U+1F4A (decimal 8010)
   defining Unicode char U+1F4B (decimal 8011)
   defining Unicode char U+1F4C (decimal 8012)
   defining Unicode char U+1F4D (decimal 8013)
   defining Unicode char U+1F50 (decimal 8016)
   defining Unicode char U+1F51 (decimal 8017)
   defining Unicode char U+1F52 (decimal 8018)
   defining Unicode char U+1F53 (decimal 8019)
   defining Unicode char U+1F54 (decimal 8020)
   defining Unicode char U+1F55 (decimal 8021)
   defining Unicode char U+1F56 (decimal 8022)
   defining Unicode char U+1F57 (decimal 8023)
   defining Unicode char U+1F59 (decimal 8025)
   defining Unicode char U+1F5B (decimal 8027)
   defining Unicode char U+1F5D (decimal 8029)
   defining Unicode char U+1F5F (decimal 8031)
   defining Unicode char U+1F60 (decimal 8032)
   defining Unicode char U+1F61 (decimal 8033)
   defining Unicode char U+1F62 (decimal 8034)
   defining Unicode char U+1F63 (decimal 8035)
   defining Unicode char U+1F64 (decimal 8036)
   defining Unicode char U+1F65 (decimal 8037)
   defining Unicode char U+1F66 (decimal 8038)
   defining Unicode char U+1F67 (decimal 8039)
   defining Unicode char U+1F68 (decimal 8040)
   defining Unicode char U+1F69 (decimal 8041)
   defining Unicode char U+1F6A (decimal 8042)
   defining Unicode char U+1F6B (decimal 8043)
   defining Unicode char U+1F6C (decimal 8044)
   defining Unicode char U+1F6D (decimal 8045)
   defining Unicode char U+1F6E (decimal 8046)
   defining Unicode char U+1F6F (decimal 8047)
   defining Unicode char U+1F70 (decimal 8048)
   defining Unicode char U+1F71 (decimal 8049)
   defining Unicode char U+1F72 (decimal 8050)
   defining Unicode char U+1F73 (decimal 8051)
   defining Unicode char U+1F74 (decimal 8052)
   defining Unicode char U+1F75 (decimal 8053)
   defining Unicode char U+1F76 (decimal 8054)
   defining Unicode char U+1F77 (decimal 8055)
   defining Unicode char U+1F78 (decimal 8056)
   defining Unicode char U+1F79 (decimal 8057)
   defining Unicode char U+1F7A (decimal 8058)
   defining Unicode char U+1F7B (decimal 8059)
   defining Unicode char U+1F7C (decimal 8060)
   defining Unicode char U+1F7D (decimal 8061)
   defining Unicode char U+1F80 (decimal 8064)
   defining Unicode char U+1F81 (decimal 8065)
   defining Unicode char U+1F82 (decimal 8066)
   defining Unicode char U+1F83 (decimal 8067)
   defining Unicode char U+1F84 (decimal 8068)
   defining Unicode char U+1F85 (decimal 8069)
   defining Unicode char U+1F86 (decimal 8070)
   defining Unicode char U+1F87 (decimal 8071)
   defining Unicode char U+1F88 (decimal 8072)
   defining Unicode char U+1F89 (decimal 8073)
   defining Unicode char U+1F8A (decimal 8074)
   defining Unicode char U+1F8B (decimal 8075)
   defining Unicode char U+1F8C (decimal 8076)
   defining Unicode char U+1F8D (decimal 8077)
   defining Unicode char U+1F8E (decimal 8078)
   defining Unicode char U+1F8F (decimal 8079)
   defining Unicode char U+1F90 (decimal 8080)
   defining Unicode char U+1F91 (decimal 8081)
   defining Unicode char U+1F92 (decimal 8082)
   defining Unicode char U+1F93 (decimal 8083)
   defining Unicode char U+1F94 (decimal 8084)
   defining Unicode char U+1F95 (decimal 8085)
   defining Unicode char U+1F96 (decimal 8086)
   defining Unicode char U+1F97 (decimal 8087)
   defining Unicode char U+1F98 (decimal 8088)
   defining Unicode char U+1F99 (decimal 8089)
   defining Unicode char U+1F9A (decimal 8090)
   defining Unicode char U+1F9B (decimal 8091)
   defining Unicode char U+1F9C (decimal 8092)
   defining Unicode char U+1F9D (decimal 8093)
   defining Unicode char U+1F9E (decimal 8094)
   defining Unicode char U+1F9F (decimal 8095)
   defining Unicode char U+1FA0 (decimal 8096)
   defining Unicode char U+1FA1 (decimal 8097)
   defining Unicode char U+1FA2 (decimal 8098)
   defining Unicode char U+1FA3 (decimal 8099)
   defining Unicode char U+1FA4 (decimal 8100)
   defining Unicode char U+1FA5 (decimal 8101)
   defining Unicode char U+1FA6 (decimal 8102)
   defining Unicode char U+1FA7 (decimal 8103)
   defining Unicode char U+1FA8 (decimal 8104)
   defining Unicode char U+1FA9 (decimal 8105)
   defining Unicode char U+1FAA (decimal 8106)
   defining Unicode char U+1FAB (decimal 8107)
   defining Unicode char U+1FAC (decimal 8108)
   defining Unicode char U+1FAD (decimal 8109)
   defining Unicode char U+1FAE (decimal 8110)
   defining Unicode char U+1FAF (decimal 8111)
   defining Unicode char U+1FB0 (decimal 8112)
   defining Unicode char U+1FB1 (decimal 8113)
   defining Unicode char U+1FB2 (decimal 8114)
   defining Unicode char U+1FB3 (decimal 8115)
   defining Unicode char U+1FB4 (decimal 8116)
   defining Unicode char U+1FB6 (decimal 8118)
   defining Unicode char U+1FB7 (decimal 8119)
   defining Unicode char U+1FB8 (decimal 8120)
   defining Unicode char U+1FB9 (decimal 8121)
   defining Unicode char U+1FBA (decimal 8122)
   defining Unicode char U+1FBB (decimal 8123)
   defining Unicode char U+1FBC (decimal 8124)
   defining Unicode char U+1FBD (decimal 8125)
   defining Unicode char U+1FBE (decimal 8126)
   defining Unicode char U+1FBF (decimal 8127)
   defining Unicode char U+1FC0 (decimal 8128)
   defining Unicode char U+1FC1 (decimal 8129)
   defining Unicode char U+1FC2 (decimal 8130)
   defining Unicode char U+1FC3 (decimal 8131)
   defining Unicode char U+1FC4 (decimal 8132)
   defining Unicode char U+1FC6 (decimal 8134)
   defining Unicode char U+1FC7 (decimal 8135)
   defining Unicode char U+1FC8 (decimal 8136)
   defining Unicode char U+1FC9 (decimal 8137)
   defining Unicode char U+1FCA (decimal 8138)
   defining Unicode char U+1FCB (decimal 8139)
   defining Unicode char U+1FCC (decimal 8140)
   defining Unicode char U+1FCD (decimal 8141)
   defining Unicode char U+1FCE (decimal 8142)
   defining Unicode char U+1FCF (decimal 8143)
   defining Unicode char U+1FD0 (decimal 8144)
   defining Unicode char U+1FD1 (decimal 8145)
   defining Unicode char U+1FD2 (decimal 8146)
   defining Unicode char U+1FD3 (decimal 8147)
   defining Unicode char U+1FD6 (decimal 8150)
   defining Unicode char U+1FD7 (decimal 8151)
   defining Unicode char U+1FD8 (decimal 8152)
   defining Unicode char U+1FD9 (decimal 8153)
   defining Unicode char U+1FDA (decimal 8154)
   defining Unicode char U+1FDB (decimal 8155)
   defining Unicode char U+1FDD (decimal 8157)
   defining Unicode char U+1FDE (decimal 8158)
   defining Unicode char U+1FDF (decimal 8159)
   defining Unicode char U+1FE0 (decimal 8160)
   defining Unicode char U+1FE1 (decimal 8161)
   defining Unicode char U+1FE2 (decimal 8162)
   defining Unicode char U+1FE3 (decimal 8163)
   defining Unicode char U+1FE4 (decimal 8164)
   defining Unicode char U+1FE5 (decimal 8165)
   defining Unicode char U+1FE6 (decimal 8166)
   defining Unicode char U+1FE7 (decimal 8167)
   defining Unicode char U+1FE8 (decimal 8168)
   defining Unicode char U+1FE9 (decimal 8169)
   defining Unicode char U+1FEA (decimal 8170)
   defining Unicode char U+1FEB (decimal 8171)
   defining Unicode char U+1FEC (decimal 8172)
   defining Unicode char U+1FED (decimal 8173)
   defining Unicode char U+1FEE (decimal 8174)
   defining Unicode char U+1FEF (decimal 8175)
   defining Unicode char U+1FF2 (decimal 8178)
   defining Unicode char U+1FF3 (decimal 8179)
   defining Unicode char U+1FF4 (decimal 8180)
   defining Unicode char U+1FF6 (decimal 8182)
   defining Unicode char U+1FF7 (decimal 8183)
   defining Unicode char U+1FF8 (decimal 8184)
   defining Unicode char U+1FF9 (decimal 8185)
   defining Unicode char U+1FFA (decimal 8186)
   defining Unicode char U+1FFB (decimal 8187)
   defining Unicode char U+1FFC (decimal 8188)
   defining Unicode char U+1FFD (decimal 8189)
   defining Unicode char U+1FFE (decimal 8190)
   defining Unicode char U+2013 (decimal 8211)
   defining Unicode char U+2014 (decimal 8212)
   defining Unicode char U+2018 (decimal 8216)
   defining Unicode char U+2019 (decimal 8217)
   defining Unicode char U+201A (decimal 8218)
   defining Unicode char U+2030 (decimal 8240)
   defining Unicode char U+2039 (decimal 8249)
   defining Unicode char U+203A (decimal 8250)
   defining Unicode char U+20AC (decimal 8364)
   defining Unicode char U+2126 (decimal 8486)
   defining Unicode char U+10144 (decimal 65860)
   defining Unicode char U+10145 (decimal 65861)
   defining Unicode char U+10146 (decimal 65862)
   defining Unicode char U+10147 (decimal 65863)
) (/usr/share/texlive/texmf-dist/tex/latex/greek-fontenc/greek-fontenc.def
File: greek-fontenc.def 2020/10/30 2.0 Common Greek font encoding definitions
))
Package textgreek Info: Loaded fontmap: {eur/*/*}{U/eur/*/*} {phv/*/*}{U/psy/*/*}. on input line 69.
) (/usr/share/texlive/texmf-dist/tex/latex/siunitx/siunitx.sty
Package: siunitx 2022-02-02 v3.0.46 A comprehensive (SI) units package
\l__siunitx_angle_tmp_dim=\dimen147
\l__siunitx_angle_marker_box=\box50
\l__siunitx_angle_unit_box=\box51
\l__siunitx_compound_count_int=\count196
 (/usr/share/texlive/texmf-dist/tex/latex/translations/translations.sty
Package: translations 2022/01/04 v1.11 internationalization of LaTeX2e packages (CN)
 (/usr/share/texlive/texmf-dist/tex/latex/etoolbox/etoolbox.sty
Package: etoolbox 2020/10/05 v2.5k e-TeX tools for LaTeX (JAW)
\etb@tempcnta=\count197
) (/usr/share/texlive/texmf-dist/tex/generic/pdftexcmds/pdftexcmds.sty
Package: pdftexcmds 2020-06-27 v0.33 Utility functions of pdfTeX for LuaTeX (HO)
 (/usr/share/texlive/texmf-dist/tex/generic/infwarerr/infwarerr.sty
Package: infwarerr 2019/12/03 v1.5 Providing info/warning/error messages (HO)
) (/usr/share/texlive/texmf-dist/tex/generic/ltxcmds/ltxcmds.sty
Package: ltxcmds 2020-05-10 v1.25 LaTeX kernel commands for general use (HO)
)
Package pdftexcmds Info: \pdf@primitive is available.
Package pdftexcmds Info: \pdf@ifprimitive is available.
Package pdftexcmds Info: \pdfdraftmode found.
))
\l__siunitx_number_exponent_fixed_int=\count198
\l__siunitx_number_min_decimal_int=\count199
\l__siunitx_number_min_integer_int=\count266
\l__siunitx_number_round_precision_int=\count267
\l__siunitx_number_group_minimum_int=\count268
 (/usr/share/texlive/texmf-dist/tex/latex/amsmath/amstext.sty
Package: amstext 2021/08/26 v2.01 AMS text
 (/usr/share/texlive/texmf-dist/tex/latex/amsmath/amsgen.sty
File: amsgen.sty 1999/11/30 v2.0 generic functions
\@emptytoks=\toks18
\ex@=\dimen148
))
\l__siunitx_table_tmp_box=\box52
\l__siunitx_table_tmp_dim=\dimen149
\l__siunitx_table_column_width_dim=\dimen150
\l__siunitx_table_integer_box=\box53
\l__siunitx_table_decimal_box=\box54
\l__siunitx_table_before_box=\box55
\l__siunitx_table_after_box=\box56
\l__siunitx_table_before_dim=\dimen151
\l__siunitx_table_carry_dim=\dimen152
\l__siunitx_unit_tmp_int=\count269
\l__siunitx_unit_position_int=\count270
\l__siunitx_unit_total_int=\count271
 (/usr/share/texlive/texmf-dist/tex/latex/l3packages/l3keys2e/l3keys2e.sty (/usr/share/texlive/texmf-dist/tex/latex/l3kernel/expl3.sty
Package: expl3 2022-01-21 L3 programming layer (loader) 
 (/usr/share/texlive/texmf-dist/tex/latex/l3backend/l3backend-pdftex.def
File: l3backend-pdftex.def 2022-01-12 L3 backend support: PDF output (pdfTeX)
\l__color_backend_stack_int=\count272
\l__pdf_internal_box=\box57
))
Package: l3keys2e 2022-01-12 LaTeX2e option processing using LaTeX3 keys
) (/usr/share/texlive/texmf-dist/tex/latex/tools/array.sty
Package: array 2021/10/04 v2.5f Tabular extension package (FMi)
\col@sep=\dimen153
\ar@mcellbox=\box58
\extrarowheight=\dimen154
\NC@list=\toks19
\extratabsurround=\skip49
\backup@length=\skip50
\ar@cellbox=\box59
)) (/usr/share/texlive/texmf-dist/tex/latex/graphics/rotating.sty
Package: rotating 2016/08/11 v2.16d rotated objects in LaTeX
 (/usr/share/texlive/texmf-dist/tex/latex/graphics/graphicx.sty
Package: graphicx 2021/09/16 v1.2d Enhanced LaTeX Graphics (DPC,SPQR)
 (/usr/share/texlive/texmf-dist/tex/latex/graphics/graphics.sty
Package: graphics 2021/03/04 v1.4d Standard LaTeX Graphics (DPC,SPQR)
 (/usr/share/texlive/texmf-dist/tex/latex/graphics/trig.sty
Package: trig 2021/08/11 v1.11 sin cos tan (DPC)
) (/usr/share/texlive/texmf-dist/tex/latex/graphics-cfg/graphics.cfg
File: graphics.cfg 2016/06/04 v1.11 sample graphics configuration
)
Package graphics Info: Driver file: pdftex.def on input line 107.
 (/usr/share/texlive/texmf-dist/tex/latex/graphics-def/pdftex.def
File: pdftex.def 2020/10/05 v1.2a Graphics/color driver for pdftex
))
\Gin@req@height=\dimen155
\Gin@req@width=\dimen156
) (/usr/share/texlive/texmf-dist/tex/latex/base/ifthen.sty
Package: ifthen 2020/11/24 v1.1c Standard LaTeX ifthen package (DPC)
)
\c@r@tfl@t=\count273
\rotFPtop=\skip51
\rotFPbot=\skip52
\rot@float@box=\box60
\rot@mess@toks=\toks20
) (/usr/share/texlive/texmf-dist/tex/latex/hyperref/hyperref.sty
Package: hyperref 2021-06-07 v7.00m Hypertext links for LaTeX
 (/usr/share/texlive/texmf-dist/tex/generic/kvsetkeys/kvsetkeys.sty
Package: kvsetkeys 2019/12/15 v1.18 Key value parser (HO)
) (/usr/share/texlive/texmf-dist/tex/generic/kvdefinekeys/kvdefinekeys.sty
Package: kvdefinekeys 2019-12-19 v1.6 Define keys (HO)
) (/usr/share/texlive/texmf-dist/tex/generic/pdfescape/pdfescape.sty
Package: pdfescape 2019/12/09 v1.15 Implements pdfTeX's escape features (HO)
) (/usr/share/texlive/texmf-dist/tex/latex/hycolor/hycolor.sty
Package: hycolor 2020-01-27 v1.10 Color options for hyperref/bookmark (HO)
) (/usr/share/texlive/texmf-dist/tex/latex/letltxmacro/letltxmacro.sty
Package: letltxmacro 2019/12/03 v1.6 Let assignment for LaTeX macros (HO)
) (/usr/share/texlive/texmf-dist/tex/latex/auxhook/auxhook.sty
Package: auxhook 2019-12-17 v1.6 Hooks for auxiliary files (HO)
) (/usr/share/texlive/texmf-dist/tex/latex/kvoptions/kvoptions.sty
Package: kvoptions 2020-10-07 v3.14 Key value format for package options (HO)
)
\@linkdim=\dimen157
\Hy@linkcounter=\count274
\Hy@pagecounter=\count275
 (/usr/share/texlive/texmf-dist/tex/latex/hyperref/pd1enc.def
File: pd1enc.def 2021-06-07 v7.00m Hyperref: PDFDocEncoding definition (HO)
Now handling font encoding PD1 ...
... no UTF-8 mapping file for font encoding PD1
) (/usr/share/texlive/texmf-dist/tex/latex/hyperref/hyperref-langpatches.def
File: hyperref-langpatches.def 2021-06-07 v7.00m Hyperref: patches for babel languages
) (/usr/share/texlive/texmf-dist/tex/generic/intcalc/intcalc.sty
Package: intcalc 2019/12/15 v1.3 Expandable calculations with integers (HO)
) (/usr/share/texlive/texmf-dist/tex/generic/etexcmds/etexcmds.sty
Package: etexcmds 2019/12/15 v1.7 Avoid name clashes with e-TeX commands (HO)
)
\Hy@SavedSpaceFactor=\count276
 (/usr/share/texlive/texmf-dist/tex/latex/hyperref/puenc.def
File: puenc.def 2021-06-07 v7.00m Hyperref: PDF Unicode definition (HO)
Now handling font encoding PU ...
... no UTF-8 mapping file for font encoding PU
 (/usr/share/texlive/texmf-dist/tex/latex/hyperref/puenc-greekbasic.def
File: puenc-greekbasic.def 2021-06-07 v7.00m Hyperref: PDF Unicode definition (greek block) (HO)
))
Package hyperref Info: Hyper figures OFF on input line 4192.
Package hyperref Info: Link nesting OFF on input line 4197.
Package hyperref Info: Hyper index ON on input line 4200.
Package hyperref Info: Plain pages OFF on input line 4207.
Package hyperref Info: Backreferencing OFF on input line 4212.
Package hyperref Info: Implicit mode ON; LaTeX internals redefined.
Package hyperref Info: Bookmarks ON on input line 4445.
\c@Hy@tempcnt=\count277
 (/usr/share/texlive/texmf-dist/tex/latex/url/url.sty
\Urlmuskip=\muskip16
Package: url 2013/09/16  ver 3.4  Verb mode for urls, etc.
)
LaTeX Info: Redefining \url on input line 4804.
\XeTeXLinkMargin=\dimen158
 (/usr/share/texlive/texmf-dist/tex/generic/bitset/bitset.sty
Package: bitset 2019/12/09 v1.3 Handle bit-vector datatype (HO)
 (/usr/share/texlive/texmf-dist/tex/generic/bigintcalc/bigintcalc.sty
Package: bigintcalc 2019/12/15 v1.5 Expandable calculations on big integers (HO)
))
\Fld@menulength=\count278
\Field@Width=\dimen159
\Fld@charsize=\dimen160
Package hyperref Info: Hyper figures OFF on input line 6076.
Package hyperref Info: Link nesting OFF on input line 6081.
Package hyperref Info: Hyper index ON on input line 6084.
Package hyperref Info: backreferencing OFF on input line 6091.
Package hyperref Info: Link coloring OFF on input line 6096.
Package hyperref Info: Link coloring with OCG OFF on input line 6101.
Package hyperref Info: PDF/A mode OFF on input line 6106.
LaTeX Info: Redefining \ref on input line 6146.
LaTeX Info: Redefining \pageref on input line 6150.
 (/usr/share/texlive/texmf-dist/tex/latex/base/atbegshi-ltx.sty
Package: atbegshi-ltx 2021/01/10 v1.0c Emulation of the original atbegshi
package with kernel methods
)
\Hy@abspage=\count279
\c@Item=\count280
\c@Hfootnote=\count281
)
Package hyperref Info: Driver (autodetected): hpdftex.
 (/usr/share/texlive/texmf-dist/tex/latex/hyperref/hpdftex.def
File: hpdftex.def 2021-06-07 v7.00m Hyperref driver for pdfTeX
 (/usr/share/texlive/texmf-dist/tex/latex/base/atveryend-ltx.sty
Package: atveryend-ltx 2020/08/19 v1.0a Emulation of the original atveryend package
with kernel methods
)
\Fld@listcount=\count282
\c@bookmark@seq@number=\count283
 (/usr/share/texlive/texmf-dist/tex/latex/rerunfilecheck/rerunfilecheck.sty
Package: rerunfilecheck 2019/12/05 v1.9 Rerun checks for auxiliary files (HO)
 (/usr/share/texlive/texmf-dist/tex/generic/uniquecounter/uniquecounter.sty
Package: uniquecounter 2019/12/15 v1.4 Provide unlimited unique counter (HO)
)
Package uniquecounter Info: New unique counter `rerunfilecheck' on input line 286.
)
\Hy@SectionHShift=\skip53
) (/usr/share/texlive/texmf-dist/tex/latex/pdflscape/pdflscape.sty
Package: pdflscape 2019/12/05 v0.12 Display of landscape pages in PDF (HO)
 (/usr/share/texlive/texmf-dist/tex/latex/graphics/lscape.sty
Package: lscape 2020/05/28 v3.02 Landscape Pages (DPC)
)
Package pdflscape Info: Auto-detected driver: pdftex on input line 81.
) (/usr/share/texlive/texmf-dist/tex/latex/float/float.sty
Package: float 2001/11/08 v1.3d Float enhancements (AL)
\c@float@type=\count284
\float@exts=\toks21
\float@box=\box61
\@float@everytoks=\toks22
\@floatcapt=\box62
) (/usr/share/texlive/texmf-dist/tex/latex/subfig/subfig.sty
Package: subfig 2005/06/28 ver: 1.3 subfig package
 (/usr/share/texlive/texmf-dist/tex/latex/caption/caption.sty
Package: caption 2020/10/26 v3.5g Customizing captions (AR)
 (/usr/share/texlive/texmf-dist/tex/latex/caption/caption3.sty
Package: caption3 2020/10/21 v2.2e caption3 kernel (AR)
\captionmargin=\dimen161
\captionmargin@=\dimen162
\captionwidth=\dimen163
\caption@tempdima=\dimen164
\caption@indent=\dimen165
\caption@parindent=\dimen166
\caption@hangindent=\dimen167
Package caption Info: Standard document class detected.
)
\c@caption@flags=\count285
\c@continuedfloat=\count286
Package caption Info: float package is loaded.
Package caption Info: hyperref package is loaded.
Package caption Info: rotating package is loaded.
)
\c@KVtest=\count287
\sf@farskip=\skip54
\sf@captopadj=\dimen168
\sf@capskip=\skip55
\sf@nearskip=\skip56
\c@subfigure=\count288
\c@subfigure@save=\count289
\c@lofdepth=\count290
\c@subtable=\count291
\c@subtable@save=\count292
\c@lotdepth=\count293
\sf@top=\skip57
\sf@bottom=\skip58
) (/usr/share/texlive/texmf-dist/tex/latex/listings/listings.sty
\lst@mode=\count294
\lst@gtempboxa=\box63
\lst@token=\toks23
\lst@length=\count295
\lst@currlwidth=\dimen169
\lst@column=\count296
\lst@pos=\count297
\lst@lostspace=\dimen170
\lst@width=\dimen171
\lst@newlines=\count298
\lst@lineno=\count299
\lst@maxwidth=\dimen172
 (/usr/share/texlive/texmf-dist/tex/latex/listings/lstmisc.sty
File: lstmisc.sty 2020/03/24 1.8d (Carsten Heinz)
\c@lstnumber=\count300
\lst@skipnumbers=\count301
\lst@framebox=\box64
) (/usr/share/texlive/texmf-dist/tex/latex/listings/listings.cfg
File: listings.cfg 2020/03/24 1.8d listings configuration
))
Package: listings 2020/03/24 1.8d (Carsten Heinz)
Package hyperref Info: Option `colorlinks' set `true' on input line 21.
 (/usr/share/texlive/texmf-dist/tex/latex/glossaries/base/glossaries.sty
Package: glossaries 2021/11/01 v4.49 (NLCT)
 (/usr/share/texlive/texmf-dist/tex/latex/xkeyval/xkeyval.sty
Package: xkeyval 2020/11/20 v2.8 package option processing (HA)
 (/usr/share/texlive/texmf-dist/tex/generic/xkeyval/xkeyval.tex (/usr/share/texlive/texmf-dist/tex/generic/xkeyval/xkvutils.tex
\XKV@toks=\toks24
\XKV@tempa@toks=\toks25
)
\XKV@depth=\count302
File: xkeyval.tex 2014/12/03 v2.7a key=value parser (HA)
)) (/usr/share/texlive/texmf-dist/tex/latex/mfirstuc/mfirstuc.sty
Package: mfirstuc 2021/10/15 v2.07 (NLCT)
\@glsmfirst=\toks26
\@glsmrest=\toks27
) (/usr/share/texlive/texmf-dist/tex/latex/textcase/textcase.sty
Package: textcase 2019/09/14 v1.00 Text only upper/lower case changing (DPC)
) (/usr/share/texlive/texmf-dist/tex/latex/xfor/xfor.sty
Package: xfor 2009/02/05 v1.05 (NLCT)
) (/usr/share/texlive/texmf-dist/tex/latex/datatool/datatool-base.sty
Package: datatool-base 2019/09/27 v2.32 (NLCT)
 (/usr/share/texlive/texmf-dist/tex/latex/amsmath/amsmath.sty
Package: amsmath 2021/10/15 v2.17l AMS math features
\@mathmargin=\skip59

For additional information on amsmath, use the `?' option.
(/usr/share/texlive/texmf-dist/tex/latex/amsmath/amsbsy.sty
Package: amsbsy 1999/11/29 v1.2d Bold Symbols
\pmbraise@=\dimen173
) (/usr/share/texlive/texmf-dist/tex/latex/amsmath/amsopn.sty
Package: amsopn 2021/08/26 v2.02 operator names
)
\inf@bad=\count303
LaTeX Info: Redefining \frac on input line 234.
\uproot@=\count304
\leftroot@=\count305
LaTeX Info: Redefining \overline on input line 399.
\classnum@=\count306
\DOTSCASE@=\count307
LaTeX Info: Redefining \ldots on input line 496.
LaTeX Info: Redefining \dots on input line 499.
LaTeX Info: Redefining \cdots on input line 620.
\Mathstrutbox@=\box65
\strutbox@=\box66
\big@size=\dimen174
LaTeX Font Info:    Redeclaring font encoding OML on input line 743.
LaTeX Font Info:    Redeclaring font encoding OMS on input line 744.
\macc@depth=\count308
\c@MaxMatrixCols=\count309
\dotsspace@=\muskip17
\c@parentequation=\count310
\dspbrk@lvl=\count311
\tag@help=\toks28
\row@=\count312
\column@=\count313
\maxfields@=\count314
\andhelp@=\toks29
\eqnshift@=\dimen175
\alignsep@=\dimen176
\tagshift@=\dimen177
\tagwidth@=\dimen178
\totwidth@=\dimen179
\lineht@=\dimen180
\@envbody=\toks30
\multlinegap=\skip60
\multlinetaggap=\skip61
\mathdisplay@stack=\toks31
LaTeX Info: Redefining \[ on input line 2938.
LaTeX Info: Redefining \] on input line 2939.
) (/usr/share/texlive/texmf-dist/tex/latex/substr/substr.sty
Package: substr 2009/10/20 v1.2 Handle substrings
\c@su@anzahl=\count315
) (/usr/share/texlive/texmf-dist/tex/latex/datatool/datatool-fp.sty
Package: datatool-fp 2019/09/27 v2.32 (NLCT)
 (/usr/share/texlive/texmf-dist/tex/latex/fp/fp.sty
Package: fp 1995/04/02
 `Fixed Point Package', Version 0.8, April 2, 1995 (C) Michael Mehlich (/usr/share/texlive/texmf-dist/tex/latex/fp/defpattern.sty
Package: defpattern 1994/10/12
\actioncount=\count316
) (/usr/share/texlive/texmf-dist/tex/latex/fp/fp-basic.sty
Package: fp-basic 1996/05/13
\FP@xs=\count317
\FP@xia=\count318
\FP@xib=\count319
\FP@xfa=\count320
\FP@xfb=\count321
\FP@rega=\count322
\FP@regb=\count323
\FP@regs=\count324
\FP@times=\count325
) (/usr/share/texlive/texmf-dist/tex/latex/fp/fp-addons.sty
Package: fp-addons 1995/03/15
) (/usr/share/texlive/texmf-dist/tex/latex/fp/fp-snap.sty
Package: fp-snap 1995/04/05
) (/usr/share/texlive/texmf-dist/tex/latex/fp/fp-exp.sty
Package: fp-exp 1995/04/03
) (/usr/share/texlive/texmf-dist/tex/latex/fp/fp-trigo.sty
Package: fp-trigo 1995/04/14
) (/usr/share/texlive/texmf-dist/tex/latex/fp/fp-pas.sty
Package: fp-pas 1994/08/29
) (/usr/share/texlive/texmf-dist/tex/latex/fp/fp-random.sty
Package: fp-random 1995/02/23
\FPseed=\count326
) (/usr/share/texlive/texmf-dist/tex/latex/fp/fp-eqn.sty
Package: fp-eqn 1995/04/03
) (/usr/share/texlive/texmf-dist/tex/latex/fp/fp-upn.sty
Package: fp-upn 1996/10/21
) (/usr/share/texlive/texmf-dist/tex/latex/fp/fp-eval.sty
Package: fp-eval 1995/04/03
)))
\@dtl@toks=\toks32
\@dtl@tmpcount=\count327
\dtl@tmplength=\skip62
\dtl@sortresult=\count328
\@dtl@numgrpsepcount=\count329
\@dtl@datatype=\count330
\dtl@codeA=\count331
\dtl@codeB=\count332
\@dtl@foreach@level=\count333
) (/usr/share/texlive/texmf-dist/tex/latex/glossaries/base/glossaries-compatible-307.sty
Package: glossaries-compatible-307 2021/11/01 v4.49 (NLCT)
)
\gls@level=\count334
\@gls@tmpb=\toks33
\gls@tmplen=\skip63
\glskeylisttok=\toks34
\glslabeltok=\toks35
\glsshorttok=\toks36
\glslongtok=\toks37
 (/usr/share/texlive/texmf-dist/tex/latex/glossaries/styles/glossary-hypernav.sty
Package: glossary-hypernav 2021/11/01 v4.49 (NLCT)
) (/usr/share/texlive/texmf-dist/tex/latex/glossaries/styles/glossary-list.sty
Package: glossary-list 2021/11/01 v4.49 (NLCT)
\glslistdottedwidth=\skip64
) (/usr/share/texlive/texmf-dist/tex/latex/glossaries/styles/glossary-long.sty
Package: glossary-long 2021/11/01 v4.49 (NLCT)
 (/usr/share/texlive/texmf-dist/tex/latex/tools/longtable.sty
Package: longtable 2021-09-01 v4.17 Multi-page Table package (DPC)
\LTleft=\skip65
\LTright=\skip66
\LTpre=\skip67
\LTpost=\skip68
\LTchunksize=\count335
\LTcapwidth=\dimen181
\LT@head=\box67
\LT@firsthead=\box68
\LT@foot=\box69
\LT@lastfoot=\box70
\LT@gbox=\box71
\LT@cols=\count336
\LT@rows=\count337
\c@LT@tables=\count338
\c@LT@chunks=\count339
\LT@p@ftn=\toks38
)
\glsdescwidth=\skip69
\glspagelistwidth=\skip70
) (/usr/share/texlive/texmf-dist/tex/latex/glossaries/styles/glossary-super.sty
Package: glossary-super 2021/11/01 v4.49 (NLCT)
 (/usr/share/texlive/texmf-dist/tex/latex/supertabular/supertabular.sty
Package: supertabular 2020/02/02 v4.1g the supertabular environment
\c@tracingst=\count340
\ST@wd=\dimen182
\ST@rightskip=\skip71
\ST@leftskip=\skip72
\ST@parfillskip=\skip73
\ST@pageleft=\dimen183
\ST@headht=\dimen184
\ST@tailht=\dimen185
\ST@pagesofar=\dimen186
\ST@pboxht=\dimen187
\ST@lineht=\dimen188
\ST@prevht=\dimen189
\ST@toadd=\dimen190
\ST@dimen=\dimen191
\ST@pbox=\box72
)) (/usr/share/texlive/texmf-dist/tex/latex/glossaries/styles/glossary-tree.sty
Package: glossary-tree 2021/11/01 v4.49 (NLCT)
\glstreeindent=\skip74
))
\glswrite=\write3
\glo@main@file=\write4
\openout4 = `monthly_report.glo'.

Package glossaries Info: Writing glossary file monthly_report.glo on input line 25.
\glo@acronym@file=\write5
\openout5 = `monthly_report.acn'.

Package glossaries Info: Writing glossary file monthly_report.acn on input line 25.
Package translations Info: No language package found. I am going to use `english' as default language. on input line 53.
 (./monthly_report.aux)
\openout1 = `monthly_report.aux'.

LaTeX Font Info:    Checking defaults for OML/cmm/m/it on input line 53.
LaTeX Font Info:    ... okay on input line 53.
LaTeX Font Info:    Checking defaults for OMS/cmsy/m/n on input line 53.
LaTeX Font Info:    ... okay on input line 53.
LaTeX Font Info:    Checking defaults for OT1/cmr/m/n on input line 53.
LaTeX Font Info:    ... okay on input line 53.
LaTeX Font Info:    Checking defaults for T1/cmr/m/n on input line 53.
LaTeX Font Info:    ... okay on input line 53.
LaTeX Font Info:    Checking defaults for TS1/cmr/m/n on input line 53.
LaTeX Font Info:    ... okay on input line 53.
LaTeX Font Info:    Checking defaults for OMX/cmex/m/n on input line 53.
LaTeX Font Info:    ... okay on input line 53.
LaTeX Font Info:    Checking defaults for U/cmr/m/n on input line 53.
LaTeX Font Info:    ... okay on input line 53.
LaTeX Font Info:    Checking defaults for LGR/cmr/m/n on input line 53.
LaTeX Font Info:    Trying to load font information for LGR+cmr on input line 53.
 (/usr/share/texlive/texmf-dist/tex/latex/cbfonts-fd/lgrcmr.fd
File: lgrcmr.fd 2017/07/29 v1.2 Greek European Computer Regular
)
LaTeX Font Info:    ... okay on input line 53.
LaTeX Font Info:    Checking defaults for PD1/pdf/m/n on input line 53.
LaTeX Font Info:    ... okay on input line 53.
LaTeX Font Info:    Checking defaults for PU/pdf/m/n on input line 53.
LaTeX Font Info:    ... okay on input line 53.

*geometry* driver: auto-detecting
*geometry* detected driver: pdftex
*geometry* verbose mode - [ preamble ] result:
* driver: pdftex
* paper: a4paper
* layout: <same size as paper>
* layoutoffset:(h,v)=(0.0pt,0.0pt)
* modes: 
* h-part:(L,W,R)=(81.94394pt, 433.62pt, 81.94394pt)
* v-part:(T,H,B)=(106.75473pt, 578.15999pt, 160.13213pt)
* \paperwidth=597.50787pt
* \paperheight=845.04684pt
* \textwidth=433.62pt
* \textheight=578.15999pt
* \oddsidemargin=9.67395pt
* \evensidemargin=9.67395pt
* \topmargin=-2.51526pt
* \headheight=12.0pt
* \headsep=25.0pt
* \topskip=10.0pt
* \footskip=30.0pt
* \marginparwidth=65.0pt
* \marginparsep=11.0pt
* \columnsep=10.0pt
* \skip\footins=9.0pt plus 4.0pt minus 2.0pt
* \hoffset=0.0pt
* \voffset=0.0pt
* \mag=1000
* \@twocolumnfalse
* \@twosidefalse
* \@mparswitchfalse
* \@reversemarginfalse
* (1in=72.27pt=25.4mm, 1cm=28.453pt)

(/usr/share/texlive/texmf-dist/tex/latex/graphics/color.sty
Package: color 2021/12/07 v1.3c Standard LaTeX Color (DPC)
 (/usr/share/texlive/texmf-dist/tex/latex/graphics-cfg/color.cfg
File: color.cfg 2016/01/02 v1.6 sample color configuration
)
Package color Info: Driver file: pdftex.def on input line 149.
) (/usr/share/texlive/texmf-dist/tex/latex/translations/translations-basic-dictionary-english.trsl
File: translations-basic-dictionary-english.trsl (english translation file `translations-basic-dictionary')
)
Package translations Info: loading dictionary `translations-basic-dictionary' for `english'. on input line 53.
 (/usr/share/texlive/texmf-dist/tex/context/base/mkii/supp-pdf.mkii
[Loading MPS to PDF converter (version 2006.09.02).]
\scratchcounter=\count341
\scratchdimen=\dimen192
\scratchbox=\box73
\nofMPsegments=\count342
\nofMParguments=\count343
\everyMPshowfont=\toks39
\MPscratchCnt=\count344
\MPscratchDim=\dimen193
\MPnumerator=\count345
\makeMPintoPDFobject=\count346
\everyMPtoPDFconversion=\toks40
) (/usr/share/texlive/texmf-dist/tex/latex/epstopdf-pkg/epstopdf-base.sty
Package: epstopdf-base 2020-01-24 v2.11 Base part for package epstopdf
Package epstopdf-base Info: Redefining graphics rule for `.eps' on input line 485.
 (/usr/share/texlive/texmf-dist/tex/latex/latexconfig/epstopdf-sys.cfg
File: epstopdf-sys.cfg 2010/07/13 v1.3 Configuration of (r)epstopdf for TeX Live
))
Package hyperref Info: Link coloring ON on input line 53.
 (/usr/share/texlive/texmf-dist/tex/latex/hyperref/nameref.sty
Package: nameref 2021-04-02 v2.47 Cross-referencing by name of section
 (/usr/share/texlive/texmf-dist/tex/latex/refcount/refcount.sty
Package: refcount 2019/12/15 v3.6 Data extraction from label references (HO)
) (/usr/share/texlive/texmf-dist/tex/generic/gettitlestring/gettitlestring.sty
Package: gettitlestring 2019/12/15 v1.6 Cleanup title references (HO)
)
\c@section@level=\count347
)
LaTeX Info: Redefining \ref on input line 53.
LaTeX Info: Redefining \pageref on input line 53.
LaTeX Info: Redefining \nameref on input line 53.
 (./monthly_report.out) (./monthly_report.out)
\@outlinefile=\write6
\openout6 = `monthly_report.out'.

Package caption Info: Begin \AtBeginDocument code.
Package caption Info: subfig package v1.3 is loaded.
Package caption Info: listings package is loaded.
Package caption Info: longtable package is loaded.
 (/usr/share/texlive/texmf-dist/tex/latex/caption/ltcaption.sty
Package: ltcaption 2020/05/30 v1.4b longtable captions (AR)
)
Package caption Info: supertabular package is loaded.
Package caption Info: End \AtBeginDocument code.
\c@lstlisting=\count348
 (./monthly_report.glsdefs)

LaTeX Warning: No \author given.

[1

\openout3 = `monthly_report.ist'.

{/var/lib/texmf/fonts/map/pdftex/updmap/pdftex.map}]
Overfull \hbox (12.96416pt too wide) in paragraph at lines 136--139
[]\OT1/cmr/m/n/10 Comparing fuzzy-entropy fea-tures against one an-other does ot show any form of linear-seperability,
 []

[2] [3]
<../../../data_analysis_results/MMN/features/deviant_tone_0.png, id=123, 1300.86pt x 578.16pt>
File: ../../../data_analysis_results/MMN/features/deviant_tone_0.png Graphic file (type png)
<use ../../../data_analysis_results/MMN/features/deviant_tone_0.png>
Package pdftex.def Info: ../../../data_analysis_results/MMN/features/deviant_tone_0.png  used on input line 157.
(pdftex.def)             Requested size: 455.24408pt x 202.33257pt.

Overfull \hbox (21.62408pt too wide) in paragraph at lines 157--158
[][] 
 []

<../../../data_analysis_results/MMN/features/deviant_tone_1.png, id=127, 1300.86pt x 578.16pt>
File: ../../../data_analysis_results/MMN/features/deviant_tone_1.png Graphic file (type png)
<use ../../../data_analysis_results/MMN/features/deviant_tone_1.png>
Package pdftex.def Info: ../../../data_analysis_results/MMN/features/deviant_tone_1.png  used on input line 161.
(pdftex.def)             Requested size: 455.24408pt x 202.33257pt.

Overfull \hbox (21.62408pt too wide) in paragraph at lines 161--162
[][] 
 []

<../../../data_analysis_results/MMN/features/deviant_tone_2.png, id=130, 1300.86pt x 578.16pt>
File: ../../../data_analysis_results/MMN/features/deviant_tone_2.png Graphic file (type png)
<use ../../../data_analysis_results/MMN/features/deviant_tone_2.png>
Package pdftex.def Info: ../../../data_analysis_results/MMN/features/deviant_tone_2.png  used on input line 165.
(pdftex.def)             Requested size: 455.24408pt x 202.33257pt.

Overfull \hbox (21.62408pt too wide) in paragraph at lines 165--166
[][] 
 []

<../../../data_analysis_results/MMN/features/deviant_tone_3.png, id=133, 1300.86pt x 578.16pt>
File: ../../../data_analysis_results/MMN/features/deviant_tone_3.png Graphic file (type png)
<use ../../../data_analysis_results/MMN/features/deviant_tone_3.png>
Package pdftex.def Info: ../../../data_analysis_results/MMN/features/deviant_tone_3.png  used on input line 169.
(pdftex.def)             Requested size: 455.24408pt x 202.33257pt.

Overfull \hbox (21.62408pt too wide) in paragraph at lines 169--170
[][] 
 []

[4

 <../../../data_analysis_results/MMN/features/deviant_tone_0.png> <../../../data_analysis_results/MMN/features/deviant_tone_1.png>]
<../../../data_analysis_results/MMN/features/deviant_tone_4.png, id=143, 1300.86pt x 578.16pt>
File: ../../../data_analysis_results/MMN/features/deviant_tone_4.png Graphic file (type png)
<use ../../../data_analysis_results/MMN/features/deviant_tone_4.png>
Package pdftex.def Info: ../../../data_analysis_results/MMN/features/deviant_tone_4.png  used on input line 173.
(pdftex.def)             Requested size: 455.24408pt x 202.33257pt.

Overfull \hbox (21.62408pt too wide) in paragraph at lines 173--174
[][] 
 []

[5 <../../../data_analysis_results/MMN/features/deviant_tone_2.png> <../../../data_analysis_results/MMN/features/deviant_tone_3.png>]
<../../../data_analysis_results/MMN/montage/Control/1KHz_duration_deviant_montage.png, id=154, 1734.48pt x 4119.39pt>
File: ../../../data_analysis_results/MMN/montage/Control/1KHz_duration_deviant_montage.png Graphic file (type png)
<use ../../../data_analysis_results/MMN/montage/Control/1KHz_duration_deviant_montage.png>
Package pdftex.def Info: ../../../data_analysis_results/MMN/montage/Control/1KHz_duration_deviant_montage.png  used on input line 178.
(pdftex.def)             Requested size: 455.24408pt x 1081.19896pt.

Overfull \hbox (21.62408pt too wide) in paragraph at lines 178--179
[][] 
 []

<../../../data_analysis_results/MMN/montage/Patient/1KHz_duration_deviant_montage.png, id=157, 1734.48pt x 3107.61pt>
File: ../../../data_analysis_results/MMN/montage/Patient/1KHz_duration_deviant_montage.png Graphic file (type png)
<use ../../../data_analysis_results/MMN/montage/Patient/1KHz_duration_deviant_montage.png>
Package pdftex.def Info: ../../../data_analysis_results/MMN/montage/Patient/1KHz_duration_deviant_montage.png  used on input line 182.
(pdftex.def)             Requested size: 455.24408pt x 815.64131pt.

Overfull \hbox (21.62408pt too wide) in paragraph at lines 182--183
[][] 
 []

[6 <../../../data_analysis_results/MMN/features/deviant_tone_4.png>]
Overfull \vbox (525.03897pt too high) has occurred while \output is active []

 [7 <../../../data_analysis_results/MMN/montage/Control/1KHz_duration_deviant_montage.png>]
<../../../data_analysis_results/MMN/montage/Control/3KHz_frequency_deviant_montage.png, id=172, 1734.48pt x 4119.39pt>
File: ../../../data_analysis_results/MMN/montage/Control/3KHz_frequency_deviant_montage.png Graphic file (type png)
<use ../../../data_analysis_results/MMN/montage/Control/3KHz_frequency_deviant_montage.png>
Package pdftex.def Info: ../../../data_analysis_results/MMN/montage/Control/3KHz_frequency_deviant_montage.png  used on input line 186.
(pdftex.def)             Requested size: 455.24408pt x 1081.19896pt.

Overfull \hbox (21.62408pt too wide) in paragraph at lines 186--187
[][] 
 []


Overfull \vbox (259.48132pt too high) has occurred while \output is active []

 [8 <../../../data_analysis_results/MMN/montage/Patient/1KHz_duration_deviant_montage.png>]
<../../../data_analysis_results/MMN/montage/Patient/3KHz_frequency_deviant_montage.png, id=181, 1734.48pt x 3107.61pt>
File: ../../../data_analysis_results/MMN/montage/Patient/3KHz_frequency_deviant_montage.png Graphic file (type png)
<use ../../../data_analysis_results/MMN/montage/Patient/3KHz_frequency_deviant_montage.png>
Package pdftex.def Info: ../../../data_analysis_results/MMN/montage/Patient/3KHz_frequency_deviant_montage.png  used on input line 190.
(pdftex.def)             Requested size: 455.24408pt x 815.64131pt.

Overfull \hbox (21.62408pt too wide) in paragraph at lines 190--191
[][] 
 []


Overfull \vbox (525.03897pt too high) has occurred while \output is active []

 [9 <../../../data_analysis_results/MMN/montage/Control/3KHz_frequency_deviant_montage.png>]
Overfull \vbox (259.48132pt too high) has occurred while \output is active []

 [10 <../../../data_analysis_results/MMN/montage/Patient/3KHz_frequency_deviant_montage.png>]
<../../../data_analysis_results/FuzzEnt/Control/all-fuzzyEntr.png, id=195, 1084.05pt x 1156.32pt>
File: ../../../data_analysis_results/FuzzEnt/Control/all-fuzzyEntr.png Graphic file (type png)
<use ../../../data_analysis_results/FuzzEnt/Control/all-fuzzyEntr.png>
Package pdftex.def Info: ../../../data_analysis_results/FuzzEnt/Control/all-fuzzyEntr.png  used on input line 195.
(pdftex.def)             Requested size: 455.24408pt x 485.59816pt.

Overfull \hbox (21.62408pt too wide) in paragraph at lines 195--196
[][] 
 []

<../../../data_analysis_results/FuzzEnt/Patient/all-fuzzyEntr.png, id=196, 1084.05pt x 1156.32pt>
File: ../../../data_analysis_results/FuzzEnt/Patient/all-fuzzyEntr.png Graphic file (type png)
<use ../../../data_analysis_results/FuzzEnt/Patient/all-fuzzyEntr.png>
Package pdftex.def Info: ../../../data_analysis_results/FuzzEnt/Patient/all-fuzzyEntr.png  used on input line 199.
(pdftex.def)             Requested size: 455.24408pt x 485.59816pt.

Overfull \hbox (21.62408pt too wide) in paragraph at lines 199--200
[][] 
 []

<../../../data_analysis_results/FuzzEnt/corticalRegions_DAQphase_distributions.png, id=197, 867.24pt x 722.7pt>
File: ../../../data_analysis_results/FuzzEnt/corticalRegions_DAQphase_distributions.png Graphic file (type png)
<use ../../../data_analysis_results/FuzzEnt/corticalRegions_DAQphase_distributions.png>
Package pdftex.def Info: ../../../data_analysis_results/FuzzEnt/corticalRegions_DAQphase_distributions.png  used on input line 203.
(pdftex.def)             Requested size: 455.24408pt x 379.36804pt.

Overfull \hbox (21.62408pt too wide) in paragraph at lines 203--204
[][] 
 []

[11 <../../../data_analysis_results/FuzzEnt/Control/all-fuzzyEntr.png>] [12 <../../../data_analysis_results/FuzzEnt/Patient/all-fuzzyEntr.png>]
<../../../data_analysis_results/FuzzEnt/entropies_corr_mat.png, id=209, 462.528pt x 346.896pt>
File: ../../../data_analysis_results/FuzzEnt/entropies_corr_mat.png Graphic file (type png)
<use ../../../data_analysis_results/FuzzEnt/entropies_corr_mat.png>
Package pdftex.def Info: ../../../data_analysis_results/FuzzEnt/entropies_corr_mat.png  used on input line 208.
(pdftex.def)             Requested size: 455.24408pt x 341.44843pt.

Overfull \hbox (21.62408pt too wide) in paragraph at lines 208--209
[][] 
 []

[13 <../../../data_analysis_results/FuzzEnt/corticalRegions_DAQphase_distributions.png>]
<../../../data_analysis_results/FuzzEnt/rest_phases_corr.png, id=216, 1445.4pt x 1445.4pt>
File: ../../../data_analysis_results/FuzzEnt/rest_phases_corr.png Graphic file (type png)
<use ../../../data_analysis_results/FuzzEnt/rest_phases_corr.png>
Package pdftex.def Info: ../../../data_analysis_results/FuzzEnt/rest_phases_corr.png  used on input line 213.
(pdftex.def)             Requested size: 455.24408pt x 455.23724pt.

Overfull \hbox (21.62408pt too wide) in paragraph at lines 213--214
[][] 
 []

<../../../data_analysis_results/FuzzEnt/arith_phases_corr.png, id=217, 722.7pt x 722.7pt>
File: ../../../data_analysis_results/FuzzEnt/arith_phases_corr.png Graphic file (type png)
<use ../../../data_analysis_results/FuzzEnt/arith_phases_corr.png>
Package pdftex.def Info: ../../../data_analysis_results/FuzzEnt/arith_phases_corr.png  used on input line 217.
(pdftex.def)             Requested size: 455.24408pt x 455.24826pt.

Overfull \hbox (21.62408pt too wide) in paragraph at lines 217--218
[][] 
 []

[14 <../../../data_analysis_results/FuzzEnt/entropies_corr_mat.png>]
<../../../data_analysis_results/FuzzEnt/auditory_phases_corr.png, id=223, 722.7pt x 722.7pt>
File: ../../../data_analysis_results/FuzzEnt/auditory_phases_corr.png Graphic file (type png)
<use ../../../data_analysis_results/FuzzEnt/auditory_phases_corr.png>
Package pdftex.def Info: ../../../data_analysis_results/FuzzEnt/auditory_phases_corr.png  used on input line 221.
(pdftex.def)             Requested size: 455.24408pt x 455.24826pt.

Overfull \hbox (21.62408pt too wide) in paragraph at lines 221--222
[][] 
 []

[15 <../../../data_analysis_results/FuzzEnt/rest_phases_corr.png>] [16 <../../../data_analysis_results/FuzzEnt/arith_phases_corr.png>]
<../../../data_analysis_results/FuzzEnt/frontal_region_corr.png, id=235, 722.7pt x 722.7pt>
File: ../../../data_analysis_results/FuzzEnt/frontal_region_corr.png Graphic file (type png)
<use ../../../data_analysis_results/FuzzEnt/frontal_region_corr.png>
Package pdftex.def Info: ../../../data_analysis_results/FuzzEnt/frontal_region_corr.png  used on input line 226.
(pdftex.def)             Requested size: 455.24408pt x 455.24826pt.

Overfull \hbox (21.62408pt too wide) in paragraph at lines 226--227
[][] 
 []

<../../../data_analysis_results/FuzzEnt/parietal_region_corr.png, id=236, 722.7pt x 722.7pt>
File: ../../../data_analysis_results/FuzzEnt/parietal_region_corr.png Graphic file (type png)
<use ../../../data_analysis_results/FuzzEnt/parietal_region_corr.png>
Package pdftex.def Info: ../../../data_analysis_results/FuzzEnt/parietal_region_corr.png  used on input line 230.
(pdftex.def)             Requested size: 455.24408pt x 455.24826pt.

Overfull \hbox (21.62408pt too wide) in paragraph at lines 230--231
[][] 
 []

[17 <../../../data_analysis_results/FuzzEnt/auditory_phases_corr.png>]
<../../../data_analysis_results/FuzzEnt/central_region_corr.png, id=242, 722.7pt x 722.7pt>
File: ../../../data_analysis_results/FuzzEnt/central_region_corr.png Graphic file (type png)
<use ../../../data_analysis_results/FuzzEnt/central_region_corr.png>
Package pdftex.def Info: ../../../data_analysis_results/FuzzEnt/central_region_corr.png  used on input line 234.
(pdftex.def)             Requested size: 455.24408pt x 455.24826pt.

Overfull \hbox (21.62408pt too wide) in paragraph at lines 234--235
[][] 
 []

[18 <../../../data_analysis_results/FuzzEnt/frontal_region_corr.png>]
<../../../data_analysis_results/FuzzEnt/occipital_region_corr.png, id=248, 722.7pt x 722.7pt>
File: ../../../data_analysis_results/FuzzEnt/occipital_region_corr.png Graphic file (type png)
<use ../../../data_analysis_results/FuzzEnt/occipital_region_corr.png>
Package pdftex.def Info: ../../../data_analysis_results/FuzzEnt/occipital_region_corr.png  used on input line 238.
(pdftex.def)             Requested size: 455.24408pt x 455.24826pt.

Overfull \hbox (21.62408pt too wide) in paragraph at lines 238--239
[][] 
 []

[19 <../../../data_analysis_results/FuzzEnt/parietal_region_corr.png>]
<../../../data_analysis_results/FuzzEnt/temporal_region_corr.png, id=256, 722.7pt x 722.7pt>
File: ../../../data_analysis_results/FuzzEnt/temporal_region_corr.png Graphic file (type png)
<use ../../../data_analysis_results/FuzzEnt/temporal_region_corr.png>
Package pdftex.def Info: ../../../data_analysis_results/FuzzEnt/temporal_region_corr.png  used on input line 242.
(pdftex.def)             Requested size: 455.24408pt x 455.24826pt.

Overfull \hbox (21.62408pt too wide) in paragraph at lines 242--243
[][] 
 []

[20 <../../../data_analysis_results/FuzzEnt/central_region_corr.png>] [21 <../../../data_analysis_results/FuzzEnt/occipital_region_corr.png>] [22 <../../../data_analysis_results/FuzzEnt/temporal_region_corr.png>]

Package hyperref Warning: Token not allowed in a PDF string (Unicode):
(hyperref)                removing `\gls' on input line 248.


Overfull \hbox (10.38452pt too wide) in paragraph at lines 262--263
[][][][][][][][][][][][][][][][][][][][][][][][][][][][][][][][][][] 
 []

LaTeX Font Info:    Trying to load font information for OMS+cmr on input line 283.
(/usr/share/texlive/texmf-dist/tex/latex/base/omscmr.fd
File: omscmr.fd 2019/12/16 v2.5j Standard LaTeX font definitions
)
LaTeX Font Info:    Font shape `OMS/cmr/m/n' in size <10> not available
(Font)              Font shape `OMS/cmsy/m/n' tried instead on input line 283.

Overfull \hbox (10.38452pt too wide) in paragraph at lines 284--285
[][][][][][][][][][][][][][][][][][][][][][][] 
 []


Overfull \hbox (16.38458pt too wide) in paragraph at lines 285--286
[][][][][][][][][][][][][][][][][][][][][][][] 
 []


Overfull \hbox (76.3852pt too wide) in paragraph at lines 286--287
[][][][][][][][][][][][][][][][][][][][][][][] 
 []


Overfull \hbox (64.38507pt too wide) in paragraph at lines 287--288
[][][][][][][][][][][][][][][][][][][][][][][] 
 []


Overfull \hbox (82.38525pt too wide) in paragraph at lines 290--291
[][][][][][][][][][][][][][][][][][][][][][][] 
 []


Overfull \hbox (70.38513pt too wide) in paragraph at lines 291--292
[][][][][][][][][][][][][][][][][][][][][][][] 
 []


Overfull \hbox (76.3852pt too wide) in paragraph at lines 292--293
[][][][][][][][][][][][][][][][][][][][][][][] 
 []


Overfull \hbox (64.38507pt too wide) in paragraph at lines 293--294
[][][][][][][][][][][][][][][][][][][][][][][] 
 []


Overfull \hbox (16.38458pt too wide) in paragraph at lines 294--295
[][][][][][][][][][][][][][][][][][][][][][][] 
 []

[23

]
Overfull \hbox (16.38458pt too wide) in paragraph at lines 296--297
[][][][][][][][][][][][][][][][][][][][][][][] 
 []


Overfull \hbox (16.38458pt too wide) in paragraph at lines 297--298
[][][][][][][][][][][][][][][][][][][][][][][] 
 []


Overfull \hbox (76.3852pt too wide) in paragraph at lines 298--299
[][][][][][][][][][][][][][][][][][][][][][][] 
 []


Overfull \hbox (76.3852pt too wide) in paragraph at lines 299--301
[][][][][][][][][][][][][][][][][][][][][][][] 
 []


Overfull \hbox (118.38562pt too wide) in paragraph at lines 301--302
[][][][][][][][][][][][][][][][][][][][][][][][][] 
 []


Overfull \hbox (118.38562pt too wide) in paragraph at lines 302--303
[][][][][][][][][][][][][][][][][][][][][][][][][] 
 []


Overfull \hbox (130.38574pt too wide) in paragraph at lines 303--304
[][][][][][][][][][][][][][][][][][][][][][][][][] 
 []


Overfull \hbox (130.38574pt too wide) in paragraph at lines 304--305
[][][][][][][][][][][][][][][][][][][][][][][][][] 
 []


Overfull \hbox (64.38507pt too wide) in paragraph at lines 305--306
[][][][][][][][][][][][][][][][][][][][][][][] 
 []


Overfull \hbox (40.38483pt too wide) in paragraph at lines 306--307
[][][][][][][][][][][][][][][][][][][][][][][] 
 []


Overfull \hbox (76.3852pt too wide) in paragraph at lines 307--308
[][][][][][][][][][][][][][][][][][][][][][][] 
 []


Overfull \hbox (52.38495pt too wide) in paragraph at lines 308--309
[][][][][][][][][][][][][][][][][][][][][][][] 
 []


Overfull \hbox (76.3852pt too wide) in paragraph at lines 309--310
[][][][][][][][][][][][][][][][][][][][][][][] 
 []


Overfull \hbox (76.3852pt too wide) in paragraph at lines 310--311
[][][][][][][][][][][][][][][][][][][][][][][] 
 []

[24]
Overfull \hbox (46.38489pt too wide) in paragraph at lines 351--352
[][][][][][][][][][][][][][][][][][][][][][][][] 
 []


Overfull \hbox (10.38452pt too wide) in paragraph at lines 352--354
[][][][][][][][][][][][][][][][][][][][][][][][] 
 []


Overfull \hbox (106.3855pt too wide) in paragraph at lines 378--380
[][][][][][][][][][][][][][][][][][][][][][][][][][][][][][] 
 []

[25]
Overfull \hbox (76.3852pt too wide) in paragraph at lines 396--397
[][][][][][][][][][][][][][][][][][][][][][][][][][][][][][][][][][][][][][] 
 []


Overfull \hbox (76.3852pt too wide) in paragraph at lines 400--401
[][][][][][][][][][][][][][][][][][][][][][][][][][][][][][][][][][][][][][] 
 []


Overfull \hbox (88.38531pt too wide) in paragraph at lines 404--405
[][][][][][][][][][][][][][][][][][][][][][][][][][][][][][][][][][][][][][] 
 []

LaTeX Font Info:    Trying to load font information for OML+cmr on input line 408.
(/usr/share/texlive/texmf-dist/tex/latex/base/omlcmr.fd
File: omlcmr.fd 2019/12/16 v2.5j Standard LaTeX font definitions
)
LaTeX Font Info:    Font shape `OML/cmr/m/n' in size <10> not available
(Font)              Font shape `OML/cmm/m/it' tried instead on input line 408.

Overfull \hbox (22.38464pt too wide) in paragraph at lines 409--410
[][][][][][][][][][][][][][][][][][][][][][][][][][][][][][][] 
 []


Overfull \hbox (70.38513pt too wide) in paragraph at lines 426--427
[][][][][][][][][][][][][][][][][][] 
 []


Overfull \hbox (64.38507pt too wide) in paragraph at lines 429--431
[][][][][][][][][][][][][][][][][][][][][][] 
 []

[26]
Overfull \hbox (166.38611pt too wide) in paragraph at lines 452--453
[][][][][][][][][][][][][][][][][] 
 []


Overfull \hbox (64.38507pt too wide) in paragraph at lines 453--455
[][][][][][][][][][][][][][][][] 
 []


Package glossaries Warning: No \printglossary or \printglossaries found. 
(Remove \makeglossaries if you don't want any glossaries.) 
This document will not have a glossary.

[27] (./monthly_report.aux)
Package rerunfilecheck Info: File `monthly_report.out' has not changed.
(rerunfilecheck)             Checksum: 16A4B72E979A452D966AFFA5703D5850;1151.
 ) 
Here is how much of TeX's memory you used:
 22583 strings out of 480129
 420865 string characters out of 5893410
 771138 words of memory out of 5000000
 39947 multiletter control sequences out of 15000+600000
 474881 words of font info for 47 fonts, out of 8000000 for 9000
 81 hyphenation exceptions out of 8191
 91i,6n,91p,1234b,2180s stack positions out of 5000i,500n,10000p,200000b,80000s
pdfTeX warning (dest): name{glo:sz} has been referenced but does not exist, replaced by a fixed one

pdfTeX warning (dest): name{glo:szPtnt} has been referenced but does not exist, replaced by a fixed one

pdfTeX warning (dest): name{glo:hc} has been referenced but does not exist, replaced by a fixed one

pdfTeX warning (dest): name{glo:mmn} has been referenced but does not exist, replaced by a fixed one

pdfTeX warning (dest): name{glo:daq} has been referenced but does not exist, replaced by a fixed one

 </home/emmanuel/.texlive2021/texmf-var/fonts/pk/ljfour/jknappen/ec/tcrm1000.600pk></usr/share/texlive/texmf-dist/fonts/type1/public/amsfonts/cm/cmbx12.pfb></usr/share/texlive/texmf-dist/fonts/type1/public/amsfonts/cm/cmbxti10.pfb></usr/share/texlive/texmf-dist/fonts/type1/public/amsfonts/cm/cmmi10.pfb></usr/share/texlive/texmf-dist/fonts/type1/public/amsfonts/cm/cmr10.pfb></usr/share/texlive/texmf-dist/fonts/type1/public/amsfonts/cm/cmr12.pfb></usr/share/texlive/texmf-dist/fonts/type1/public/amsfonts/cm/cmr17.pfb></usr/share/texlive/texmf-dist/fonts/type1/public/amsfonts/cm/cmsy10.pfb>
Output written on monthly_report.pdf (27 pages, 11009362 bytes).
PDF statistics:
 600 PDF objects out of 1000 (max. 8388607)
 498 compressed objects within 5 object streams
 268 named destinations out of 1000 (max. 500000)
 186 words of extra memory for PDF output out of 10000 (max. 10000000)

