This is pdfTeX, Version 3.141592653-2.6-1.40.24 (MiKTeX 22.7.30) (preloaded format=pdflatex 2022.8.3)  28 OCT 2022 14:31
entering extended mode
 restricted \write18 enabled.
 %&-line parsing enabled.
**./eeeoauthesis.tex
(eeeoauthesis.tex
LaTeX2e <2022-06-01> patch level 5
L3 programming layer <2022-07-15>

LaTeX Warning: \include should only be used after \begin{document} on input lin
e 1.

(do-not-edit/thesis-settings.tex (eeeoauthesis.cls
eeeoauthesis.cls
ver 1.0.0
Created by Tony Saad
March 30, 2010
Some parts and settings of this class are based on the template provided by Dav
id L. Page.
Document Class: eeeoauthesis 

(C:\Users\Elisha Komolafe\AppData\Local\Programs\MiKTeX\tex/latex/base\report.c
ls
Document Class: report 2021/10/04 v1.4n Standard LaTeX document class

(C:\Users\Elisha Komolafe\AppData\Local\Programs\MiKTeX\tex/latex/base\size12.c
lo
File: size12.clo 2021/10/04 v1.4n Standard LaTeX file (size option)
)
\c@part=\count185
\c@chapter=\count186
\c@section=\count187
\c@subsection=\count188
\c@subsubsection=\count189
\c@paragraph=\count190
\c@subparagraph=\count191
\c@figure=\count192
\c@table=\count193
\abovecaptionskip=\skip47
\belowcaptionskip=\skip48
\bibindent=\dimen138
)
(C:\Users\Elisha Komolafe\AppData\Local\Programs\MiKTeX\tex/latex/amsmath\amsma
th.sty
Package: amsmath 2022/04/08 v2.17n AMS math features
\@mathmargin=\skip49

For additional information on amsmath, use the `?' option.

(C:\Users\Elisha Komolafe\AppData\Local\Programs\MiKTeX\tex/latex/amsmath\amste
xt.sty
Package: amstext 2021/08/26 v2.01 AMS text

(C:\Users\Elisha Komolafe\AppData\Local\Programs\MiKTeX\tex/latex/amsmath\amsge
n.sty
File: amsgen.sty 1999/11/30 v2.0 generic functions
\@emptytoks=\toks16
\ex@=\dimen139
))
(C:\Users\Elisha Komolafe\AppData\Local\Programs\MiKTeX\tex/latex/amsmath\amsbs
y.sty
Package: amsbsy 1999/11/29 v1.2d Bold Symbols
\pmbraise@=\dimen140
)
(C:\Users\Elisha Komolafe\AppData\Local\Programs\MiKTeX\tex/latex/amsmath\amsop
n.sty
Package: amsopn 2022/04/08 v2.04 operator names
)
\inf@bad=\count194
LaTeX Info: Redefining \frac on input line 234.
\uproot@=\count195
\leftroot@=\count196
LaTeX Info: Redefining \overline on input line 399.
LaTeX Info: Redefining \colon on input line 410.
\classnum@=\count197
\DOTSCASE@=\count198
LaTeX Info: Redefining \ldots on input line 496.
LaTeX Info: Redefining \dots on input line 499.
LaTeX Info: Redefining \cdots on input line 620.
\Mathstrutbox@=\box51
\strutbox@=\box52
LaTeX Info: Redefining \big on input line 722.
LaTeX Info: Redefining \Big on input line 723.
LaTeX Info: Redefining \bigg on input line 724.
LaTeX Info: Redefining \Bigg on input line 725.
\big@size=\dimen141
LaTeX Font Info:    Redeclaring font encoding OML on input line 743.
LaTeX Font Info:    Redeclaring font encoding OMS on input line 744.
\macc@depth=\count199
LaTeX Info: Redefining \bmod on input line 905.
LaTeX Info: Redefining \pmod on input line 910.
LaTeX Info: Redefining \smash on input line 940.
LaTeX Info: Redefining \relbar on input line 970.
LaTeX Info: Redefining \Relbar on input line 971.
\c@MaxMatrixCols=\count266
\dotsspace@=\muskip16
\c@parentequation=\count267
\dspbrk@lvl=\count268
\tag@help=\toks17
\row@=\count269
\column@=\count270
\maxfields@=\count271
\andhelp@=\toks18
\eqnshift@=\dimen142
\alignsep@=\dimen143
\tagshift@=\dimen144
\tagwidth@=\dimen145
\totwidth@=\dimen146
\lineht@=\dimen147
\@envbody=\toks19
\multlinegap=\skip50
\multlinetaggap=\skip51
\mathdisplay@stack=\toks20
LaTeX Info: Redefining \[ on input line 2953.
LaTeX Info: Redefining \] on input line 2954.
)
(C:\Users\Elisha Komolafe\AppData\Local\Programs\MiKTeX\tex/latex/amscls\amsthm
.sty
Package: amsthm 2020/05/29 v2.20.6
\thm@style=\toks21
\thm@bodyfont=\toks22
\thm@headfont=\toks23
\thm@notefont=\toks24
\thm@headpunct=\toks25
\thm@preskip=\skip52
\thm@postskip=\skip53
\thm@headsep=\skip54
\dth@everypar=\toks26
)
(C:\Users\Elisha Komolafe\AppData\Local\Programs\MiKTeX\tex/latex/amsfonts\amss
ymb.sty
Package: amssymb 2013/01/14 v3.01 AMS font symbols

(C:\Users\Elisha Komolafe\AppData\Local\Programs\MiKTeX\tex/latex/amsfonts\amsf
onts.sty
Package: amsfonts 2013/01/14 v3.01 Basic AMSFonts support
\symAMSa=\mathgroup4
\symAMSb=\mathgroup5
LaTeX Font Info:    Redeclaring math symbol \hbar on input line 98.
LaTeX Font Info:    Overwriting math alphabet `\mathfrak' in version `bold'
(Font)                  U/euf/m/n --> U/euf/b/n on input line 106.
))
(C:\Users\Elisha Komolafe\AppData\Local\Programs\MiKTeX\tex/latex/setspace\sets
pace.sty
Package: setspace 2011/12/19 v6.7a set line spacing
)
(C:\Users\Elisha Komolafe\AppData\Local\Programs\MiKTeX\tex/latex/geometry\geom
etry.sty
Package: geometry 2020/01/02 v5.9 Page Geometry

(C:\Users\Elisha Komolafe\AppData\Local\Programs\MiKTeX\tex/latex/graphics\keyv
al.sty
Package: keyval 2022/05/29 v1.15 key=value parser (DPC)
\KV@toks@=\toks27
)
(C:\Users\Elisha Komolafe\AppData\Local\Programs\MiKTeX\tex/generic/iftex\ifvte
x.sty
Package: ifvtex 2019/10/25 v1.7 ifvtex legacy package. Use iftex instead.

(C:\Users\Elisha Komolafe\AppData\Local\Programs\MiKTeX\tex/generic/iftex\iftex
.sty
Package: iftex 2022/02/03 v1.0f TeX engine tests
))
\Gm@cnth=\count272
\Gm@cntv=\count273
\c@Gm@tempcnt=\count274
\Gm@bindingoffset=\dimen148
\Gm@wd@mp=\dimen149
\Gm@odd@mp=\dimen150
\Gm@even@mp=\dimen151
\Gm@layoutwidth=\dimen152
\Gm@layoutheight=\dimen153
\Gm@layouthoffset=\dimen154
\Gm@layoutvoffset=\dimen155
\Gm@dimlist=\toks28

(C:\Users\Elisha Komolafe\AppData\Local\Programs\MiKTeX\tex/latex/geometry\geom
etry.cfg))
(C:\Users\Elisha Komolafe\AppData\Local\Programs\MiKTeX\tex/latex/hyperref\hype
rref.sty
Package: hyperref 2022-06-20 v7.00s Hypertext links for LaTeX

(C:\Users\Elisha Komolafe\AppData\Local\Programs\MiKTeX\tex/generic/ltxcmds\ltx
cmds.sty
Package: ltxcmds 2020-05-10 v1.25 LaTeX kernel commands for general use (HO)
)
(C:\Users\Elisha Komolafe\AppData\Local\Programs\MiKTeX\tex/generic/pdftexcmds\
pdftexcmds.sty
Package: pdftexcmds 2020-06-27 v0.33 Utility functions of pdfTeX for LuaTeX (HO
)

(C:\Users\Elisha Komolafe\AppData\Local\Programs\MiKTeX\tex/generic/infwarerr\i
nfwarerr.sty
Package: infwarerr 2019/12/03 v1.5 Providing info/warning/error messages (HO)
)
Package pdftexcmds Info: \pdf@primitive is available.
Package pdftexcmds Info: \pdf@ifprimitive is available.
Package pdftexcmds Info: \pdfdraftmode found.
)
(C:\Users\Elisha Komolafe\AppData\Local\Programs\MiKTeX\tex/generic/kvsetkeys\k
vsetkeys.sty
Package: kvsetkeys 2019/12/15 v1.18 Key value parser (HO)
)
(C:\Users\Elisha Komolafe\AppData\Local\Programs\MiKTeX\tex/generic/kvdefinekey
s\kvdefinekeys.sty
Package: kvdefinekeys 2019-12-19 v1.6 Define keys (HO)
)
(C:\Users\Elisha Komolafe\AppData\Local\Programs\MiKTeX\tex/generic/pdfescape\p
dfescape.sty
Package: pdfescape 2019/12/09 v1.15 Implements pdfTeX's escape features (HO)
)
(C:\Users\Elisha Komolafe\AppData\Local\Programs\MiKTeX\tex/latex/hycolor\hycol
or.sty
Package: hycolor 2020-01-27 v1.10 Color options for hyperref/bookmark (HO)
)
(C:\Users\Elisha Komolafe\AppData\Local\Programs\MiKTeX\tex/latex/letltxmacro\l
etltxmacro.sty
Package: letltxmacro 2019/12/03 v1.6 Let assignment for LaTeX macros (HO)
)
(C:\Users\Elisha Komolafe\AppData\Local\Programs\MiKTeX\tex/latex/auxhook\auxho
ok.sty
Package: auxhook 2019-12-17 v1.6 Hooks for auxiliary files (HO)
)
(C:\Users\Elisha Komolafe\AppData\Local\Programs\MiKTeX\tex/latex/hyperref\name
ref.sty
Package: nameref 2022-05-17 v2.50 Cross-referencing by name of section

(C:\Users\Elisha Komolafe\AppData\Local\Programs\MiKTeX\tex/latex/refcount\refc
ount.sty
Package: refcount 2019/12/15 v3.6 Data extraction from label references (HO)
)
(C:\Users\Elisha Komolafe\AppData\Local\Programs\MiKTeX\tex/generic/gettitlestr
ing\gettitlestring.sty
Package: gettitlestring 2019/12/15 v1.6 Cleanup title references (HO)

(C:\Users\Elisha Komolafe\AppData\Local\Programs\MiKTeX\tex/latex/kvoptions\kvo
ptions.sty
Package: kvoptions 2022-06-15 v3.15 Key value format for package options (HO)
))
\c@section@level=\count275
)
\@linkdim=\dimen156
\Hy@linkcounter=\count276
\Hy@pagecounter=\count277

(C:\Users\Elisha Komolafe\AppData\Local\Programs\MiKTeX\tex/latex/hyperref\pd1e
nc.def
File: pd1enc.def 2022-06-20 v7.00s Hyperref: PDFDocEncoding definition (HO)
Now handling font encoding PD1 ...
... no UTF-8 mapping file for font encoding PD1
)
(C:\Users\Elisha Komolafe\AppData\Local\Programs\MiKTeX\tex/generic/intcalc\int
calc.sty
Package: intcalc 2019/12/15 v1.3 Expandable calculations with integers (HO)
)
(C:\Users\Elisha Komolafe\AppData\Local\Programs\MiKTeX\tex/generic/etexcmds\et
excmds.sty
Package: etexcmds 2019/12/15 v1.7 Avoid name clashes with e-TeX commands (HO)
)
\Hy@SavedSpaceFactor=\count278

(C:\Users\Elisha Komolafe\AppData\Local\Programs\MiKTeX\tex/latex/hyperref\puen
c.def
File: puenc.def 2022-06-20 v7.00s Hyperref: PDF Unicode definition (HO)
Now handling font encoding PU ...
... no UTF-8 mapping file for font encoding PU
)
Package hyperref Info: Option `plainpages' set `false' on input line 4045.
Package hyperref Info: Option `pdfpagelabels' set `true' on input line 4045.
Package hyperref Info: Option `breaklinks' set `true' on input line 4045.
Package hyperref Info: Hyper figures OFF on input line 4162.
Package hyperref Info: Link nesting OFF on input line 4167.
Package hyperref Info: Hyper index ON on input line 4170.
Package hyperref Info: Plain pages OFF on input line 4177.
Package hyperref Info: Backreferencing OFF on input line 4182.
Package hyperref Info: Implicit mode ON; LaTeX internals redefined.
Package hyperref Info: Bookmarks ON on input line 4408.
\c@Hy@tempcnt=\count279

(C:\Users\Elisha Komolafe\AppData\Local\Programs\MiKTeX\tex/latex/url\url.sty
\Urlmuskip=\muskip17
Package: url 2013/09/16  ver 3.4  Verb mode for urls, etc.
)
LaTeX Info: Redefining \url on input line 4746.
\XeTeXLinkMargin=\dimen157

(C:\Users\Elisha Komolafe\AppData\Local\Programs\MiKTeX\tex/generic/bitset\bits
et.sty
Package: bitset 2019/12/09 v1.3 Handle bit-vector datatype (HO)

(C:\Users\Elisha Komolafe\AppData\Local\Programs\MiKTeX\tex/generic/bigintcalc\
bigintcalc.sty
Package: bigintcalc 2019/12/15 v1.5 Expandable calculations on big integers (HO
)
))
\Fld@menulength=\count280
\Field@Width=\dimen158
\Fld@charsize=\dimen159
Package hyperref Info: Hyper figures OFF on input line 6024.
Package hyperref Info: Link nesting OFF on input line 6029.
Package hyperref Info: Hyper index ON on input line 6032.
Package hyperref Info: backreferencing OFF on input line 6039.
Package hyperref Info: Link coloring OFF on input line 6044.
Package hyperref Info: Link coloring with OCG OFF on input line 6049.
Package hyperref Info: PDF/A mode OFF on input line 6054.

(C:\Users\Elisha Komolafe\AppData\Local\Programs\MiKTeX\tex/latex/base\atbegshi
-ltx.sty
Package: atbegshi-ltx 2021/01/10 v1.0c Emulation of the original atbegshi
package with kernel methods
)
\Hy@abspage=\count281
\c@Item=\count282
\c@Hfootnote=\count283
)
Package hyperref Info: Driver: hpdftex.

(C:\Users\Elisha Komolafe\AppData\Local\Programs\MiKTeX\tex/latex/hyperref\hpdf
tex.def
File: hpdftex.def 2022-06-20 v7.00s Hyperref driver for pdfTeX

(C:\Users\Elisha Komolafe\AppData\Local\Programs\MiKTeX\tex/latex/base\atveryen
d-ltx.sty
Package: atveryend-ltx 2020/08/19 v1.0a Emulation of the original atveryend pac
kage
with kernel methods
)
\Fld@listcount=\count284
\c@bookmark@seq@number=\count285

(C:\Users\Elisha Komolafe\AppData\Local\Programs\MiKTeX\tex/latex/rerunfilechec
k\rerunfilecheck.sty
Package: rerunfilecheck 2022-07-10 v1.10 Rerun checks for auxiliary files (HO)

(C:\Users\Elisha Komolafe\AppData\Local\Programs\MiKTeX\tex/generic/uniquecount
er\uniquecounter.sty
Package: uniquecounter 2019/12/15 v1.4 Provide unlimited unique counter (HO)
)
Package uniquecounter Info: New unique counter `rerunfilecheck' on input line 2
85.
)
\Hy@SectionHShift=\skip55
)
(C:\Users\Elisha Komolafe\AppData\Local\Programs\MiKTeX\tex/latex/graphics\colo
r.sty
Package: color 2022/01/06 v1.3d Standard LaTeX Color (DPC)

(C:\Users\Elisha Komolafe\AppData\Local\Programs\MiKTeX\tex/latex/graphics-cfg\
color.cfg
File: color.cfg 2016/01/02 v1.6 sample color configuration
)
Package color Info: Driver file: pdftex.def on input line 149.

(C:\Users\Elisha Komolafe\AppData\Local\Programs\MiKTeX\tex/latex/graphics-def\
pdftex.def
File: pdftex.def 2020/10/05 v1.2a Graphics/color driver for pdftex
)
(C:\Users\Elisha Komolafe\AppData\Local\Programs\MiKTeX\tex/latex-dev/graphics\
mathcolor.ltx))
\c@theorem=\count286
\c@corollary=\count287
\c@lemma=\count288
Package hyperref Info: Option `bookmarksnumbered' set `true' on input line 126.

Package hyperref Info: Option `bookmarksopen' set `false' on input line 126.
Package hyperref Info: Option `pdffitwindow' set `true' on input line 126.
Package hyperref Info: Option `pdfnewwindow' set `true' on input line 126.
Package hyperref Info: Option `colorlinks' set `true' on input line 126.
)
(C:\Users\Elisha Komolafe\AppData\Local\Programs\MiKTeX\tex/latex/footmisc\foot
misc.sty
Package: footmisc 2022/03/08 v6.0d a miscellany of footnote facilities
\FN@temptoken=\toks29
\footnotemargin=\dimen160
\@outputbox@depth=\dimen161
Package footmisc Info: Declaring symbol style bringhurst on input line 695.
Package footmisc Info: Declaring symbol style chicago on input line 703.
Package footmisc Info: Declaring symbol style wiley on input line 712.
Package footmisc Info: Declaring symbol style lamport-robust on input line 723.

Package footmisc Info: Declaring symbol style lamport* on input line 743.
Package footmisc Info: Declaring symbol style lamport*-robust on input line 764
.
)
(C:\Users\Elisha Komolafe\AppData\Local\Programs\MiKTeX\tex/latex/blkarray\blka
rray.sty
Package: blkarray 2015/02/27 v0.07 Block array (dpc)
\c@BAenumi=\count289
\BA@col=\count290
\BA@block@cnt=\count291
\BA@final@box=\box53
\BA@first@box=\box54
\BA@colsep=\dimen162
\BA@ftn=\toks30
\BAextrarowheight=\dimen163
\BAextraheightafterhline=\dimen164
\BAarrayrulewidth=\dimen165
\BAdoublerulesep=\dimen166
\BAfootskip=\dimen167
\BA@dashbox=\box55
\BA@ddashbox=\box56
)
(C:\Users\Elisha Komolafe\AppData\Local\Programs\MiKTeX\tex/latex/graphics\grap
hicx.sty
Package: graphicx 2021/09/16 v1.2d Enhanced LaTeX Graphics (DPC,SPQR)

(C:\Users\Elisha Komolafe\AppData\Local\Programs\MiKTeX\tex/latex/graphics\grap
hics.sty
Package: graphics 2022/03/10 v1.4e Standard LaTeX Graphics (DPC,SPQR)

(C:\Users\Elisha Komolafe\AppData\Local\Programs\MiKTeX\tex/latex/graphics\trig
.sty
Package: trig 2021/08/11 v1.11 sin cos tan (DPC)
)
(C:\Users\Elisha Komolafe\AppData\Local\Programs\MiKTeX\tex/latex/graphics-cfg\
graphics.cfg
File: graphics.cfg 2016/06/04 v1.11 sample graphics configuration
)
Package graphics Info: Driver file: pdftex.def on input line 107.
)
\Gin@req@height=\dimen168
\Gin@req@width=\dimen169
)
(C:\Users\Elisha Komolafe\AppData\Local\Programs\MiKTeX\tex/latex/nomencl\nomen
cl.sty
Package: nomencl 2021/11/10 v5.6 Nomenclature package

(C:\Users\Elisha Komolafe\AppData\Local\Programs\MiKTeX\tex/latex/xkeyval\xkeyv
al.sty
Package: xkeyval 2022/06/16 v2.9 package option processing (HA)

(C:\Users\Elisha Komolafe\AppData\Local\Programs\MiKTeX\tex/generic/xkeyval\xke
yval.tex
(C:\Users\Elisha Komolafe\AppData\Local\Programs\MiKTeX\tex/generic/xkeyval\xkv
utils.tex
\XKV@toks=\toks31
\XKV@tempa@toks=\toks32
)
\XKV@depth=\count292
File: xkeyval.tex 2014/12/03 v2.7a key=value parser (HA)
))
(C:\Users\Elisha Komolafe\AppData\Local\Programs\MiKTeX\tex/latex/base\ifthen.s
ty
Package: ifthen 2022/04/13 v1.1d Standard LaTeX ifthen package (DPC)
)
(C:\Users\Elisha Komolafe\AppData\Local\Programs\MiKTeX\tex/latex/koma-script\t
ocbasic.sty
Package: tocbasic 2022/07/04 v3.37 KOMA-Script package (handling toc-files)

(C:\Users\Elisha Komolafe\AppData\Local\Programs\MiKTeX\tex/latex/koma-script\s
crbase.sty
Package: scrbase 2022/07/04 v3.37 KOMA-Script package (KOMA-Script-independent 
basics and keyval usage)

(C:\Users\Elisha Komolafe\AppData\Local\Programs\MiKTeX\tex/latex/koma-script\s
crlfile.sty
Package: scrlfile 2022/07/04 v3.37 KOMA-Script package (file load hooks)

(C:\Users\Elisha Komolafe\AppData\Local\Programs\MiKTeX\tex/latex/koma-script\s
crlfile-hook.sty
Package: scrlfile-hook 2022/07/04 v3.37 KOMA-Script package (using LaTeX hooks)


(C:\Users\Elisha Komolafe\AppData\Local\Programs\MiKTeX\tex/latex/koma-script\s
crlogo.sty
Package: scrlogo 2022/07/04 v3.37 KOMA-Script package (logo)
)))
Applying: [2021/05/01] Usage of raw or classic option list on input line 252.
Already applied: [0000/00/00] Usage of raw or classic option list on input line
 368.
)
\scr@dte@tocline@numberwidth=\skip56
\scr@dte@tocline@numbox=\box57
)
Package tocbasic Info: babel extension for `nlo' omitted
(tocbasic)             because of missing \bbl@set@language on input line 187.
Package tocbasic Info: babel extension for `nls' omitted
(tocbasic)             because of missing \bbl@set@language on input line 188.
\nomlabelwidth=\dimen170
\nom@tempdim=\dimen171
\nomitemsep=\skip57
)
(C:\Users\Elisha Komolafe\AppData\Local\Programs\MiKTeX\tex/latex/float\float.s
ty
Package: float 2001/11/08 v1.3d Float enhancements (AL)
\c@float@type=\count293
\float@exts=\toks33
\float@box=\box58
\@float@everytoks=\toks34
\@floatcapt=\box59
)
(C:\Users\Elisha Komolafe\AppData\Local\Programs\MiKTeX\tex/latex/fancyhdr\fanc
yhdr.sty
Package: fancyhdr 2022/05/18 v4.0.3 Extensive control of page headers and foote
rs
\f@nch@headwidth=\skip58
\f@nch@O@elh=\skip59
\f@nch@O@erh=\skip60
\f@nch@O@olh=\skip61
\f@nch@O@orh=\skip62
\f@nch@O@elf=\skip63
\f@nch@O@erf=\skip64
\f@nch@O@olf=\skip65
\f@nch@O@orf=\skip66
)
(C:\Users\Elisha Komolafe\AppData\Local\Programs\MiKTeX\tex/latex/srcltx\srcltx
.sty
Package: srcltx 2006/11/12 v1.6 Source specials for inverse search in DVI files

\src@lastline=\count294
\src@new@everypar=\toks35
\src@new@output=\toks36
)
(C:\Users\Elisha Komolafe\AppData\Local\Programs\MiKTeX\tex/latex/relsize\relsi
ze.sty
Package: relsize 2013/03/29 ver 4.1
)
(C:\Users\Elisha Komolafe\AppData\Local\Programs\MiKTeX\tex/latex/adjustbox\adj
ustbox.sty
Package: adjustbox 2020/08/19 v1.3 Adjusting TeX boxes (trim, clip, ...)

(C:\Users\Elisha Komolafe\AppData\Local\Programs\MiKTeX\tex/latex/adjustbox\adj
calc.sty
Package: adjcalc 2012/05/16 v1.1 Provides advanced setlength with multiple back
-ends (calc, etex, pgfmath)
)
(C:\Users\Elisha Komolafe\AppData\Local\Programs\MiKTeX\tex/latex/adjustbox\tri
mclip.sty
Package: trimclip 2020/08/19 v1.2 Trim and clip general TeX material

(C:\Users\Elisha Komolafe\AppData\Local\Programs\MiKTeX\tex/latex/collectbox\co
llectbox.sty
Package: collectbox 2012/05/17 v0.4b Collect macro arguments as boxes
\collectedbox=\box60
)
\tc@llx=\dimen172
\tc@lly=\dimen173
\tc@urx=\dimen174
\tc@ury=\dimen175
Package trimclip Info: Using driver 'tc-pdftex.def'.

(C:\Users\Elisha Komolafe\AppData\Local\Programs\MiKTeX\tex/latex/adjustbox\tc-
pdftex.def
File: tc-pdftex.def 2019/01/04 v2.2 Clipping driver for pdftex
))
\adjbox@Width=\dimen176
\adjbox@Height=\dimen177
\adjbox@Depth=\dimen178
\adjbox@Totalheight=\dimen179
\adjbox@pwidth=\dimen180
\adjbox@pheight=\dimen181
\adjbox@pdepth=\dimen182
\adjbox@ptotalheight=\dimen183

(C:\Users\Elisha Komolafe\AppData\Local\Programs\MiKTeX\tex/latex/ifoddpage\ifo
ddpage.sty
Package: ifoddpage 2016/04/23 v1.1 Conditionals for odd/even page detection
\c@checkoddpage=\count295
)
(C:\Users\Elisha Komolafe\AppData\Local\Programs\MiKTeX\tex/latex/varwidth\varw
idth.sty
Package: varwidth 2009/03/30 ver 0.92;  Variable-width minipages
\@vwid@box=\box61
\sift@deathcycles=\count296
\@vwid@loff=\dimen184
\@vwid@roff=\dimen185
))
(C:\Users\Elisha Komolafe\AppData\Local\Programs\MiKTeX\tex/latex/epstopdf-pkg\
epstopdf.sty
Package: epstopdf 2020-01-24 v2.11 Conversion with epstopdf on the fly (HO)

(C:\Users\Elisha Komolafe\AppData\Local\Programs\MiKTeX\tex/latex/grfext\grfext
.sty
Package: grfext 2019/12/03 v1.3 Manage graphics extensions (HO)
)
(C:\Users\Elisha Komolafe\AppData\Local\Programs\MiKTeX\tex/latex/epstopdf-pkg\
epstopdf-base.sty
Package: epstopdf-base 2020-01-24 v2.11 Base part for package epstopdf
Package epstopdf-base Info: Redefining graphics rule for `.eps' on input line 4
85.
Package grfext Info: Graphics extension search list:
(grfext)             [.pdf,.png,.jpg,.mps,.jpeg,.jbig2,.jb2,.PDF,.PNG,.JPG,.JPE
G,.JBIG2,.JB2,.eps]
(grfext)             \AppendGraphicsExtensions on input line 504.

(C:\Users\Elisha Komolafe\AppData\Local\Programs\MiKTeX\tex/latex/00miktex\epst
opdf-sys.cfg
File: epstopdf-sys.cfg 2021/03/18 v2.0 Configuration of epstopdf for MiKTeX
)))
(C:\Users\Elisha Komolafe\AppData\Local\Programs\MiKTeX\tex/latex/booktabs\book
tabs.sty
Package: booktabs 2020/01/12 v1.61803398 Publication quality tables
\heavyrulewidth=\dimen186
\lightrulewidth=\dimen187
\cmidrulewidth=\dimen188
\belowrulesep=\dimen189
\belowbottomsep=\dimen190
\aboverulesep=\dimen191
\abovetopsep=\dimen192
\cmidrulesep=\dimen193
\cmidrulekern=\dimen194
\defaultaddspace=\dimen195
\@cmidla=\count297
\@cmidlb=\count298
\@aboverulesep=\dimen196
\@belowrulesep=\dimen197
\@thisruleclass=\count299
\@lastruleclass=\count300
\@thisrulewidth=\dimen198
)
(C:\Users\Elisha Komolafe\AppData\Local\Programs\MiKTeX\tex/latex/caption\capti
on.sty
Package: caption 2022/03/01 v3.6b Customizing captions (AR)

(C:\Users\Elisha Komolafe\AppData\Local\Programs\MiKTeX\tex/latex/caption\capti
on3.sty
Package: caption3 2022/03/17 v2.3b caption3 kernel (AR)
\caption@tempdima=\dimen199
\captionmargin=\dimen256
\caption@leftmargin=\dimen257
\caption@rightmargin=\dimen258
\caption@width=\dimen259
\caption@indent=\dimen260
\caption@parindent=\dimen261
\caption@hangindent=\dimen262
Package caption Info: Standard document class detected.
)

Package caption Warning: Configuration file caption.cfg not found on input line
 169.
See the caption package documentation for explanation.

\c@caption@flags=\count301
\c@continuedfloat=\count302
Package caption Info: float package is loaded.
Package caption Info: hyperref package is loaded.
)
(C:\Users\Elisha Komolafe\AppData\Local\Programs\MiKTeX\tex/latex/subfig\subfig
.sty
Package: subfig 2005/06/28 ver: 1.3 subfig package
\c@KVtest=\count303
\sf@farskip=\skip67
\sf@captopadj=\dimen263
\sf@capskip=\skip68
\sf@nearskip=\skip69


Package subfig Warning: Configuration file subfig.cfg not found on input line 2
97.

\c@subfigure=\count304
\c@subfigure@save=\count305
\c@lofdepth=\count306
\c@subtable=\count307
\c@subtable@save=\count308
\c@lotdepth=\count309
\sf@top=\skip70
\sf@bottom=\skip71
)
(C:\Users\Elisha Komolafe\AppData\Local\Programs\MiKTeX\tex/latex/jknappen\math
rsfs.sty
Package: mathrsfs 1996/01/01 Math RSFS package v1.0 (jk)
\symrsfs=\mathgroup6
)
(C:\Users\Elisha Komolafe\AppData\Local\Programs\MiKTeX\tex/latex/csquotes\csqu
otes.sty
Package: csquotes 2021-02-22 v5.2l context-sensitive quotations (JAW)

(C:\Users\Elisha Komolafe\AppData\Local\Programs\MiKTeX\tex/latex/etoolbox\etoo
lbox.sty
Package: etoolbox 2020/10/05 v2.5k e-TeX tools for LaTeX (JAW)
\etb@tempcnta=\count310
)
\csq@reset=\count311
\csq@gtype=\count312
\csq@glevel=\count313
\csq@qlevel=\count314
\csq@maxlvl=\count315
\csq@tshold=\count316
\csq@ltx@everypar=\toks37
Package srcltx Info: Expanded filename `csquotes.def' to `csquotes.def.tex' on 
input line 2474.

:<+ csquotes.def.tex

(C:\Users\Elisha Komolafe\AppData\Local\Programs\MiKTeX\tex/latex/csquotes\csqu
otes.def
File: csquotes.def 2021-02-22 v5.2l csquotes generic definitions (JAW)
)
:<-
Package csquotes Info: Trying to load configuration file 'csquotes.cfg'...
Package csquotes Info: ... configuration file loaded successfully.

(C:\Users\Elisha Komolafe\AppData\Local\Programs\MiKTeX\tex/latex/csquotes\csqu
otes.cfg
File: csquotes.cfg 
))
\@glossaryfile=\write3
\openout3 = `eeeoauthesis.glo'.


Writing glossary file eeeoauthesis.glo 

(C:\Users\Elisha Komolafe\AppData\Local\Programs\MiKTeX\tex/latex/mfirstuc\mfir
stuc.sty
Package: mfirstuc 2021/10/15 v2.07 (NLCT)
\@glsmfirst=\toks38
\@glsmrest=\toks39
)
(C:\Users\Elisha Komolafe\AppData\Local\Programs\MiKTeX\tex/latex/natbib\natbib
.sty
Package: natbib 2010/09/13 8.31b (PWD, AO)
\bibhang=\skip72
\bibsep=\skip73
LaTeX Info: Redefining \cite on input line 694.
\c@NAT@ctr=\count317
)
(C:\Users\Elisha Komolafe\AppData\Local\Programs\MiKTeX\tex/latex/hanging\hangi
ng.sty
Package: hanging 2009/09/02 v1.2b hanging paragraphs and punctuation
\h@ngcommawd=\skip74
\h@ngfstopwd=\skip75
\h@ngquotewd=\skip76
\h@ngdquotewd=\skip77
\h@ngquerywd=\skip78
\h@ngexclwd=\skip79
\h@ngcolonwd=\skip80
\h@ngscolonwd=\skip81
)
(C:\Users\Elisha Komolafe\AppData\Local\Programs\MiKTeX\tex/latex/titlecaps\tit
lecaps.sty
Package: titlecaps 2022/04/12\ 1.3\ Routines for setting rich-text input into T
itling Caps

(C:\Users\Elisha Komolafe\AppData\Local\Programs\MiKTeX\tex/latex/ifnextok\ifne
xtok.sty
Package: ifnextok 2011/06/27 v0.3 test next token (UL)
)
\c@lcword@index=\count318
\c@word@count=\count319
\c@lc@words=\count320
\c@dia@count=\count321
\c@arg@@@index=\count322
)
(C:\Users\Elisha Komolafe\AppData\Local\Programs\MiKTeX\tex/latex/xifthen\xifth
en.sty
Package: xifthen 2015/11/05 v1.4.0 Extended ifthen features

(C:\Users\Elisha Komolafe\AppData\Local\Programs\MiKTeX\tex/latex/tools\calc.st
y
Package: calc 2017/05/25 v4.3 Infix arithmetic (KKT,FJ)
\calc@Acount=\count323
\calc@Bcount=\count324
\calc@Adimen=\dimen264
\calc@Bdimen=\dimen265
\calc@Askip=\skip82
\calc@Bskip=\skip83
LaTeX Info: Redefining \setlength on input line 80.
LaTeX Info: Redefining \addtolength on input line 81.
\calc@Ccount=\count325
\calc@Cskip=\skip84
)
(C:\Users\Elisha Komolafe\AppData\Local\Programs\MiKTeX\tex/latex/ifmtarg\ifmta
rg.sty
Package: ifmtarg 2018/04/16 v1.2b check for an empty argument
))
(C:\Users\Elisha Komolafe\AppData\Local\Programs\MiKTeX\tex/latex/tocloft\toclo
ft.sty
Package: tocloft 2017/08/31 v2.3i parameterised ToC, etc., typesetting
Package tocloft Info: The document has chapter divisions on input line 51.
\cftparskip=\skip85
\cftbeforetoctitleskip=\skip86
\cftaftertoctitleskip=\skip87
\cftbeforepartskip=\skip88
\cftpartnumwidth=\skip89
\cftpartindent=\skip90
\cftbeforechapskip=\skip91
\cftchapindent=\skip92
\cftchapnumwidth=\skip93
\cftbeforesecskip=\skip94
\cftsecindent=\skip95
\cftsecnumwidth=\skip96
\cftbeforesubsecskip=\skip97
\cftsubsecindent=\skip98
\cftsubsecnumwidth=\skip99
\cftbeforesubsubsecskip=\skip100
\cftsubsubsecindent=\skip101
\cftsubsubsecnumwidth=\skip102
\cftbeforeparaskip=\skip103
\cftparaindent=\skip104
\cftparanumwidth=\skip105
\cftbeforesubparaskip=\skip106
\cftsubparaindent=\skip107
\cftsubparanumwidth=\skip108
\cftbeforeloftitleskip=\skip109
\cftafterloftitleskip=\skip110
\cftbeforefigskip=\skip111
\cftfigindent=\skip112
\cftfignumwidth=\skip113
\cftbeforelottitleskip=\skip114
\cftafterlottitleskip=\skip115
\cftbeforetabskip=\skip116
\cfttabindent=\skip117
\cfttabnumwidth=\skip118
\cftbeforesubfigskip=\skip119
\cftsubfigindent=\skip120
\cftsubfignumwidth=\skip121
\cftbeforesubtabskip=\skip122
\cftsubtabindent=\skip123
\cftsubtabnumwidth=\skip124
)
(C:\Users\Elisha Komolafe\AppData\Local\Programs\MiKTeX\tex/latex/tools\longtab
le.sty
Package: longtable 2021-09-01 v4.17 Multi-page Table package (DPC)
\LTleft=\skip125
\LTright=\skip126
\LTpre=\skip127
\LTpost=\skip128
\LTchunksize=\count326
\LTcapwidth=\dimen266
\LT@head=\box62
\LT@firsthead=\box63
\LT@foot=\box64
\LT@lastfoot=\box65
\LT@gbox=\box66
\LT@cols=\count327
\LT@rows=\count328
\c@LT@tables=\count329
\c@LT@chunks=\count330
\LT@p@ftn=\toks40
)
(C:\Users\Elisha Komolafe\AppData\Local\Programs\MiKTeX\tex/latex/listings\list
ings.sty
\lst@mode=\count331
\lst@gtempboxa=\box67
\lst@token=\toks41
\lst@length=\count332
\lst@currlwidth=\dimen267
\lst@column=\count333
\lst@pos=\count334
\lst@lostspace=\dimen268
\lst@width=\dimen269
\lst@newlines=\count335
\lst@lineno=\count336
\lst@maxwidth=\dimen270

(C:\Users\Elisha Komolafe\AppData\Local\Programs\MiKTeX\tex/latex/listings\lstm
isc.sty
File: lstmisc.sty 2020/03/24 1.8d (Carsten Heinz)
\c@lstnumber=\count337
\lst@skipnumbers=\count338
\lst@framebox=\box68
)
(C:\Users\Elisha Komolafe\AppData\Local\Programs\MiKTeX\tex/latex/listings\list
ings.cfg
File: listings.cfg 2020/03/24 1.8d listings configuration
))
Package: listings 2020/03/24 1.8d (Carsten Heinz)

(C:\Users\Elisha Komolafe\AppData\Local\Programs\MiKTeX\tex/latex/xcolor\xcolor
.sty
Package: xcolor 2022/06/12 v2.14 LaTeX color extensions (UK)

(C:\Users\Elisha Komolafe\AppData\Local\Programs\MiKTeX\tex/latex/graphics-cfg\
color.cfg
File: color.cfg 2016/01/02 v1.6 sample color configuration
)
Package xcolor Info: Driver file: pdftex.def on input line 227.
LaTeX Info: Redefining \color on input line 711.

(C:\Users\Elisha Komolafe\AppData\Local\Programs\MiKTeX\tex/latex-dev/graphics\
mathcolor.ltx)
Package xcolor Info: Model `cmy' substituted by `cmy0' on input line 1353.
Package xcolor Info: Model `hsb' substituted by `rgb' on input line 1357.
Package xcolor Info: Model `RGB' extended on input line 1369.
Package xcolor Info: Model `HTML' substituted by `rgb' on input line 1371.
Package xcolor Info: Model `Hsb' substituted by `hsb' on input line 1372.
Package xcolor Info: Model `tHsb' substituted by `hsb' on input line 1373.
Package xcolor Info: Model `HSB' substituted by `hsb' on input line 1374.
Package xcolor Info: Model `Gray' substituted by `gray' on input line 1375.
Package xcolor Info: Model `wave' substituted by `hsb' on input line 1376.
)
(C:\Users\Elisha Komolafe\AppData\Local\Programs\MiKTeX\tex/latex/acro\acro.sty

(C:\Users\Elisha Komolafe\AppData\Local\Programs\MiKTeX\tex/latex/l3packages/l3
keys2e\l3keys2e.sty
(C:\Users\Elisha Komolafe\AppData\Local\Programs\MiKTeX\tex/latex/l3kernel\expl
3.sty
Package: expl3 2022-07-15 L3 programming layer (loader) 

(C:\Users\Elisha Komolafe\AppData\Local\Programs\MiKTeX\tex/latex/l3backend\l3b
ackend-pdftex.def
File: l3backend-pdftex.def 2022-07-01 L3 backend support: PDF output (pdfTeX)
\l__color_backend_stack_int=\count339
\l__pdf_internal_box=\box69
))
Package: l3keys2e 2022-06-22 LaTeX2e option processing using LaTeX3 keys
)
Package: acro 2022/04/01 v3.8 typeset acronyms and other abbreviations (CN)


Package acro Warning: Unknown option `vesion'
(acro)                I don't know the option `vesion'. Please make sure there
(acro)                is no typo. Check the manual for help.

\l__acro_tmpa_int=\count340
\l__acro_tmpb_int=\count341
\l__acro_tmpc_int=\count342
\l__acro_tmpd_int=\count343
Loading module `base' ...
Loading module `interface' ...
Loading module `aux' ...
Loading module `properties' ...
Loading module `acronyms' ...
Loading module `formatting' ...
Loading module `ppfixes' ...
Loading module `tools' ...
\l__acro_minimal_usage_int=\count344
\l__acro_nest_int=\count345
\g_acro_barrier_int=\count346
\g_acro_barrier_total_int=\count347
Loading module `commands' ...
\l_acro_nest_level_int=\count348
Loading module `templates' ...
Loading module `list' ...
Loading module `pages' ...
\l__acro_pages_seq_threshold_int=\count349
Loading module `locale' ...

(C:\Users\Elisha Komolafe\AppData\Local\Programs\MiKTeX\tex/latex/translations\
translations.sty
Package: translations 2022/02/05 v1.12 internationalization of LaTeX2e packages
 (CN)
)
Loading module `pdfsupport' ...
Loading module `patch' ...
Loading module `definitions' ...
Loading module `upgrade' ...
)
(C:\Users\Elisha Komolafe\AppData\Local\Programs\MiKTeX\tex/latex/multirow\bigs
trut.sty
Package: bigstrut 2021/03/15 v2.8 Provide larger struts in tabulars
\bigstrutjot=\dimen271
)
\c@dft=\count350

(C:\Users\Elisha Komolafe\AppData\Local\Programs\MiKTeX\tex/latex/fmtcount\fmtc
ount.sty
Package: fmtcount 2020/01/30 v3.07

(C:\Users\Elisha Komolafe\AppData\Local\Programs\MiKTeX\tex/latex/fmtcount\fcpr
efix.sty
Package: fcprefix 2012/09/28

(C:\Users\Elisha Komolafe\AppData\Local\Programs\MiKTeX\tex/latex/fmtcount\fcnu
mparser.sty
Package: fcnumparser 2017/06/15
\fc@digit@counter=\count351
))
\c@padzeroesN=\count352
\fc@tmpcatcode=\count353
\@DT@modctr=\count354
\@ordinalctr=\count355
\@orgargctr=\count356
\@strctr=\count357
\@tmpstrctr=\count358
\@DT@loopN=\count359
\@DT@X=\count360
)
(C:\Users\Elisha Komolafe\AppData\Local\Programs\MiKTeX\tex/latex/titlesec\titl
esec.sty
Package: titlesec 2021/07/05 v2.14 Sectioning titles
\ttl@box=\box70
\beforetitleunit=\skip129
\aftertitleunit=\skip130
\ttl@plus=\dimen272
\ttl@minus=\dimen273
\ttl@toksa=\toks42
\titlewidth=\dimen274
\titlewidthlast=\dimen275
\titlewidthfirst=\dimen276
))
:<+ do-not-edit/python_highlighting.tex

LaTeX Warning: \include should only be used after \begin{document} on input lin
e 2.

(do-not-edit/python_highlighting.tex)
:<-
:<+ front-matter/acros.tex

LaTeX Warning: \include should only be used after \begin{document} on input lin
e 51.

(front-matter/acros.tex
\c@g@acro@blue@int=\count361
\c@g@acro@bluel@int=\count362
\c@g@acro@who@int=\count363
\c@g@acro@apbt@int=\count364
\c@g@acro@mime@int=\count365
\c@g@acro@cva@int=\count366
\c@g@acro@uefm@int=\count367
\c@g@acro@ueft@int=\count368
\c@g@acro@adler@int=\count369
\c@g@acro@bias@int=\count370
\c@g@acro@biadler@int=\count371
\c@g@acro@rom@int=\count372
\c@g@acro@haapi@int=\count373
\c@g@acro@adl@int=\count374
\c@g@acro@mhmi@int=\count375
\c@g@acro@at@int=\count376
\c@g@acro@es@int=\count377
\c@g@acro@fms@int=\count378
\c@g@acro@seat@int=\count379
\c@g@acro@sti@int=\count380
\c@g@acro@batrac@int=\count381
\c@g@acro@arcmime@int=\count382
\c@g@acro@fma@int=\count383
\c@g@acro@fim@int=\count384
\c@g@acro@mss@int=\count385
\c@g@acro@dof@int=\count386
\c@g@acro@ct@int=\count387
\c@g@acro@mri@int=\count388
\c@g@acro@eeg@int=\count389
\c@g@acro@ecg@int=\count390
\c@g@acro@built@int=\count391
\c@g@acro@vr@int=\count392
\c@g@acro@dmct@int=\count393
\c@g@acro@mcimt@int=\count394
\c@g@acro@mbatrac@int=\count395
\c@g@acro@cimt@int=\count396
\c@g@acro@ultra@int=\count397
\c@g@acro@semg@int=\count398
\c@g@acro@wmft@int=\count399
\c@g@acro@mas@int=\count400
\c@g@acro@ulexo@int=\count401
\c@g@acro@ul@int=\count402
\c@g@acro@arm@int=\count403
\c@g@acro@ipam@int=\count404
\c@g@acro@nere@int=\count405
\c@g@acro@bmt@int=\count406
\c@g@acro@rd@int=\count407
\c@g@acro@rsd@int=\count408
\c@g@acro@rs@int=\count409
\c@g@acro@pd@int=\count410
\c@g@acro@cvs@int=\count411
\c@g@acro@fsr@int=\count412
\c@g@acro@pulsr@int=\count413
\c@g@acro@eoa@int=\count414
\c@g@acro@ur@int=\count415
\c@g@acro@id@int=\count416
)
:<-
Package csquotes Info: Checking for multilingual support...
Package csquotes Info: ... none found.
Package translations Info: No language package found. I am going to use `englis
h' as default language. on input line 145.

LaTeX Warning: Unused global option(s):
    [A4paper].

(eeeoauthesis.aux (front-matter/acknowledgements.aux)
(front-matter/dedication.aux) (front-matter/Abstract.aux)
(chapters/chapter-1.aux) (chapters/chapter-2.aux) (chapters/chapter-3.aux)
(chapters/chapter-4.aux) (chapters/chapter-5.aux) (back-matter/appendix-1.aux))
\openout1 = `eeeoauthesis.aux'.

LaTeX Font Info:    Checking defaults for OML/cmm/m/it on input line 145.
LaTeX Font Info:    ... okay on input line 145.
LaTeX Font Info:    Checking defaults for OMS/cmsy/m/n on input line 145.
LaTeX Font Info:    ... okay on input line 145.
LaTeX Font Info:    Checking defaults for OT1/cmr/m/n on input line 145.
LaTeX Font Info:    ... okay on input line 145.
LaTeX Font Info:    Checking defaults for T1/cmr/m/n on input line 145.
LaTeX Font Info:    ... okay on input line 145.
LaTeX Font Info:    Checking defaults for TS1/cmr/m/n on input line 145.
LaTeX Font Info:    ... okay on input line 145.
LaTeX Font Info:    Checking defaults for OMX/cmex/m/n on input line 145.
LaTeX Font Info:    ... okay on input line 145.
LaTeX Font Info:    Checking defaults for U/cmr/m/n on input line 145.
LaTeX Font Info:    ... okay on input line 145.
LaTeX Font Info:    Checking defaults for PD1/pdf/m/n on input line 145.
LaTeX Font Info:    ... okay on input line 145.
LaTeX Font Info:    Checking defaults for PU/pdf/m/n on input line 145.
LaTeX Font Info:    ... okay on input line 145.
*geometry* detected driver: dvips
*geometry* verbose mode - [ preamble ] result:
* driver: dvips
* paper: a4paper
* layout: <same size as paper>
* layoutoffset:(h,v)=(0.0pt,0.0pt)
* vratio: 1:1
* modes: 
* h-part:(L,W,R)=(108.405pt, 416.83289pt, 72.26999pt)
* v-part:(T,H,B)=(72.26999pt, 700.50687pt, 72.26999pt)
* \paperwidth=597.50787pt
* \paperheight=845.04684pt
* \textwidth=416.83289pt
* \textheight=700.50687pt
* \oddsidemargin=36.13501pt
* \evensidemargin=36.13501pt
* \topmargin=-37.0pt
* \headheight=12.0pt
* \headsep=25.0pt
* \topskip=12.0pt
* \footskip=30.0pt
* \marginparwidth=44.0pt
* \marginparsep=10.0pt
* \columnsep=10.0pt
* \skip\footins=10.8pt plus 4.0pt minus 2.0pt
* \hoffset=0.0pt
* \voffset=0.0pt
* \mag=1000
* \@twocolumnfalse
* \@twosidefalse
* \@mparswitchfalse
* \@reversemarginfalse
* (1in=72.27pt=25.4mm, 1cm=28.453pt)

Package hyperref Info: Link coloring ON on input line 145.
(eeeoauthesis.out) (eeeoauthesis.out)
\@outlinefile=\write4
\openout4 = `eeeoauthesis.out'.


(C:\Users\Elisha Komolafe\AppData\Local\Programs\MiKTeX\tex/context/base/mkii\s
upp-pdf.mkii
[Loading MPS to PDF converter (version 2006.09.02).]
\scratchcounter=\count417
\scratchdimen=\dimen277
\scratchbox=\box71
\nofMPsegments=\count418
\nofMParguments=\count419
\everyMPshowfont=\toks43
\MPscratchCnt=\count420
\MPscratchDim=\dimen278
\MPnumerator=\count421
\makeMPintoPDFobject=\count422
\everyMPtoPDFconversion=\toks44
)
Package caption Info: Begin \AtBeginDocument code.
Package caption Info: subfig package v1.3 is loaded.
Package caption Info: listings package is loaded.
Package caption Info: longtable package is loaded.

(C:\Users\Elisha Komolafe\AppData\Local\Programs\MiKTeX\tex/latex/caption\ltcap
tion.sty
Package: ltcaption 2021/01/08 v1.4c longtable captions (AR)
)
Package caption Info: End \AtBeginDocument code.
\c@lstlisting=\count423

(C:\Users\Elisha Komolafe\AppData\Local\Programs\MiKTeX\tex/latex/translations/
dicts\translations-basic-dictionary-english.trsl
File: translations-basic-dictionary-english.trsl (english translation file `tra
nslations-basic-dictionary')
)
Package translations Info: loading dictionary `translations-basic-dictionary' f
or `english'. on input line 145.

(C:\Users\Elisha Komolafe\AppData\Local\Programs\MiKTeX\tex/latex/fmtcount\fc-e
nglish.def
File: fc-english.def 2016/01/12
)
<figures//oaulogo.jpg, id=266, 781.92125pt x 762.85pt>
File: figures//oaulogo.jpg Graphic file (type jpg)
<use figures//oaulogo.jpg>
Package pdftex.def Info: figures//oaulogo.jpg  used on input line 151.
(pdftex.def)             Requested size: 125.10995pt x 122.05849pt.
 [1
Non-PDF special ignored!
<special> papersize=597.50787pt,845.04684pt







{C:/Users/Elisha Komolafe/AppData/Local/MiKTeX/fonts/map/pdftex/pdftex.map} <./
figures//oaulogo.jpg>]
pdfTeX warning (ext4): destination with the same identifier (name{a.1}) has bee
n already used, duplicate ignored
<to be read again> 
                   \relax 
l.157 ...ddToPDFBookmarks{1}{AuthorizationPage}{a}
                                                  
LaTeX Font Info:    Trying to load font information for U+msa on input line 158
.

(C:\Users\Elisha Komolafe\AppData\Local\Programs\MiKTeX\tex/latex/amsfonts\umsa
.fd
File: umsa.fd 2013/01/14 v3.01 AMS symbols A
)
LaTeX Font Info:    Trying to load font information for U+msb on input line 158
.

(C:\Users\Elisha Komolafe\AppData\Local\Programs\MiKTeX\tex/latex/amsfonts\umsb
.fd
File: umsb.fd 2013/01/14 v3.01 AMS symbols B
)
LaTeX Font Info:    Trying to load font information for U+rsfs on input line 15
8.

(C:\Users\Elisha Komolafe\AppData\Local\Programs\MiKTeX\tex/latex/jknappen\ursf
s.fd
File: ursfs.fd 1998/03/24 rsfs font definition file (jk)
) [1





] [2



]
:<+ front-matter/acknowledgements.tex
\openout2 = `front-matter/acknowledgements.aux'.

(front-matter/acknowledgements.tex) [3





]
:<-
:<+ front-matter/dedication.tex
\openout2 = `front-matter/dedication.aux'.

(front-matter/dedication.tex) [4







]
:<-
(eeeoauthesis.toc [5




]
Overfull \hbox (2.9781pt too wide) in paragraph at lines 39--39
 [][] [][][]\OT1/cmr/m/n/12 Development of the Bi-lat-eral Re-ha-bil-i-taion Ro
bot (B.L.U.E.) 
 []

[6])
\tf@toc=\write5
\openout5 = `eeeoauthesis.toc'.

 [7] (eeeoauthesis.lof [8


])
\tf@lof=\write6
\openout6 = `eeeoauthesis.lof'.

 [9] (eeeoauthesis.lot)
\tf@lot=\write7
\openout7 = `eeeoauthesis.lot'.

 [10


] [11





] [12] [13]
:<+ front-matter/Abstract.tex
\openout2 = `front-matter/Abstract.aux'.

(front-matter/Abstract.tex
Underfull \hbox (badness 10000) in paragraph at lines 3--8

 []

) [14







]
:<-
:<+ chapters/chapter-1.tex
\openout2 = `chapters/chapter-1.aux'.

(chapters/chapter-1.tex
Chapter 1.

pdfTeX warning (ext4): destination with the same identifier (name{page.1}) has 
been already used, duplicate ignored
<to be read again> 
                   \relax 
l.12 	\item t
             o test the effectiveness of the bilateral rehabilitation robot ...
[1





] [2]) [3]
:<-
:<+ chapters/chapter-2.tex
\openout2 = `chapters/chapter-2.aux'.

(chapters/chapter-2.tex
Chapter 2.

Underfull \hbox (badness 10000) in paragraph at lines 10--11

 []

[4





] [5] [6]
<figures/ch2/strokecauses.jpg, id=538, 552.0625pt x 310.15875pt>
File: figures/ch2/strokecauses.jpg Graphic file (type jpg)
<use figures/ch2/strokecauses.jpg>
Package pdftex.def Info: figures/ch2/strokecauses.jpg  used on input line 58.
(pdftex.def)             Requested size: 458.5187pt x 257.61627pt.

Overfull \hbox (41.68582pt too wide) in paragraph at lines 58--59
 [][] 
 []

<figures/ch2/strokeeffects.jpg, id=543, 346.896pt x 632.3625pt>
File: figures/ch2/strokeeffects.jpg Graphic file (type jpg)
<use figures/ch2/strokeeffects.jpg>
Package pdftex.def Info: figures/ch2/strokeeffects.jpg  used on input line 65.
(pdftex.def)             Requested size: 343.40692pt x 625.96062pt.
[7] [8 <./figures/ch2/strokecauses.jpg>] [9 <./figures/ch2/strokeeffects.jpg>]
Underfull \hbox (badness 10000) in paragraph at lines 81--82

 []

[10] [11] [12]
<figures/ch2/recpattern.jpg, id=587, 268.6035pt x 230.36063pt>
File: figures/ch2/recpattern.jpg Graphic file (type jpg)
<use figures/ch2/recpattern.jpg>
Package pdftex.def Info: figures/ch2/recpattern.jpg  used on input line 121.
(pdftex.def)             Requested size: 398.35077pt x 284.54752pt.
 [13] [14 <./figures/ch2/recpattern.jpg>]
Underfull \hbox (badness 10000) in paragraph at lines 129--130

 []

[15] [16] [17] [18] [19]
<figures/ch2/bimanu.jpg, id=730, 490.83376pt x 314.67563pt>
File: figures/ch2/bimanu.jpg Graphic file (type jpg)
<use figures/ch2/bimanu.jpg>
Package pdftex.def Info: figures/ch2/bimanu.jpg  used on input line 183.
(pdftex.def)             Requested size: 416.83289pt x 267.24026pt.
<figures/ch2/biadler.jpg, id=735, 240.9pt x 135.50626pt>
File: figures/ch2/biadler.jpg Graphic file (type jpg)
<use figures/ch2/biadler.jpg>
Package pdftex.def Info: figures/ch2/biadler.jpg  used on input line 190.
(pdftex.def)             Requested size: 416.83289pt x 234.4908pt.
<figures/ch2/ulexo.jpg, id=740, 537.17105pt x 336.21262pt>
File: figures/ch2/ulexo.jpg Graphic file (type jpg)
<use figures/ch2/ulexo.jpg>
Package pdftex.def Info: figures/ch2/ulexo.jpg  used on input line 198.
(pdftex.def)             Requested size: 416.83289pt x 260.89552pt.
 [20] [21 <./figures/ch2/bimanu.jpg> <./figures/ch2/biadler.jpg>] [22 <./figure
s/ch2/ulexo.jpg>] [23] [24] [25]
<figures/ch2/ati.png, id=863, 105.996pt x 127.4361pt>
File: figures/ch2/ati.png Graphic file (type png)
<use figures/ch2/ati.png>
Package pdftex.def Info: figures/ch2/ati.png  used on input line 236.
(pdftex.def)             Requested size: 291.39282pt x 350.25343pt.
 [26]
<figures/ch2/commercialloadcell.png, id=878, 353.06906pt x 257.46187pt>
File: figures/ch2/commercialloadcell.png Graphic file (type png)
<use figures/ch2/commercialloadcell.png>
Package pdftex.def Info: figures/ch2/commercialloadcell.png  used on input line
 243.
(pdftex.def)             Requested size: 341.43306pt x 248.97949pt.
 [27] [28 <./figures/ch2/ati.png> <./figures/ch2/commercialloadcell.png>]
Underfull \hbox (badness 10000) in paragraph at lines 259--260

 []

[29] [30] [31]
<figures/ch2/pantl.png, id=1000, 2393.94376pt x 1494.33281pt>
File: figures/ch2/pantl.png Graphic file (type png)
<use figures/ch2/pantl.png>
Package pdftex.def Info: figures/ch2/pantl.png  used on input line 284.
(pdftex.def)             Requested size: 458.5187pt x 286.20634pt.

Overfull \hbox (41.68582pt too wide) in paragraph at lines 284--285
 [][] 
 []

) [32] [33 <./figures/ch2/pantl.png>]
:<-
:<+ chapters/chapter-3.tex
\openout2 = `chapters/chapter-3.aux'.

(chapters/chapter-3.tex
Chapter 3.
[34





] [35]
<figures/ch3/bluedesign1.png, id=1062, 1970.86313pt x 1060.71281pt>
File: figures/ch3/bluedesign1.png Graphic file (type png)
<use figures/ch3/bluedesign1.png>
Package pdftex.def Info: figures/ch3/bluedesign1.png  used on input line 31.
(pdftex.def)             Requested size: 416.83289pt x 224.32622pt.
<figures/ch3/bluedesign2.png, id=1063, 1561.33313pt x 1084.80281pt>
File: figures/ch3/bluedesign2.png Graphic file (type png)
<use figures/ch3/bluedesign2.png>
Package pdftex.def Info: figures/ch3/bluedesign2.png  used on input line 38.
(pdftex.def)             Requested size: 416.83289pt x 289.60667pt.
<figures/ch3/bluedesign3.png, id=1064, 1468.73718pt x 681.29532pt>
File: figures/ch3/bluedesign3.png Graphic file (type png)
<use figures/ch3/bluedesign3.png>
Package pdftex.def Info: figures/ch3/bluedesign3.png  used on input line 45.
(pdftex.def)             Requested size: 416.83289pt x 193.34991pt.
<figures/ch3/bluepres.png, id=1065, 330.48468pt x 223.58531pt>
File: figures/ch3/bluepres.png Graphic file (type png)
<use figures/ch3/bluepres.png>
Package pdftex.def Info: figures/ch3/bluepres.png  used on input line 51.
(pdftex.def)             Requested size: 416.83289pt x 282.01576pt.
 [36] [37 <./figures/ch3/bluedesign1.png

pdfTeX warning: pdflatex.exe (file ./figures/ch3/bluedesign1.png): large interl
aced PNG might cause out of memory (use non-interlaced PNG to fix this)
> <./figures/ch3/bluedesign2.png

pdfTeX warning: pdflatex.exe (file ./figures/ch3/bluedesign2.png): large interl
aced PNG might cause out of memory (use non-interlaced PNG to fix this)
>] [38 <./figures/ch3/bluedesign3.png> <./figures/ch3/bluepres.png>] [39]
<figures/ch3/loadcel1.png, id=1101, 330.45595pt x 377.90038pt>
File: figures/ch3/loadcel1.png Graphic file (type png)
<use figures/ch3/loadcel1.png>
Package pdftex.def Info: figures/ch3/loadcel1.png  used on input line 68.
(pdftex.def)             Requested size: 416.83289pt x 476.69902pt.
<figures/ch3/loadcelldesign.png, id=1102, 515.67656pt x 324.46219pt>
File: figures/ch3/loadcelldesign.png Graphic file (type png)
<use figures/ch3/loadcelldesign.png>
Package pdftex.def Info: figures/ch3/loadcelldesign.png  used on input line 75.

(pdftex.def)             Requested size: 416.83289pt x 262.27823pt.
<figures/ch3/sparkfun.png, id=1103, 430.2586pt x 309.24837pt>
File: figures/ch3/sparkfun.png Graphic file (type png)
<use figures/ch3/sparkfun.png>
Package pdftex.def Info: figures/ch3/sparkfun.png  used on input line 81.
(pdftex.def)             Requested size: 416.83289pt x 299.60248pt.

[40] [41 <./figures/ch3/loadcel1.png>] [42 <./figures/ch3/loadcelldesign.png> <
./figures/ch3/sparkfun.png>]
<figures/ch3/calibration.jpg, id=1131, 339.3405pt x 273.969pt>
File: figures/ch3/calibration.jpg Graphic file (type jpg)
<use figures/ch3/calibration.jpg>
Package pdftex.def Info: figures/ch3/calibration.jpg  used on input line 96.
(pdftex.def)             Requested size: 426.79134pt x 344.59657pt.

Overfull \hbox (9.95845pt too wide) in paragraph at lines 96--97
 [][] 
 []

<figures/ch3/loadcelltesting.jpg, id=1132, 443.8035pt x 343.9395pt>
File: figures/ch3/loadcelltesting.jpg Graphic file (type jpg)
<use figures/ch3/loadcelltesting.jpg>
Package pdftex.def Info: figures/ch3/loadcelltesting.jpg  used on input line 10
3.
(pdftex.def)             Requested size: 416.83289pt x 323.05125pt.
[43] [44 <./figures/ch3/calibration.jpg>] [45 <./figures/ch3/loadcelltesting.jp
g>]) [46]
:<-
:<+ chapters/chapter-4.tex
\openout2 = `chapters/chapter-4.aux'.

(chapters/chapter-4.tex
Chapter 4.
[47





]
<figures/ch4/matlabresult1.jpg, id=1164, 3854.4pt x 1895.08pt>
File: figures/ch4/matlabresult1.jpg Graphic file (type jpg)
<use figures/ch4/matlabresult1.jpg>
Package pdftex.def Info: figures/ch4/matlabresult1.jpg  used on input line 15.
(pdftex.def)             Requested size: 500.19818pt x 245.90639pt.

Overfull \hbox (83.3653pt too wide) in paragraph at lines 15--16
 [][] 
 []

<figures/ch4/matlabresult2.jpg, id=1165, 3854.4pt x 1895.08pt>
File: figures/ch4/matlabresult2.jpg Graphic file (type jpg)
<use figures/ch4/matlabresult2.jpg>
Package pdftex.def Info: figures/ch4/matlabresult2.jpg  used on input line 23.
(pdftex.def)             Requested size: 500.19818pt x 245.90639pt.

Overfull \hbox (83.3653pt too wide) in paragraph at lines 23--24
 [][] 
 []

[48] [49 <./figures/ch4/matlabresult1.jpg> <./figures/ch4/matlabresult2.jpg>])
[50]
:<-
:<+ chapters/chapter-5.tex
\openout2 = `chapters/chapter-5.aux'.

(chapters/chapter-5.tex
Chapter 5.
) [51





]
:<-
[52


]
:<+ back-matter/appendix-1.tex
\openout2 = `back-matter/appendix-1.aux'.

(back-matter/appendix-1.tex
Appendix A.

(C:\Users\Elisha Komolafe\AppData\Local\Programs\MiKTeX\tex/latex/listings\lstl
ang1.sty
File: lstlang1.sty 2020/03/24 1.8d listings language file
)
(C:\Users\Elisha Komolafe\AppData\Local\Programs\MiKTeX\tex/latex/listings\lstm
isc.sty
File: lstmisc.sty 2020/03/24 1.8d (Carsten Heinz)
)
Package hyperref Info: bookmark level for unknown lstlisting defaults to 0 on i
nput line 9.
Package srcltx Info: Expanded filename `codes/3_load_cell.ino' to `codes/3_load
_cell.ino.tex' on input line 9.

:<+ codes/3_load_cell.ino.tex
(codes/3_load_cell.ino [53



]
LaTeX Font Info:    Trying to load font information for OMS+cmr on input line 1
6.

(C:\Users\Elisha Komolafe\AppData\Local\Programs\MiKTeX\tex/latex/base\omscmr.f
d
File: omscmr.fd 2019/12/16 v2.5j Standard LaTeX font definitions
)
LaTeX Font Info:    Font shape `OMS/cmr/m/n' in size <12> not available
(Font)              Font shape `OMS/cmsy/m/n' tried instead on input line 16.
 [54])
:<-

Overfull \hbox (1.01494pt too wide) in paragraph at lines 11--11
|[]\OT1/cmr/bx/n/14.4 arduino code to im-ple-ment the hy-brid ac-tive master-
 []

Package srcltx Info: Expanded filename `codes/v1.ino' to `codes/v1.ino.tex' on 
input line 14.
:<+ codes/v1.ino.tex
(codes/v1.ino [55] [56]
LaTeX Font Info:    Trying to load font information for OML+cmr on input line 3
6.

(C:\Users\Elisha Komolafe\AppData\Local\Programs\MiKTeX\tex/latex/base\omlcmr.f
d
File: omlcmr.fd 2019/12/16 v2.5j Standard LaTeX font definitions
)
LaTeX Font Info:    Font shape `OML/cmr/m/n' in size <12> not available
(Font)              Font shape `OML/cmm/m/it' tried instead on input line 36.
 [57] [58])
:<-
Package srcltx Info: Expanded filename `codes/calibration.ino' to `codes/calibr
ation.ino.tex' on input line 19.
:<+ codes/calibration.ino.tex
(codes/calibration.ino [59] [60] [61])
:<-
[62]
(C:\Users\Elisha Komolafe\AppData\Local\Programs\MiKTeX\tex/latex/listings\lstl
ang1.sty
File: lstlang1.sty 2020/03/24 1.8d listings language file
)
Package srcltx Info: Expanded filename `codes/force_torque.py' to `codes/force_
torque.py.tex' on input line 26.

:<+ codes/force_torque.py.tex
(codes/force_torque.py
LaTeX Font Info:    Font shape `OT1/cmtt/bx/n' in size <10.95> not available
(Font)              Font shape `OT1/cmtt/m/n' tried instead on input line 3.
)
:<-
[63]
*geometry* verbose mode - [ newgeometry ] result:
* driver: dvips
* paper: a4paper
* layout: <same size as paper>
* layoutoffset:(h,v)=(0.0pt,0.0pt)
* modes: 
* h-part:(L,W,R)=(5.69046pt, 586.12695pt, 5.69046pt)
* v-part:(T,H,B)=(101.40665pt, 729.41383pt, 14.22636pt)
* \paperwidth=597.50787pt
* \paperheight=845.04684pt
* \textwidth=586.12695pt
* \textheight=729.41383pt
* \oddsidemargin=-66.57953pt
* \evensidemargin=-66.57953pt
* \topmargin=-7.86334pt
* \headheight=12.0pt
* \headsep=25.0pt
* \topskip=12.0pt
* \footskip=30.0pt
* \marginparwidth=44.0pt
* \marginparsep=10.0pt
* \columnsep=10.0pt
* \skip\footins=10.8pt plus 4.0pt minus 2.0pt
* \hoffset=0.0pt
* \voffset=0.0pt
* \mag=1000
* \@twocolumnfalse
* \@twosidefalse
* \@mparswitchfalse
* \@reversemarginfalse
* (1in=72.27pt=25.4mm, 1cm=28.453pt)


Underfull \hbox (badness 1509) in paragraph at lines 45--45
[]|\OT1/cmss/m/n/10 An as-sess-ment of robot-
 []


Underfull \hbox (badness 4726) in paragraph at lines 45--45
\OT1/cmss/m/n/10 assisted bi-man-ual move-
 []


Underfull \hbox (badness 1127) in paragraph at lines 50--53
[]|\OT1/cmss/m/n/10 For the first goal, when
 []


Underfull \hbox (badness 1400) in paragraph at lines 50--53
\OT1/cmss/m/n/10 and emg pro-files showed
 []


Underfull \hbox (badness 5681) in paragraph at lines 50--53
\OT1/cmss/m/n/10 dur-ing bi-man-ual, robot-
 []


Underfull \hbox (badness 1052) in paragraph at lines 50--53
\OT1/cmss/m/n/10 assisted move-ment. For
 []


Underfull \hbox (badness 1810) in paragraph at lines 50--53
\OT1/cmss/m/n/10 mus-cle ac-ti-va-tion pro-files
 []


Underfull \hbox (badness 1383) in paragraph at lines 50--53
\OT1/cmss/m/n/10 were sim-i-lar in vol-un-tary
 []


Underfull \hbox (badness 3646) in paragraph at lines 50--53
\OT1/cmss/m/n/10 ual move-ment. Show-
 []


Underfull \hbox (badness 2197) in paragraph at lines 50--53
\OT1/cmss/m/n/10 assisted move-ment train-
 []


Underfull \hbox (badness 10000) in paragraph at lines 54--54
[]|\OT1/cmss/m/n/10 Bilateral as-sess-ment
 []


Underfull \hbox (badness 10000) in paragraph at lines 54--54
\OT1/cmss/m/n/10 of func-tional tasks for
 []


Underfull \hbox (badness 10000) in paragraph at lines 54--54
\OT1/cmss/m/n/10 robot-assisted ther-apy
 []


Underfull \hbox (badness 10000) in paragraph at lines 54--54
\OT1/cmss/m/n/10 ap-pli-ca-tions [][]John-son,
 []


Underfull \hbox (badness 10000) in paragraph at lines 54--54
\OT1/cmss/m/n/10 Paran-jape, Stra-chota,
 []


Underfull \hbox (badness 4279) in paragraph at lines 54--54
\OT1/cmss/m/n/10 Tchekanov and McGuire[][]
 []


Underfull \hbox (badness 2142) in paragraph at lines 54--54
\OT1/cmss/m/n/10 and af-ter robot-assisted
 []


Underfull \hbox (badness 5217) in paragraph at lines 56--58
[]|\OT1/cmss/m/n/10 It was found that the
 []


Underfull \hbox (badness 1939) in paragraph at lines 56--58
\OT1/cmss/m/n/10 ac-cu-rately right and left
 []


Underfull \hbox (badness 1552) in paragraph at lines 56--58
\OT1/cmss/m/n/10 i-cal func-tional tasks and
 []


Underfull \hbox (badness 1184) in paragraph at lines 56--58
\OT1/cmss/m/n/10 post-robot ther-apy. Re-
 []


Underfull \hbox (badness 4569) in paragraph at lines 56--58
\OT1/cmss/m/n/10 sults from both stud-ies
 []


Underfull \hbox (badness 1107) in paragraph at lines 56--58
\OT1/cmss/m/n/10 showed the BiAS[] sys-tem
 []


Underfull \hbox (badness 1571) in paragraph at lines 56--58
\OT1/cmss/m/n/10 all sub-jects re-gard-less of
 []


Underfull \hbox (badness 1888) in paragraph at lines 59--59
[]|\OT1/cmss/m/n/10 Rehabilitation robot with
 []


Underfull \hbox (badness 2582) in paragraph at lines 59--59
\OT1/cmss/m/n/10 for bi-man-ual train-ing of
 []


Underfull \hbox (badness 3907) in paragraph at lines 59--59
[]|\OT1/cmss/m/n/10 To study the de-vel-op-
 []


Underfull \hbox (badness 1540) in paragraph at lines 59--61
\OT1/cmss/m/n/10 4 sub-jects with 8 train-
 []


Underfull \hbox (badness 3612) in paragraph at lines 59--61
\OT1/cmss/m/n/10 a sys-tem for uni-man-ual
 []


Underfull \hbox (badness 1394) in paragraph at lines 59--61
\OT1/cmss/m/n/10 the sys-tem can be used
 []


Underfull \hbox (badness 4144) in paragraph at lines 59--61
\OT1/cmss/m/n/10 as an eval-u-a-tion de-vice
 []


Underfull \hbox (badness 3713) in paragraph at lines 59--61
\OT1/cmss/m/n/10 to mon-i-tor the pa-tients
 []


Underfull \hbox (badness 2205) in paragraph at lines 62--62
\OT1/cmss/m/n/10 and wrist move-ments in
 []


Underfull \hbox (badness 2245) in paragraph at lines 62--64
\OT1/cmss/m/n/10 bi-man-ual prac-tice of a 1df prona-tion and
 []


Underfull \hbox (badness 1565) in paragraph at lines 62--64
\OT1/cmss/m/n/10 paretic arm has an iso-met-ric re-sis-tance to
 []


Underfull \hbox (badness 6078) in paragraph at lines 64--65
\OT1/cmss/m/n/10 i-tive im-pres-sion on the
 []


Underfull \hbox (badness 10000) in paragraph at lines 66--66
[]|\OT1/cmss/m/n/10 Describes the de-sign
 []


Underfull \hbox (badness 10000) in paragraph at lines 66--66
\OT1/cmss/m/n/10 and fea-si-bil-ity test-ing
 []


Underfull \hbox (badness 10000) in paragraph at lines 66--66
\OT1/cmss/m/n/10 of a robotic/vir-tual
 []


Underfull \hbox (badness 10000) in paragraph at lines 66--66
\OT1/cmss/m/n/10 en-vi-ron-ment sys-tem
 []


Underfull \hbox (badness 7379) in paragraph at lines 69--69
[]|\OT1/cmss/m/n/10 Upper-limb pow-ered ex-
 []


Underfull \hbox (badness 1603) in paragraph at lines 69--69
\OT1/cmss/m/n/10 limb dur-ing daily liv-ing
 []


Underfull \hbox (badness 3895) in paragraph at lines 69--69
\OT1/cmss/m/n/10 ac-tiv-i-ties to de-velop a
 []


Underfull \hbox (badness 3240) in paragraph at lines 69--69
\OT1/cmss/m/n/10 an-thro-po-mor-phic 7-DOF[]
 []


Underfull \hbox (badness 2452) in paragraph at lines 69--69
\OT1/cmss/m/n/10 of an ex-oskele-ton arm for func-tional use.
 []


Underfull \hbox (badness 1320) in paragraph at lines 69--69
\OT1/cmss/m/n/10 fol-low-ing cat-e-gories, gen-eral reach-ing tasks,
 []


Underfull \hbox (badness 3503) in paragraph at lines 69--70
\OT1/cmss/m/n/10 tem was de-vel-oped and
 []


Underfull \hbox (badness 6110) in paragraph at lines 69--70
\OT1/cmss/m/n/10 tested us-ing new tech-
 []


Underfull \hbox (badness 10000) in paragraph at lines 71--71
[]|\OT1/cmss/m/n/10 To com-pare a
 []


Underfull \hbox (badness 10000) in paragraph at lines 71--71
\OT1/cmss/m/n/10 and electromyography-
 []


Underfull \hbox (badness 10000) in paragraph at lines 71--71
\OT1/cmss/m/n/10 initiated elec-tri-cal
 []


Underfull \hbox (badness 10000) in paragraph at lines 73--73
[]|\OT1/cmss/m/n/10 Repetitive bi-lat-eral arm
 []


Underfull \hbox (badness 10000) in paragraph at lines 73--73
\OT1/cmss/m/n/10 train-ing with rhyth-mic
 []


Underfull \hbox (badness 2790) in paragraph at lines 73--73
\OT1/cmss/m/n/10 au-di-tory cue-ing im-proves
 []


Underfull \hbox (badness 2512) in paragraph at lines 73--73
\OT1/cmss/m/n/10 if Bi-lat-eral Arm Train-
 []


Underfull \hbox (badness 1622) in paragraph at lines 73--73
\OT1/cmss/m/n/10 (BA-TRAC)[] will im-prove
 []


Underfull \hbox (badness 5175) in paragraph at lines 73--73
\OT1/cmss/m/n/10 mo-tor func-tion in the
 []


Underfull \hbox (badness 1005) in paragraph at lines 73--74
\OT1/cmss/m/n/10 pro-to-col and the FM-UE
 []


Underfull \hbox (badness 5274) in paragraph at lines 73--74
\OT1/cmss/m/n/10 Score[] showed sig-nif-i-cant
 []


Underfull \hbox (badness 3375) in paragraph at lines 73--74
\OT1/cmss/m/n/10 jects could ex-tend their
 []


Underfull \hbox (badness 10000) in paragraph at lines 75--75
\OT1/cmss/m/n/10 phi-los-o-phy of Driver's
 []


Underfull \hbox (badness 2980) in paragraph at lines 75--75
\OT1/cmss/m/n/10 SEAT[], a 1-dof robotic
 []


Underfull \hbox (badness 10000) in paragraph at lines 75--75
\OT1/cmss/m/n/10 de-vice that aims to
 []


Underfull \hbox (badness 10000) in paragraph at lines 75--75
\OT1/cmss/m/n/10 pro-mote co-or-di-nated
 []


Underfull \hbox (badness 1199) in paragraph at lines 75--75
\OT1/cmss/m/n/10 Sys-tems Tech-nol-ogy Inc. (STI)[] sim-u-la-tion
 []


Underfull \hbox (badness 1895) in paragraph at lines 75--76
\OT1/cmss/m/n/10 with ei-ther right or left
 []


Underfull \hbox (badness 10000) in paragraph at lines 77--77
[]|\OT1/cmss/m/n/10 Bilateral move-ment
 []


Underfull \hbox (badness 10000) in paragraph at lines 77--77
\OT1/cmss/m/n/10 train-ing with com-puter
 []


Underfull \hbox (badness 10000) in paragraph at lines 77--77
\OT1/cmss/m/n/10 games for stroke
 []


Underfull \hbox (badness 1226) in paragraph at lines 77--77
\OT1/cmss/m/n/10 re-ha-bil-i-ta-tion [][]King et al.[][]
 []


Underfull \hbox (badness 2635) in paragraph at lines 77--77
\OT1/cmss/m/n/10 com-puter games dur-ing
 []


Underfull \hbox (badness 1152) in paragraph at lines 77--79
[]|\OT1/cmss/m/n/10 All the sub-jects re-ported
 []


Underfull \hbox (badness 1297) in paragraph at lines 77--79
\OT1/cmss/m/n/10 ity had im-proved. And
 []


Underfull \hbox (badness 7151) in paragraph at lines 80--80
\OT1/cmss/m/n/10 sid-er-a-tions and clin-i-cal
 []


Underfull \hbox (badness 2409) in paragraph at lines 80--81
[]|\OT1/cmss/m/n/10 There was no sta-tis-ti-cal
 []


Underfull \hbox (badness 1383) in paragraph at lines 80--81
\OT1/cmss/m/n/10 di-rected to-ward the sub-
 []


Underfull \hbox (badness 1540) in paragraph at lines 82--82
\OT1/cmss/m/n/10 ex-er-cise for re-cov-ery of
 []


Underfull \hbox (badness 10000) in paragraph at lines 82--84
\OT1/cmss/m/n/10 ex-hib-ited de-creased
 []


Underfull \hbox (badness 10000) in paragraph at lines 82--84
\OT1/cmss/m/n/10 re-sis-tance to some
 []


Underfull \hbox (badness 10000) in paragraph at lines 82--84
\OT1/cmss/m/n/10 pas-sive move-ments and
 []


Underfull \hbox (badness 2635) in paragraph at lines 82--84
\OT1/cmss/m/n/10 im-proved per-for-mance of
 []


Underfull \hbox (badness 10000) in paragraph at lines 82--84
\OT1/cmss/m/n/10 some active-constrained
 []


Underfull \hbox (badness 5008) in paragraph at lines 82--84
\OT1/cmss/m/n/10 treatment. Pre-lim-i-nary
 []


Underfull \hbox (badness 6445) in paragraph at lines 82--84
\OT1/cmss/m/n/10 data from the on-go-ing
 []


Underfull \hbox (badness 10000) in paragraph at lines 82--84
\OT1/cmss/m/n/10 clin-i-cal trial sug-gests
 []


Underfull \hbox (badness 6675) in paragraph at lines 82--84
\OT1/cmss/m/n/10 robot-aided ex-er-cise has
 []


Underfull \hbox (badness 10000) in paragraph at lines 82--84
\OT1/cmss/m/n/10 in active-constrained
 []


Underfull \hbox (badness 10000) in paragraph at lines 85--85
[]|\OT1/cmss/m/n/10 Rhythmic bi-lat-eral
 []


Underfull \hbox (badness 10000) in paragraph at lines 85--85
\OT1/cmss/m/n/10 move-ment train-ing
 []


Underfull \hbox (badness 10000) in paragraph at lines 85--85
\OT1/cmss/m/n/10 mod-u-lates cor-ti-co-mo-tor
 []


Underfull \hbox (badness 2653) in paragraph at lines 85--85
\OT1/cmss/m/n/10 ex-citabil-ity and en-hances
 []


Underfull \hbox (badness 10000) in paragraph at lines 85--85
\OT1/cmss/m/n/10 up-per limb motric-ity
 []


Underfull \hbox (badness 6047) in paragraph at lines 85--85
[]|\OT1/cmss/m/n/10 To in-ves-ti-gate whether
 []


Underfull \hbox (badness 10000) in paragraph at lines 85--85
\OT1/cmss/m/n/10 repet-i-tive bi-man-ual
 []


Underfull \hbox (badness 10000) in paragraph at lines 85--85
\OT1/cmss/m/n/10 co-or-di-nated move-ments
 []


Underfull \hbox (badness 10000) in paragraph at lines 85--85
\OT1/cmss/m/n/10 en-hanced up-per limb
 []


Underfull \hbox (badness 10000) in paragraph at lines 85--85
\OT1/cmss/m/n/10 cor-ti-co-mo-tor ex-citabil-ity
 []


Underfull \hbox (badness 10000) in paragraph at lines 85--85
\OT1/cmss/m/n/10 and mo-tor func-tion
 []


Underfull \hbox (badness 1430) in paragraph at lines 85--85
\OT1/cmss/m/n/10 wrist flexor and wrist ex-ten-sor forces were
 []


Underfull \hbox (badness 1147) in paragraph at lines 85--87
\OT1/cmss/m/n/10 motric-ity scores over the
 []


Underfull \hbox (badness 6204) in paragraph at lines 85--87
\OT1/cmss/m/n/10 pe-riod of the in-ter-ven-
 []


Underfull \hbox (badness 1824) in paragraph at lines 85--87
\OT1/cmss/m/n/10 tion. The ex-per-i-men-tal
 []


Underfull \hbox (badness 1082) in paragraph at lines 85--87
\OT1/cmss/m/n/10 find-ings sup-port the pre-
 []


Underfull \hbox (badness 1577) in paragraph at lines 85--87
\OT1/cmss/m/n/10 ity and changes in Cor-
 []


Underfull \hbox (badness 1478) in paragraph at lines 85--87
\OT1/cmss/m/n/10 ti-cal maps ex-citabil-ity in
 []


Underfull \hbox (badness 3323) in paragraph at lines 88--89
[]|\OT1/cmss/m/n/10 All sub-jects were sta-ble
 []


Underfull \hbox (badness 3417) in paragraph at lines 90--90
[]|\OT1/cmss/m/n/10 The MIME[] robotic sys-
 []


Underfull \hbox (badness 1043) in paragraph at lines 90--94
\OT1/cmss/m/n/10 and hand move-ment, the Puma 560 robot
 []


Underfull \hbox (badness 2762) in paragraph at lines 90--94
\OT1/cmss/m/n/10 treat-ment used was sim-i-lar to a pre-vi-ous
 []


Underfull \hbox (badness 3895) in paragraph at lines 90--94
\OT1/cmss/m/n/10 study and there were 3 groups for this
 []


Underfull \hbox (badness 4792) in paragraph at lines 94--98
[]|\OT1/cmss/m/n/10 Both robot groups had
 []


Underfull \hbox (badness 6078) in paragraph at lines 94--98
\OT1/cmss/m/n/10 sig-nif-i-cant gains in the
 []


Underfull \hbox (badness 3826) in paragraph at lines 94--98
\OT1/cmss/m/n/10 prox-i-mal and dis-tal FM
 []


Underfull \hbox (badness 1320) in paragraph at lines 94--98
\OT1/cmss/m/n/10 (MSS)[] move-ment, mo-tor
 []


Underfull \hbox (badness 3312) in paragraph at lines 94--98
\OT1/cmss/m/n/10 com-pared to the robot-
 []


Underfull \hbox (badness 2050) in paragraph at lines 94--98
\OT1/cmss/m/n/10 unilateral group. Com-
 []


Underfull \hbox (badness 3579) in paragraph at lines 94--98
\OT1/cmss/m/n/10 prox-i-mal FM Score[] and
 []


Underfull \hbox (badness 4954) in paragraph at lines 94--98
\OT1/cmss/m/n/10 unilateral group. The
 []


Underfull \hbox (badness 4048) in paragraph at lines 94--98
\OT1/cmss/m/n/10 robot-bilateral group did
 []


Underfull \hbox (badness 4391) in paragraph at lines 94--98
\OT1/cmss/m/n/10 poorer on mo-tor power
 []


Underfull \hbox (badness 1281) in paragraph at lines 99--99
\OT1/cmss/m/n/10 pe-ri-ence. [][]Bur-gar et al.[][]
 []


Underfull \hbox (badness 2460) in paragraph at lines 101--101
[]|\OT1/cmss/m/n/10 Robot-assisted upper-limb
 []


Underfull \hbox (badness 8132) in paragraph at lines 101--101
\OT1/cmss/m/n/10 ther-apy in acute re-ha-
 []


Underfull \hbox (badness 8094) in paragraph at lines 101--102
[]|\OT1/cmss/m/n/10 At post treat-ment the
 []


Underfull \hbox (badness 3058) in paragraph at lines 101--102
\OT1/cmss/m/n/10 the robot-lo group with
 []


Underfull \hbox (badness 2142) in paragraph at lines 101--102
\OT1/cmss/m/n/10 re-sults. But at the 6
 []


Underfull \hbox (badness 5217) in paragraph at lines 101--102
\OT1/cmss/m/n/10 both, and the robot-lo
 []


Underfull \hbox (badness 1968) in paragraph at lines 101--102
\OT1/cmss/m/n/10 group show-ing large im-
 []


Underfull \hbox (badness 3646) in paragraph at lines 101--102
\OT1/cmss/m/n/10 prove-ments com-pared to
 []

LaTeX Font Info:    Font shape `OT1/cmss/m/it' in size <10> not available
(Font)              Font shape `OT1/cmss/m/sl' tried instead on input line 103.


Underfull \hbox (badness 2088) in paragraph at lines 103--103
\OT1/cmss/m/n/10 se-ries re-port. [][]Samp-son
 []


Underfull \hbox (badness 1137) in paragraph at lines 103--103
\OT1/cmss/m/n/10 bined ther-apy based on
 []


Underfull \hbox (badness 4940) in paragraph at lines 103--107
\OT1/cmss/m/n/10 in FM-UE Score[] scores
 []


Underfull \hbox (badness 1048) in paragraph at lines 103--107
\OT1/cmss/m/n/10 across all sub-jects, there
 []


Underfull \hbox (badness 1242) in paragraph at lines 103--107
\OT1/cmss/m/n/10 of pos-i-tive ef-fect on UL
 []


Underfull \hbox (badness 2326) in paragraph at lines 103--107
\OT1/cmss/m/n/10 re-sults in-di-cate that the
 []


Underfull \hbox (badness 5345) in paragraph at lines 103--107
\OT1/cmss/m/n/10 sys-tem highly mo-ti-vated
 []


Underfull \hbox (badness 2189) in paragraph at lines 103--107
\OT1/cmss/m/n/10 the sub-jects to ex-er-cise,
 []


Underfull \hbox (badness 4217) in paragraph at lines 103--107
\OT1/cmss/m/n/10 and they were able to
 []


Underfull \hbox (badness 6047) in paragraph at lines 108--108
[]|\OT1/cmss/m/n/10 Robot-assisted move-ment
 []


Underfull \hbox (badness 10000) in paragraph at lines 108--108
\OT1/cmss/m/n/10 train-ing com-pared
 []


Underfull \hbox (badness 10000) in paragraph at lines 108--108
\OT1/cmss/m/n/10 with con-ven-tional
 []


Underfull \hbox (badness 10000) in paragraph at lines 108--108
\OT1/cmss/m/n/10 ther-apy tech-niques for
 []


Underfull \hbox (badness 1275) in paragraph at lines 108--108
\OT1/cmss/m/n/10 robot-assisted move-ment
 []


Underfull \hbox (badness 10000) in paragraph at lines 110--111
[]|\OT1/cmss/m/n/10 Compared with
 []


Underfull \hbox (badness 10000) in paragraph at lines 110--111
\OT1/cmss/m/n/10 con-ven-tional treat-ment
 []


Underfull \hbox (badness 10000) in paragraph at lines 110--111
\OT1/cmss/m/n/10 of equal in-ten-sity and
 []


Underfull \hbox (badness 10000) in paragraph at lines 110--111
\OT1/cmss/m/n/10 du-ra-tion, the robot-
 []


Underfull \hbox (badness 6047) in paragraph at lines 110--111
\OT1/cmss/m/n/10 assisted move-ments had
 []


Underfull \hbox (badness 10000) in paragraph at lines 110--111
\OT1/cmss/m/n/10 de-creas-ing im-pair-ment,
 []


Underfull \hbox (badness 10000) in paragraph at lines 110--111
\OT1/cmss/m/n/10 im-prov-ing strength and
 []


Underfull \hbox (badness 4859) in paragraph at lines 112--113
[]|\OT1/cmss/m/n/10 The robot-trained group
 []


Underfull \hbox (badness 10000) in paragraph at lines 114--114
[]|\OT1/cmss/m/n/10 Unilateral and Bi-lat-eral
 []


Underfull \hbox (badness 10000) in paragraph at lines 114--114
\OT1/cmss/m/n/10 upper-limb train-ing
 []


Underfull \hbox (badness 2418) in paragraph at lines 114--114
\OT1/cmss/m/n/10 in-ter-ven-tions af-ter stroke
 []


Underfull \hbox (badness 10000) in paragraph at lines 114--114
\OT1/cmss/m/n/10 have sim-i-lar ef-fects
 []


Underfull \hbox (badness 10000) in paragraph at lines 114--114
\OT1/cmss/m/n/10 on bi-man-ual cou-pling
 []


Underfull \hbox (badness 2809) in paragraph at lines 114--114
\OT1/cmss/m/n/10 de-gree of cou-pling be-
 []


Underfull \hbox (badness 1194) in paragraph at lines 114--116
\OT1/cmss/m/n/10 an av-er-age time af-ter stroke of 9.3 weeks
 []


Underfull \hbox (badness 1365) in paragraph at lines 114--116
\OT1/cmss/m/n/10 and dose matched con-trol treat-ment. All
 []


Underfull \hbox (badness 10000) in paragraph at lines 116--119
\OT1/cmss/m/n/10 (DMCT)[] group showed
 []


Underfull \hbox (badness 10000) in paragraph at lines 116--119
\OT1/cmss/m/n/10 sig-nif-i-cantly stronger
 []


Underfull \hbox (badness 10000) in paragraph at lines 116--119
\OT1/cmss/m/n/10 in-tended cou-pling in
 []


Underfull \hbox (badness 10000) in paragraph at lines 116--119
\OT1/cmss/m/n/10 the in-phase kines-thetic
 []


Underfull \hbox (badness 10000) in paragraph at lines 116--119
\OT1/cmss/m/n/10 track-ing test than
 []


Underfull \hbox (badness 10000) in paragraph at lines 116--119
\OT1/cmss/m/n/10 at post in-ter-ven-tion.
 []


Underfull \hbox (badness 10000) in paragraph at lines 116--119
\OT1/cmss/m/n/10 There was ob-served
 []


Underfull \hbox (badness 10000) in paragraph at lines 116--119
\OT1/cmss/m/n/10 im-prove-ments in the
 []


Underfull \hbox (badness 4467) in paragraph at lines 116--119
\OT1/cmss/m/n/10 paretic hand move-ments
 []


Underfull \hbox (badness 1609) in paragraph at lines 120--120
[]|\OT1/cmss/m/n/10 Comparing uni-lat-eral and
 []


Underfull \hbox (badness 7308) in paragraph at lines 120--120
\OT1/cmss/m/n/10 ing: the Up-per Limb
 []


Underfull \hbox (badness 1210) in paragraph at lines 120--120
\OT1/cmss/m/n/10 TRA)[]-stroke pro-gram de-
 []


Underfull \hbox (badness 6125) in paragraph at lines 122--123
[]|\OT1/cmss/m/n/10 No sig-nif-i-cant dif-fer-ence
 []


Underfull \hbox (badness 5475) in paragraph at lines 122--123
\OT1/cmss/m/n/10 be-tween groups on the
 []


Underfull \hbox (badness 10000) in paragraph at lines 122--123
\OT1/cmss/m/n/10 pri-mary and sec-ondary
 []


Underfull \hbox (badness 10000) in paragraph at lines 122--123
\OT1/cmss/m/n/10 groups at posttest ad
 []


Underfull \hbox (badness 6032) in paragraph at lines 122--123
\OT1/cmss/m/n/10 follow-up. All groups
 []


Underfull \hbox (badness 10000) in paragraph at lines 122--123
\OT1/cmss/m/n/10 demon-strated sig-nif-i-cant
 []


Underfull \hbox (badness 5832) in paragraph at lines 122--123
\OT1/cmss/m/n/10 re-search arm test af-ter
 []


Underfull \hbox (badness 2856) in paragraph at lines 124--124
[]|\OT1/cmss/m/n/10 Quantifying learned non-
 []


Underfull \hbox (badness 10000) in paragraph at lines 124--124
\OT1/cmss/m/n/10 use af-ter stroke us-ing
 []


Underfull \hbox (badness 10000) in paragraph at lines 124--124
\OT1/cmss/m/n/10 uni-lat-eral and bi-lat-eral
 []


Underfull \hbox (badness 10000) in paragraph at lines 124--124
\OT1/cmss/m/n/10 Wang, Bai, Stra-chota,
 []


Underfull \hbox (badness 6284) in paragraph at lines 124--124
\OT1/cmss/m/n/10 Tchekanov, Mel-bye and
 []


Underfull \hbox (badness 1859) in paragraph at lines 124--127
\OT1/cmss/m/n/10 non-dominant arm track-
 []


Underfull \hbox (badness 1603) in paragraph at lines 124--127
\OT1/cmss/m/n/10 be af-fected and bi-lat-eral
 []


Underfull \hbox (badness 4193) in paragraph at lines 124--127
\OT1/cmss/m/n/10 uni-lat-eral track-ing er-rors
 []


Underfull \hbox (badness 6125) in paragraph at lines 128--128
\OT1/cmss/m/n/10 force-feedback cue-ing in
 []


Underfull \hbox (badness 10000) in paragraph at lines 128--128
[]|\OT1/cmss/m/n/10 To eval-u-ate a novel
 []


Underfull \hbox (badness 10000) in paragraph at lines 128--128
\OT1/cmss/m/n/10 force-feedback and
 []


Underfull \hbox (badness 10000) in paragraph at lines 128--128
\OT1/cmss/m/n/10 re-in-force-ment strat-egy
 []


Underfull \hbox (badness 6825) in paragraph at lines 128--128
\OT1/cmss/m/n/10 aimed at lim-it-ing the
 []


Underfull \hbox (badness 10000) in paragraph at lines 128--128
\OT1/cmss/m/n/10 ten-dency of stroke
 []


Underfull \hbox (badness 8189) in paragraph at lines 128--128
\OT1/cmss/m/n/10 to overuse their less-
 []


Underfull \hbox (badness 2261) in paragraph at lines 128--131
[]|\OT1/cmss/m/n/10 8 sub-jects par-tic-i-pated with a mean time
 []


Underfull \hbox (badness 2012) in paragraph at lines 128--131
\OT1/cmss/m/n/10 sys-tem was used for this study. sur-face
 []


Underfull \hbox (badness 1062) in paragraph at lines 128--131
\OT1/cmss/m/n/10 Elec-tromyo-grams (sEMG)[] ac-tiv-ity for the 7
 []


Underfull \hbox (badness 1215) in paragraph at lines 131--134
\OT1/cmss/m/n/10 arm par-tic-i-pa-tion rate of
 []


Underfull \hbox (badness 1776) in paragraph at lines 131--134
\OT1/cmss/m/n/10 all sub-jects dur-ing bi-lat-
 []


Underfull \hbox (badness 1783) in paragraph at lines 131--134
\OT1/cmss/m/n/10 on the im-paired arm of
 []


Underfull \hbox (badness 1721) in paragraph at lines 131--134
\OT1/cmss/m/n/10 sub-jects dur-ing par-tic-u-lar
 []


Underfull \hbox (badness 3158) in paragraph at lines 131--134
\OT1/cmss/m/n/10 ses-sion with the de-vice,
 []


Underfull \hbox (badness 2460) in paragraph at lines 131--134
\OT1/cmss/m/n/10 used their im-paired arm
 []


Underfull \hbox (badness 1571) in paragraph at lines 135--135
\OT1/cmss/m/n/10 re-ported re-sults from a
 []


Underfull \hbox (badness 5064) in paragraph at lines 135--135
\OT1/cmss/m/n/10 mod-i-fied form of BA-
 []


Underfull \hbox (badness 3019) in paragraph at lines 137--141
\OT1/cmss/m/n/10 crease in train-ing speed
 []


Underfull \hbox (badness 3657) in paragraph at lines 137--141
\OT1/cmss/m/n/10 did not have a con-sis-
 []


Underfull \hbox (badness 1688) in paragraph at lines 137--141
\OT1/cmss/m/n/10 tent ef-fect on func-tional
 []


Underfull \hbox (badness 3375) in paragraph at lines 137--141
\OT1/cmss/m/n/10 to per-ceived abil-ity and
 []


Underfull \hbox (badness 3019) in paragraph at lines 137--141
\OT1/cmss/m/n/10 sponded on the FM-UE
 []


Underfull \hbox (badness 7379) in paragraph at lines 137--141
\OT1/cmss/m/n/10 Score[] and Wolf Mo-tor
 []


Underfull \hbox (badness 8132) in paragraph at lines 137--141
\OT1/cmss/m/n/10 Func-tion Test (WMFT)[]
 []


Underfull \hbox (badness 1789) in paragraph at lines 142--142
[]|\OT1/cmss/m/n/10 25 post stroke shoulder-
 []


Underfull \hbox (badness 1484) in paragraph at lines 142--142
\OT1/cmss/m/n/10 elbow phys-io-ther-apy with
 []


Underfull \hbox (badness 1975) in paragraph at lines 142--142
\OT1/cmss/m/n/10 in-dus-trial robots. [][]T^^Soth
 []


Underfull \hbox (badness 1902) in paragraph at lines 142--142
[]|\OT1/cmss/m/n/10 2 ABB in-dus-trial robots were se-lected for
 []


Underfull \hbox (badness 3668) in paragraph at lines 142--145
\OT1/cmss/m/n/10 bows flex-ors in all but
 []


Underfull \hbox (badness 3148) in paragraph at lines 142--145
\OT1/cmss/m/n/10 1 sub-ject. The range
 []


Underfull \hbox (badness 1005) in paragraph at lines 142--145
\OT1/cmss/m/n/10 trial same with the FIM[]
 []


Underfull \hbox (badness 6236) in paragraph at lines 146--146
[]|\OT1/cmss/m/n/10 Effects of robot-assisted
 []


Underfull \hbox (badness 3460) in paragraph at lines 146--146
\OT1/cmss/m/n/10 up-per limb re-ha-bil-i-ta-tion
 []


Underfull \hbox (badness 6575) in paragraph at lines 146--146
\OT1/cmss/m/n/10 a ran-dom-ized con-trolled
 []


Underfull \hbox (badness 10000) in paragraph at lines 146--146
\OT1/cmss/m/n/10 con-trol ther-apy us-ing
 []


Underfull \hbox (badness 2213) in paragraph at lines 146--146
\OT1/cmss/m/n/10 ac-celerom-e-ters to study
 []


Underfull \hbox (badness 10000) in paragraph at lines 146--146
\OT1/cmss/m/n/10 func-tional re-cov-ery in
 []


Underfull \hbox (badness 1038) in paragraph at lines 146--149
\OT1/cmss/m/n/10 ther-apy com-pared to the
 []


Underfull \hbox (badness 3623) in paragraph at lines 146--149
\OT1/cmss/m/n/10 ac-tive con-trol group on
 []


Underfull \hbox (badness 3209) in paragraph at lines 146--149
\OT1/cmss/m/n/10 the amount and qual-ity
 []


Underfull \hbox (badness 2865) in paragraph at lines 146--149
\OT1/cmss/m/n/10 for the hemi-plegic hand
 []


Underfull \hbox (badness 2653) in paragraph at lines 146--149
\OT1/cmss/m/n/10 This study demon-strated
 []


Underfull \hbox (badness 4279) in paragraph at lines 146--149
\OT1/cmss/m/n/10 assisted ther-apy. Also
 []


Underfull \hbox (badness 1701) in paragraph at lines 150--150
\OT1/cmss/m/n/10 ran-dom-ized clin-i-cal trial
 []


Underfull \hbox (badness 1331) in paragraph at lines 150--152
\OT1/cmss/m/n/10 sub-jects joined the trial hav-ing passed the
 []


Underfull \hbox (badness 2460) in paragraph at lines 152--156
\OT1/cmss/m/n/10 move-ment train-ing de-liv-
 []


Underfull \hbox (badness 1540) in paragraph at lines 152--156
\OT1/cmss/m/n/10 re-sult to sub-jects ex-cept
 []


Underfull \hbox (badness 1917) in paragraph at lines 152--156
\OT1/cmss/m/n/10 in the reach-ing ex-er-cise.
 []


Underfull \hbox (badness 4108) in paragraph at lines 152--156
\OT1/cmss/m/n/10 bi-lat-eral train-ing scheme
 []


Underfull \hbox (badness 1931) in paragraph at lines 157--157
\OT1/cmss/m/n/10 train-ing I. [][]Hogan et al.[][]
 []


Underfull \hbox (badness 2376) in paragraph at lines 157--157
\OT1/cmss/m/n/10 bar link-age SCARA mech-a-nism pro-vides 2
 []


Underfull \hbox (badness 1874) in paragraph at lines 157--157
\OT1/cmss/m/n/10 geared ac-tu-a-tors pro-vides 3 DOF[] of wrist
 []


Underfull \hbox (badness 1371) in paragraph at lines 159--159
\OT1/cmss/m/n/10 mul-ti-cen-tre trial. [][]Hesse
 []


Underfull \hbox (badness 2205) in paragraph at lines 159--159
\OT1/cmss/m/n/10 split into 3 groups which re-ceived an-odal
 []


Underfull \hbox (badness 1845) in paragraph at lines 159--162
\OT1/cmss/m/n/10 time, and between-group
 []


Underfull \hbox (badness 3536) in paragraph at lines 163--163
\OT1/cmss/m/n/10 tion of arm im-pair-ment
 []


Underfull \hbox (badness 1320) in paragraph at lines 163--163
[]|\OT1/cmss/m/n/10 Reports the de-sign and
 []


Underfull \hbox (badness 1253) in paragraph at lines 163--163
\OT1/cmss/m/n/10 pre-lim-i-nary test-ing of a
 []


Underfull \hbox (badness 2351) in paragraph at lines 163--163
\OT1/cmss/m/n/10 par-tic-i-pated in the trial. The de-vice to
 []


Underfull \hbox (badness 3343) in paragraph at lines 163--164
[]|\OT1/cmss/m/n/10 The re-sults sup-port the
 []


Underfull \hbox (badness 1394) in paragraph at lines 163--164
\OT1/cmss/m/n/10 hy-poth-e-sis that ab-nor-mal
 []


Underfull \hbox (badness 3098) in paragraph at lines 163--164
\OT1/cmss/m/n/10 syn-er-gies would man-i-fest
 []


Underfull \hbox (badness 2080) in paragraph at lines 163--164
\OT1/cmss/m/n/10 terns of con-straint force
 []


Underfull \hbox (badness 1571) in paragraph at lines 165--165
\OT1/cmss/m/n/10 mote mo-tor re-cov-ery af-
 []


Underfull \hbox (badness 1997) in paragraph at lines 165--165
\OT1/cmss/m/n/10 ments. [][]Schmidt et al.[][]
 []


Underfull \hbox (badness 1655) in paragraph at lines 165--165
\OT1/cmss/m/n/10 i-cally vi-able de-vices for
 []


Underfull \hbox (badness 3189) in paragraph at lines 165--165
\OT1/cmss/m/n/10 bi-lat-eral pas-sive and ac-tive prac-tice of 2
 []


Underfull \hbox (badness 1389) in paragraph at lines 165--166
\OT1/cmss/m/n/10 a-bil-ity of robotic de-vices
 []


Underfull \hbox (badness 2302) in paragraph at lines 165--166
\OT1/cmss/m/n/10 in re-ha-bil-i-ta-tion of both
 []


Underfull \hbox (badness 1067) in paragraph at lines 167--167
\OT1/cmss/m/n/10 han-dles al-lowed them to be used for both
 []


Underfull \hbox (badness 4403) in paragraph at lines 167--168
\OT1/cmss/m/n/10 sided paretic arm, who
 []


Underfull \hbox (badness 3260) in paragraph at lines 167--168
\OT1/cmss/m/n/10 po-si-tion track-ing of the
 []


Underfull \hbox (badness 4132) in paragraph at lines 169--170
\OT1/cmss/m/n/10 de-sign as-sump-tions were
 []


Underfull \hbox (badness 3568) in paragraph at lines 169--170
\OT1/cmss/m/n/10 ver-i-fied on it, and the
 []


Underfull \hbox (badness 3068) in paragraph at lines 169--170
\OT1/cmss/m/n/10 it's op-er-a-tional range is
 []

[64


] [65] [66] [67] [68] [69] [70]
*geometry* verbose mode - [ newgeometry ] result:
* driver: dvips
* paper: a4paper
* layout: <same size as paper>
* layoutoffset:(h,v)=(0.0pt,0.0pt)
* modes: 
* h-part:(L,W,R)=(5.69046pt, 586.12695pt, 5.69046pt)
* v-part:(T,H,B)=(101.40665pt, 729.41383pt, 14.22636pt)
* \paperwidth=597.50787pt
* \paperheight=845.04684pt
* \textwidth=586.12695pt
* \textheight=729.41383pt
* \oddsidemargin=-66.57953pt
* \evensidemargin=-66.57953pt
* \topmargin=-7.86334pt
* \headheight=12.0pt
* \headsep=25.0pt
* \topskip=12.0pt
* \footskip=30.0pt
* \marginparwidth=44.0pt
* \marginparsep=10.0pt
* \columnsep=10.0pt
* \skip\footins=10.8pt plus 4.0pt minus 2.0pt
* \hoffset=0.0pt
* \voffset=0.0pt
* \mag=1000
* \@twocolumnfalse
* \@twosidefalse
* \@mparswitchfalse
* \@reversemarginfalse
* (1in=72.27pt=25.4mm, 1cm=28.453pt)


Underfull \hbox (badness 10000) in paragraph at lines 187--187
[]|\OT1/cmss/m/n/10 Number of
 []


Underfull \hbox (badness 10000) in paragraph at lines 190--190
[]|\OT1/cmss/m/n/10 Number of
 []


Underfull \hbox (badness 10000) in paragraph at lines 197--197
[]|[][]\OT1/cmss/m/n/10 Johnson, Wang,
 []


Underfull \hbox (badness 10000) in paragraph at lines 197--197
\OT1/cmss/m/n/10 Bai, Stra-chota,
 []


Underfull \hbox (badness 1331) in paragraph at lines 197--197
\OT1/cmss/m/n/10 Tchekanov, Mel-bye
 []


Underfull \hbox (badness 10000) in paragraph at lines 197--197
\OT1/cmss/m/n/10 and McGuire[][]
 []


Underfull \hbox (badness 8170) in paragraph at lines 203--203
[]|[][]\OT1/cmss/m/n/10 Adamovich et al.[][]
 []


Underfull \hbox (badness 10000) in paragraph at lines 211--211
[]|[][]\OT1/cmss/m/n/10 Mahoney et al.[][]
 []


Underfull \hbox (badness 10000) in paragraph at lines 219--219
[]|\OT1/cmss/m/n/10 Average 6.2-13
 []


Underfull \hbox (badness 5288) in paragraph at lines 221--221
[]|\OT1/cmss/m/n/10 1-45 months, $\OML/cmm/m/it/10 >$\OT1/cmss/m/n/10 6
 []


Underfull \hbox (badness 10000) in paragraph at lines 223--223
[]|[][]\OT1/cmss/m/n/10 Burgar et al.[][]
 []


Underfull \hbox (badness 10000) in paragraph at lines 225--225
[]|[][]\OT1/cmss/m/n/10 Sampson et al.[][]
 []


Underfull \hbox (badness 1424) in paragraph at lines 231--231
[]|[][]\OT1/cmss/m/n/10 Van Delden et al.[][]
 []


Underfull \hbox (badness 10000) in paragraph at lines 231--231
[]|\OT1/cmss/m/n/10 Average 7.8-11.1
 []


Underfull \hbox (badness 10000) in paragraph at lines 233--233
\OT1/cmss/m/n/10 Stra-chota,
 []


Underfull \hbox (badness 10000) in paragraph at lines 233--233
\OT1/cmss/m/n/10 Tchekanov and
 []


Underfull \hbox (badness 1424) in paragraph at lines 235--235
[]|[][]\OT1/cmss/m/n/10 Van Delden et al.[][]
 []


Underfull \hbox (badness 10000) in paragraph at lines 237--237
[]|[][]\OT1/cmss/m/n/10 Johnson et al.[][]
 []


Underfull \hbox (badness 10000) in paragraph at lines 239--239
[]|[][]\OT1/cmss/m/n/10 Richards et al.[][]
 []


Underfull \hbox (badness 10000) in paragraph at lines 249--249
[]|[][]\OT1/cmss/m/n/10 Schmidt et al.[][]
 []


Underfull \hbox (badness 2512) in paragraph at lines 249--249
[]|\OT1/cmss/m/n/10 >6months and 0-6
 []


Underfull \hbox (badness 10000) in paragraph at lines 251--251
[]|[][]\OT1/cmss/m/n/10 Masiero et al.[][]
 []


Underfull \hbox (badness 10000) in paragraph at lines 253--253
[]|[][]\OT1/cmss/m/n/10 Buschfort et al.[][]
 []


Underfull \hbox (badness 10000) in paragraph at lines 257--257
[]|[][]\OT1/cmss/m/n/10 Hijmans et al.[][]
 []


Underfull \hbox (badness 10000) in paragraph at lines 277--277
[]|[][]\OT1/cmss/m/n/10 Barsotti et al.[][]
 []


Underfull \hbox (badness 3229) in paragraph at lines 281--281
[]|[][]\OT1/cmss/m/n/10 shan Hung et al.[][]
 []

[71


] [72])
:<-
:<+ eeeoauthesis.bbl
(eeeoauthesis.bbl
Underfull \hbox (badness 10000) in paragraph at lines 5--11
\OT1/cmr/bx/n/12 URL: \OT1/cmr/m/it/12 https://link.springer.com/articles/10.11
86/1743-0003-8-50
 []


Underfull \hbox (badness 10000) in paragraph at lines 26--30
\OT1/cmr/bx/n/12 URL: \OT1/cmr/m/it/12 https://www.ati-ia.com/products/ft/senso
rs.aspx http://www.ati-
 []

[73




] [74]
Underfull \hbox (badness 10000) in paragraph at lines 99--104
\OT1/cmr/bx/n/12 URL: \OT1/cmr/m/it/12 https://content.iospress.com/articles/te
chnology-and-health-
 []


Overfull \hbox (91.22119pt too wide) in paragraph at lines 115--120
\OT1/cmr/bx/n/12 URL: \OT1/cmr/m/it/12 https://citeseerx.ist.psu.edu/viewdoc/do
wnload?doi=10.1.1.297.3691&rep=rep1&type=pdf 
 []

[75]
Underfull \hbox (badness 2799) in paragraph at lines 143--148
\OT1/cmr/bx/n/12 URL: \OT1/cmr/m/it/12 https://www.instructables.com/Arduino-Sc
ale-With-5kg-Load-Cell-and-
 []


Underfull \hbox (badness 10000) in paragraph at lines 143--148
\OT1/cmr/m/it/12 HX711-Amplifi/ https://www.instructables.com/id/Arduino-Scale-
With-5kg-
 []

[76]
Overfull \hbox (249.67383pt too wide) in paragraph at lines 173--176
\OT1/cmr/bx/n/12 URL: \OT1/cmr/m/it/12 https://scholar.google.com/scholar?hl=en
&as[]sdt=0%2C5&as[]ylo=1060&as[]yhi=2000&q=O.+Eggers%2C+1984&btnG= 
 []

[77]
Underfull \hbox (badness 1057) in paragraph at lines 225--230
\OT1/cmr/m/n/12 C. (2011), `Com-bined tran-scra-nial di-rect cur-rent stim-u-la
-tion and robot-
 []

[78]
Underfull \hbox (badness 10000) in paragraph at lines 270--278
\OT1/cmr/bx/n/12 URL: \OT1/cmr/m/it/12 https://link.springer.com/articles/10.11
86/s12984-016-0138-5
 []

[79] [80]
Underfull \hbox (badness 1354) in paragraph at lines 369--373
\OT1/cmr/m/n/12 and per-for-mance eval-u-a-tion', \OT1/cmr/m/it/12 In-ter-na-ti
onal Jour-nal of Robotics Re-search
 []

[81] [82]
Underfull \hbox (badness 1609) in paragraph at lines 470--473
\OT1/cmr/bx/n/12 URL: \OT1/cmr/m/it/12 https://www.healthline.com/health/stroke
/effects-on-body#Respiratory-
 []

[83]
Underfull \hbox (badness 10000) in paragraph at lines 489--492
\OT1/cmr/bx/n/12 URL: \OT1/cmr/m/it/12 https://www.mayoclinic.org/diseases-cond
itions/stroke/symptoms-
 []


Underfull \hbox (badness 10000) in paragraph at lines 494--497
\OT1/cmr/bx/n/12 URL: \OT1/cmr/m/it/12 https://www.mayoclinic.org/diseases-cond
itions/stroke/diagnosis-
 []

[84]
Underfull \hbox (badness 1509) in paragraph at lines 541--547
[]\OT1/cmr/m/n/12 Rashedi, E., Mirbagheri, A., Taheri, B., Farah-mand, F., Vos-
soughi, G.
 []

[85]
Overfull \hbox (97.22124pt too wide) in paragraph at lines 577--581
\OT1/cmr/bx/n/12 URL: \OT1/cmr/m/it/12 https://citeseerx.ist.psu.edu/viewdoc/do
wnload?doi=10.1.1.1061.8586&rep=rep1&type=pdf 
 []

[86] [87]
Underfull \hbox (badness 10000) in paragraph at lines 678--681
\OT1/cmr/bx/n/12 URL: \OT1/cmr/m/it/12 https://link.springer.com/referenceworke
ntry/10.1007/978-1-4419-
 []

[88]
Underfull \hbox (badness 10000) in paragraph at lines 727--731
\OT1/cmr/bx/n/12 URL: \OT1/cmr/m/it/12 https://www.who.int/classifications/inte
rnational-classification-of-
 []

[89]
Underfull \hbox (badness 2012) in paragraph at lines 758--761
[]\OT1/cmr/m/n/12 Troncossi, M. (2016), `An Orig-i-nal Clas-si-fi-ca-tion of Re
-ha-bil-i-ta-tion Hand
 []


Underfull \hbox (badness 1342) in paragraph at lines 758--761
\OT1/cmr/m/n/12 Ex-oskele-tons', \OT1/cmr/m/it/12 Jour-nal of Robotics and Me-c
han-i-cal En-gi-neer-ing Re-search
 []

[90]
Overfull \hbox (38.13722pt too wide) in paragraph at lines 790--795
\OT1/cmr/bx/n/12 URL: \OT1/cmr/m/it/12 http://search.proquest.com/openview/b0f0
5c6d57e26b6d8a4f3351dbe44c4c/1?pq-
 []


Underfull \hbox (badness 10000) in paragraph at lines 817--824
\OT1/cmr/bx/n/12 URL: \OT1/cmr/m/it/12 https://link.springer.com/articles/10.11
86/1743-0003-10-35
 []

[91] [92]
Underfull \hbox (badness 1281) in paragraph at lines 869--874
\OT1/cmr/m/n/12 aided re-ha-bil-i-ta-tion', \OT1/cmr/m/it/12 Med-i-cal and Bi-o
-log-i-cal En-gi-neer-ing and Com-put-ing
 []

)
:<-
[93] (eeeoauthesis.aux (front-matter/acknowledgements.aux)
(front-matter/dedication.aux) (front-matter/Abstract.aux)
(chapters/chapter-1.aux) (chapters/chapter-2.aux) (chapters/chapter-3.aux)
(chapters/chapter-4.aux) (chapters/chapter-5.aux) (back-matter/appendix-1.aux))
Package rerunfilecheck Info: File `eeeoauthesis.out' has not changed.
(rerunfilecheck)             Checksum: 747390BE12E0133BD1E45E693C9A4A73;14087.
 ) 
Here is how much of TeX's memory you used:
 31010 strings out of 478337
 697169 string characters out of 2831911
 1262572 words of memory out of 3000000
 48354 multiletter control sequences out of 15000+600000
 500364 words of font info for 139 fonts, out of 8000000 for 9000
 1141 hyphenation exceptions out of 8191
 117i,12n,122p,981b,2295s stack positions out of 10000i,1000n,20000p,200000b,80000s
 <C:\Users\Elisha Komolafe\AppData\Local\MiKTeX\fonts/pk/ljfour/jknappen/ec/d
pi600\tcti1200.pk> <C:\Users\Elisha Komolafe\AppData\Local\MiKTeX\fonts/pk/ljfo
ur/jknappen/ec/dpi600\tcrm1200.pk><C:/Users/Elisha Komolafe/AppData/Local/Progr
ams/MiKTeX/fonts/type1/public/amsfonts/cm/cmbx12.pfb><C:/Users/Elisha Komolafe/
AppData/Local/Programs/MiKTeX/fonts/type1/public/amsfonts/cm/cmbxti10.pfb><C:/U
sers/Elisha Komolafe/AppData/Local/Programs/MiKTeX/fonts/type1/public/amsfonts/
cm/cmcsc10.pfb><C:/Users/Elisha Komolafe/AppData/Local/Programs/MiKTeX/fonts/ty
pe1/public/amsfonts/cm/cmmi10.pfb><C:/Users/Elisha Komolafe/AppData/Local/Progr
ams/MiKTeX/fonts/type1/public/amsfonts/cm/cmmi12.pfb><C:/Users/Elisha Komolafe/
AppData/Local/Programs/MiKTeX/fonts/type1/public/amsfonts/cm/cmmi8.pfb><C:/User
s/Elisha Komolafe/AppData/Local/Programs/MiKTeX/fonts/type1/public/amsfonts/cm/
cmr10.pfb><C:/Users/Elisha Komolafe/AppData/Local/Programs/MiKTeX/fonts/type1/p
ublic/amsfonts/cm/cmr12.pfb><C:/Users/Elisha Komolafe/AppData/Local/Programs/Mi
KTeX/fonts/type1/public/amsfonts/cm/cmr17.pfb><C:/Users/Elisha Komolafe/AppData
/Local/Programs/MiKTeX/fonts/type1/public/amsfonts/cm/cmsltt10.pfb><C:/Users/El
isha Komolafe/AppData/Local/Programs/MiKTeX/fonts/type1/public/amsfonts/cm/cmss
10.pfb><C:/Users/Elisha Komolafe/AppData/Local/Programs/MiKTeX/fonts/type1/publ
ic/amsfonts/cm/cmssbx10.pfb><C:/Users/Elisha Komolafe/AppData/Local/Programs/Mi
KTeX/fonts/type1/public/amsfonts/cm/cmssi10.pfb><C:/Users/Elisha Komolafe/AppDa
ta/Local/Programs/MiKTeX/fonts/type1/public/amsfonts/cm/cmsy10.pfb><C:/Users/El
isha Komolafe/AppData/Local/Programs/MiKTeX/fonts/type1/public/amsfonts/cm/cmsy
8.pfb><C:/Users/Elisha Komolafe/AppData/Local/Programs/MiKTeX/fonts/type1/publi
c/amsfonts/cm/cmti12.pfb><C:/Users/Elisha Komolafe/AppData/Local/Programs/MiKTe
X/fonts/type1/public/amsfonts/cm/cmtt10.pfb>
Output written on eeeoauthesis.pdf (108 pages, 5493018 bytes).
PDF statistics:
 1999 PDF objects out of 2073 (max. 8388607)
 553 named destinations out of 1000 (max. 500000)
 634 words of extra memory for PDF output out of 10000 (max. 10000000)

