This is pdfTeX, Version 3.141592653-2.6-1.40.22 (MiKTeX 21.3) (preloaded format=pdflatex 2021.3.29)  5 FEB 2023 22:32
entering extended mode
**"D:/Emmanuel_petron_Olateju/MMN_SZ/documents/olateju latex undergraduate thes
is/eeeoauthesis.tex"

(D:/Emmanuel_petron_Olateju/MMN_SZ/documents/olateju latex undergraduate thesis
/eeeoauthesis.tex
LaTeX2e <2020-10-01> patch level 4
L3 programming layer <2021-02-18>
\@input{do-not-edit/thesis-settings.aux}
\openout2 = `do-not-edit/thesis-settings.aux'.


(D:/Emmanuel_petron_Olateju/MMN_SZ/documents/olateju latex undergraduate thesis
\do-not-edit/thesis-settings.tex
(D:/Emmanuel_petron_Olateju/MMN_SZ/documents/olateju latex undergraduate thesis
\eeeoauthesis.cls
eeeoauthesis.cls
ver 1.0.0
Created by Tony Saad
March 30, 2010
Some parts and settings of this class are based on the template provided by Dav
id L. Page.
Document Class: eeeoauthesis 
(C:\Users\pc\AppData\Local\Programs\MiKTeX 2.9\tex/latex/base\report.cls
Document Class: report 2020/04/10 v1.4m Standard LaTeX document class
(C:\Users\pc\AppData\Local\Programs\MiKTeX 2.9\tex/latex/base\size12.clo
File: size12.clo 2020/04/10 v1.4m Standard LaTeX file (size option)
)
\c@part=\count179
\c@chapter=\count180
\c@section=\count181
\c@subsection=\count182
\c@subsubsection=\count183
\c@paragraph=\count184
\c@subparagraph=\count185
\c@figure=\count186
\c@table=\count187
\abovecaptionskip=\skip47
\belowcaptionskip=\skip48
\bibindent=\dimen138
)
(C:\Users\pc\AppData\Local\Programs\MiKTeX 2.9\tex/latex/amsmath\amsmath.sty
Package: amsmath 2020/09/23 v2.17i AMS math features
\@mathmargin=\skip49

For additional information on amsmath, use the `?' option.
(C:\Users\pc\AppData\Local\Programs\MiKTeX 2.9\tex/latex/amsmath\amstext.sty
Package: amstext 2000/06/29 v2.01 AMS text

(C:\Users\pc\AppData\Local\Programs\MiKTeX 2.9\tex/latex/amsmath\amsgen.sty
File: amsgen.sty 1999/11/30 v2.0 generic functions
\@emptytoks=\toks15
\ex@=\dimen139
))
(C:\Users\pc\AppData\Local\Programs\MiKTeX 2.9\tex/latex/amsmath\amsbsy.sty
Package: amsbsy 1999/11/29 v1.2d Bold Symbols
\pmbraise@=\dimen140
)
(C:\Users\pc\AppData\Local\Programs\MiKTeX 2.9\tex/latex/amsmath\amsopn.sty
Package: amsopn 2016/03/08 v2.02 operator names
)
\inf@bad=\count188
LaTeX Info: Redefining \frac on input line 234.
\uproot@=\count189
\leftroot@=\count190
LaTeX Info: Redefining \overline on input line 399.
\classnum@=\count191
\DOTSCASE@=\count192
LaTeX Info: Redefining \ldots on input line 496.
LaTeX Info: Redefining \dots on input line 499.
LaTeX Info: Redefining \cdots on input line 620.
\Mathstrutbox@=\box47
\strutbox@=\box48
\big@size=\dimen141
LaTeX Font Info:    Redeclaring font encoding OML on input line 743.
LaTeX Font Info:    Redeclaring font encoding OMS on input line 744.
\macc@depth=\count193
\c@MaxMatrixCols=\count194
\dotsspace@=\muskip16
\c@parentequation=\count195
\dspbrk@lvl=\count196
\tag@help=\toks16
\row@=\count197
\column@=\count198
\maxfields@=\count199
\andhelp@=\toks17
\eqnshift@=\dimen142
\alignsep@=\dimen143
\tagshift@=\dimen144
\tagwidth@=\dimen145
\totwidth@=\dimen146
\lineht@=\dimen147
\@envbody=\toks18
\multlinegap=\skip50
\multlinetaggap=\skip51
\mathdisplay@stack=\toks19
LaTeX Info: Redefining \[ on input line 2923.
LaTeX Info: Redefining \] on input line 2924.
)
(C:\Users\pc\AppData\Local\Programs\MiKTeX 2.9\tex/latex/amscls\amsthm.sty
Package: amsthm 2020/05/29 v2.20.6
\thm@style=\toks20
\thm@bodyfont=\toks21
\thm@headfont=\toks22
\thm@notefont=\toks23
\thm@headpunct=\toks24
\thm@preskip=\skip52
\thm@postskip=\skip53
\thm@headsep=\skip54
\dth@everypar=\toks25
)
(C:\Users\pc\AppData\Local\Programs\MiKTeX 2.9\tex/latex/amsfonts\amssymb.sty
Package: amssymb 2013/01/14 v3.01 AMS font symbols

(C:\Users\pc\AppData\Local\Programs\MiKTeX 2.9\tex/latex/amsfonts\amsfonts.sty
Package: amsfonts 2013/01/14 v3.01 Basic AMSFonts support
\symAMSa=\mathgroup4
\symAMSb=\mathgroup5
LaTeX Font Info:    Redeclaring math symbol \hbar on input line 98.
LaTeX Font Info:    Overwriting math alphabet `\mathfrak' in version `bold'
(Font)                  U/euf/m/n --> U/euf/b/n on input line 106.
))
(C:\Users\pc\AppData\Local\Programs\MiKTeX 2.9\tex/latex/setspace\setspace.sty
Package: setspace 2011/12/19 v6.7a set line spacing
) (C:\Users\pc\AppData\Local\Programs\MiKTeX 2.9\tex/latex/geometry\geometry.st
y
Package: geometry 2020/01/02 v5.9 Page Geometry
(C:\Users\pc\AppData\Local\Programs\MiKTeX 2.9\tex/latex/graphics\keyval.sty
Package: keyval 2014/10/28 v1.15 key=value parser (DPC)
\KV@toks@=\toks26
)
(C:\Users\pc\AppData\Local\Programs\MiKTeX 2.9\tex/generic/iftex\ifvtex.sty
Package: ifvtex 2019/10/25 v1.7 ifvtex legacy package. Use iftex instead.

(C:\Users\pc\AppData\Local\Programs\MiKTeX 2.9\tex/generic/iftex\iftex.sty
Package: iftex 2020/03/06 v1.0d TeX engine tests
))
\Gm@cnth=\count266
\Gm@cntv=\count267
\c@Gm@tempcnt=\count268
\Gm@bindingoffset=\dimen148
\Gm@wd@mp=\dimen149
\Gm@odd@mp=\dimen150
\Gm@even@mp=\dimen151
\Gm@layoutwidth=\dimen152
\Gm@layoutheight=\dimen153
\Gm@layouthoffset=\dimen154
\Gm@layoutvoffset=\dimen155
\Gm@dimlist=\toks27

(C:\Users\pc\AppData\Local\Programs\MiKTeX 2.9\tex/latex/geometry\geometry.cfg)
)
(C:\Users\pc\AppData\Local\Programs\MiKTeX 2.9\tex/latex/hyperref\hyperref.sty
Package: hyperref 2021-02-27 v7.00k Hypertext links for LaTeX

(C:\Users\pc\AppData\Local\Programs\MiKTeX 2.9\tex/generic/ltxcmds\ltxcmds.sty
Package: ltxcmds 2020-05-10 v1.25 LaTeX kernel commands for general use (HO)
)
(C:\Users\pc\AppData\Local\Programs\MiKTeX 2.9\tex/generic/pdftexcmds\pdftexcmd
s.sty
Package: pdftexcmds 2020-06-27 v0.33 Utility functions of pdfTeX for LuaTeX (HO
)

(C:\Users\pc\AppData\Local\Programs\MiKTeX 2.9\tex/generic/infwarerr\infwarerr.
sty
Package: infwarerr 2019/12/03 v1.5 Providing info/warning/error messages (HO)
)
Package pdftexcmds Info: \pdf@primitive is available.
Package pdftexcmds Info: \pdf@ifprimitive is available.
Package pdftexcmds Info: \pdfdraftmode found.
)
(C:\Users\pc\AppData\Local\Programs\MiKTeX 2.9\tex/generic/kvsetkeys\kvsetkeys.
sty
Package: kvsetkeys 2019/12/15 v1.18 Key value parser (HO)
)
(C:\Users\pc\AppData\Local\Programs\MiKTeX 2.9\tex/generic/kvdefinekeys\kvdefin
ekeys.sty
Package: kvdefinekeys 2019-12-19 v1.6 Define keys (HO)
)
(C:\Users\pc\AppData\Local\Programs\MiKTeX 2.9\tex/generic/pdfescape\pdfescape.
sty
Package: pdfescape 2019/12/09 v1.15 Implements pdfTeX's escape features (HO)
)
(C:\Users\pc\AppData\Local\Programs\MiKTeX 2.9\tex/latex/hycolor\hycolor.sty
Package: hycolor 2020-01-27 v1.10 Color options for hyperref/bookmark (HO)
)
(C:\Users\pc\AppData\Local\Programs\MiKTeX 2.9\tex/latex/letltxmacro\letltxmacr
o.sty
Package: letltxmacro 2019/12/03 v1.6 Let assignment for LaTeX macros (HO)
)
(C:\Users\pc\AppData\Local\Programs\MiKTeX 2.9\tex/latex/auxhook\auxhook.sty
Package: auxhook 2019-12-17 v1.6 Hooks for auxiliary files (HO)
)
(C:\Users\pc\AppData\Local\Programs\MiKTeX 2.9\tex/latex/kvoptions\kvoptions.st
y
Package: kvoptions 2020-10-07 v3.14 Key value format for package options (HO)
)
\@linkdim=\dimen156
\Hy@linkcounter=\count269
\Hy@pagecounter=\count270
 (C:\Users\pc\AppData\Local\Programs\MiKTeX 2.9\tex/latex/hyperref\pd1enc.def
File: pd1enc.def 2021-02-27 v7.00k Hyperref: PDFDocEncoding definition (HO)
Now handling font encoding PD1 ...
... no UTF-8 mapping file for font encoding PD1
)
(C:\Users\pc\AppData\Local\Programs\MiKTeX 2.9\tex/latex/hyperref\hyperref-lang
patches.def
File: hyperref-langpatches.def 2021-02-27 v7.00k Hyperref: patches for babel la
nguages
)
(C:\Users\pc\AppData\Local\Programs\MiKTeX 2.9\tex/generic/intcalc\intcalc.sty
Package: intcalc 2019/12/15 v1.3 Expandable calculations with integers (HO)
)
(C:\Users\pc\AppData\Local\Programs\MiKTeX 2.9\tex/generic/etexcmds\etexcmds.st
y
Package: etexcmds 2019/12/15 v1.7 Avoid name clashes with e-TeX commands (HO)
)
\Hy@SavedSpaceFactor=\count271
 (C:\Users\pc\AppData\Local\Programs\MiKTeX 2.9\tex/latex/hyperref\puenc.def
File: puenc.def 2021-02-27 v7.00k Hyperref: PDF Unicode definition (HO)
Now handling font encoding PU ...
... no UTF-8 mapping file for font encoding PU
)
Package hyperref Info: Option `plainpages' set `false' on input line 4073.
Package hyperref Info: Option `pdfpagelabels' set `true' on input line 4073.
Package hyperref Info: Option `breaklinks' set `true' on input line 4073.
Package hyperref Info: Hyper figures OFF on input line 4192.
Package hyperref Info: Link nesting OFF on input line 4197.
Package hyperref Info: Hyper index ON on input line 4200.
Package hyperref Info: Plain pages OFF on input line 4207.
Package hyperref Info: Backreferencing OFF on input line 4212.
Package hyperref Info: Implicit mode ON; LaTeX internals redefined.
Package hyperref Info: Bookmarks ON on input line 4445.
\c@Hy@tempcnt=\count272
(C:\Users\pc\AppData\Local\Programs\MiKTeX 2.9\tex/latex/url\url.sty
\Urlmuskip=\muskip17
Package: url 2013/09/16  ver 3.4  Verb mode for urls, etc.
)
LaTeX Info: Redefining \url on input line 4804.
\XeTeXLinkMargin=\dimen157

(C:\Users\pc\AppData\Local\Programs\MiKTeX 2.9\tex/generic/bitset\bitset.sty
Package: bitset 2019/12/09 v1.3 Handle bit-vector datatype (HO)

(C:\Users\pc\AppData\Local\Programs\MiKTeX 2.9\tex/generic/bigintcalc\bigintcal
c.sty
Package: bigintcalc 2019/12/15 v1.5 Expandable calculations on big integers (HO
)
))
\Fld@menulength=\count273
\Field@Width=\dimen158
\Fld@charsize=\dimen159
Package hyperref Info: Hyper figures OFF on input line 6075.
Package hyperref Info: Link nesting OFF on input line 6080.
Package hyperref Info: Hyper index ON on input line 6083.
Package hyperref Info: backreferencing OFF on input line 6090.
Package hyperref Info: Link coloring OFF on input line 6095.
Package hyperref Info: Link coloring with OCG OFF on input line 6100.
Package hyperref Info: PDF/A mode OFF on input line 6105.
LaTeX Info: Redefining \ref on input line 6145.
LaTeX Info: Redefining \pageref on input line 6149.

(C:\Users\pc\AppData\Local\Programs\MiKTeX 2.9\tex/latex/base\atbegshi-ltx.sty
Package: atbegshi-ltx 2020/08/17 v1.0a Emulation of the original atbegshi packa
ge
with kernel methods
)
\Hy@abspage=\count274
\c@Item=\count275
\c@Hfootnote=\count276
)
Package hyperref Info: Driver: hpdftex.
 (C:\Users\pc\AppData\Local\Programs\MiKTeX 2.9\tex/latex/hyperref\hpdftex.def
File: hpdftex.def 2021-02-27 v7.00k Hyperref driver for pdfTeX

(C:\Users\pc\AppData\Local\Programs\MiKTeX 2.9\tex/latex/base\atveryend-ltx.sty
Package: atveryend-ltx 2020/08/19 v1.0a Emulation of the original atvery packag
e
with kernel methods
)
\Fld@listcount=\count277
\c@bookmark@seq@number=\count278

(C:\Users\pc\AppData\Local\Programs\MiKTeX 2.9\tex/latex/rerunfilecheck\rerunfi
lecheck.sty
Package: rerunfilecheck 2019/12/05 v1.9 Rerun checks for auxiliary files (HO)

(C:\Users\pc\AppData\Local\Programs\MiKTeX 2.9\tex/generic/uniquecounter\unique
counter.sty
Package: uniquecounter 2019/12/15 v1.4 Provide unlimited unique counter (HO)
)
Package uniquecounter Info: New unique counter `rerunfilecheck' on input line 2
86.
)
\Hy@SectionHShift=\skip55
)
(C:\Users\pc\AppData\Local\Programs\MiKTeX 2.9\tex/latex/graphics\color.sty
Package: color 2020/02/24 v1.2b Standard LaTeX Color (DPC)

(C:\Users\pc\AppData\Local\Programs\MiKTeX 2.9\tex/latex/graphics-cfg\color.cfg
File: color.cfg 2016/01/02 v1.6 sample color configuration
)
Package color Info: Driver file: pdftex.def on input line 147.

(C:\Users\pc\AppData\Local\Programs\MiKTeX 2.9\tex/latex/graphics-def\pdftex.de
f
File: pdftex.def 2020/10/05 v1.2a Graphics/color driver for pdftex
))
\c@theorem=\count279
\c@corollary=\count280
\c@lemma=\count281
Package hyperref Info: Option `bookmarksnumbered' set `true' on input line 126.

Package hyperref Info: Option `bookmarksopen' set `false' on input line 126.
Package hyperref Info: Option `pdffitwindow' set `true' on input line 126.
Package hyperref Info: Option `pdfnewwindow' set `true' on input line 126.
Package hyperref Info: Option `colorlinks' set `true' on input line 126.
)
(C:\Users\pc\AppData\Local\Programs\MiKTeX 2.9\tex/latex/footmisc\footmisc.sty
Package: footmisc 2011/06/06 v5.5b a miscellany of footnote facilities
\FN@temptoken=\toks28
\footnotemargin=\dimen160
\c@pp@next@reset=\count282
Package footmisc Info: Declaring symbol style bringhurst on input line 855.
Package footmisc Info: Declaring symbol style chicago on input line 863.
Package footmisc Info: Declaring symbol style wiley on input line 872.
Package footmisc Info: Declaring symbol style lamport-robust on input line 883.

Package footmisc Info: Declaring symbol style lamport* on input line 903.
Package footmisc Info: Declaring symbol style lamport*-robust on input line 924
.
) (C:\Users\pc\AppData\Local\Programs\MiKTeX 2.9\tex/latex/blkarray\blkarray.st
y
Package: blkarray 2015/02/27 v0.07 Block array (dpc)
\c@BAenumi=\count283
\BA@col=\count284
\BA@block@cnt=\count285
\BA@final@box=\box49
\BA@first@box=\box50
\BA@colsep=\dimen161
\BA@ftn=\toks29
\BAextrarowheight=\dimen162
\BAextraheightafterhline=\dimen163
\BAarrayrulewidth=\dimen164
\BAdoublerulesep=\dimen165
\BAfootskip=\dimen166
\BA@dashbox=\box51
\BA@ddashbox=\box52
)
(C:\Users\pc\AppData\Local\Programs\MiKTeX 2.9\tex/latex/graphics\graphicx.sty
Package: graphicx 2020/09/09 v1.2b Enhanced LaTeX Graphics (DPC,SPQR)

(C:\Users\pc\AppData\Local\Programs\MiKTeX 2.9\tex/latex/graphics\graphics.sty
Package: graphics 2020/08/30 v1.4c Standard LaTeX Graphics (DPC,SPQR)

(C:\Users\pc\AppData\Local\Programs\MiKTeX 2.9\tex/latex/graphics\trig.sty
Package: trig 2016/01/03 v1.10 sin cos tan (DPC)
)
(C:\Users\pc\AppData\Local\Programs\MiKTeX 2.9\tex/latex/graphics-cfg\graphics.
cfg
File: graphics.cfg 2016/06/04 v1.11 sample graphics configuration
)
Package graphics Info: Driver file: pdftex.def on input line 105.
)
\Gin@req@height=\dimen167
\Gin@req@width=\dimen168
)
(C:\Users\pc\AppData\Local\Programs\MiKTeX 2.9\tex/latex/nomencl\nomencl.sty
Package: nomencl 2020/12/29 v5.5 Nomenclature package

(C:\Users\pc\AppData\Local\Programs\MiKTeX 2.9\tex/latex/xkeyval\xkeyval.sty
Package: xkeyval 2020/11/20 v2.8 package option processing (HA)

(C:\Users\pc\AppData\Local\Programs\MiKTeX 2.9\tex/generic/xkeyval\xkeyval.tex
(C:\Users\pc\AppData\Local\Programs\MiKTeX 2.9\tex/generic/xkeyval\xkvutils.tex
\XKV@toks=\toks30
\XKV@tempa@toks=\toks31
)
\XKV@depth=\count286
File: xkeyval.tex 2014/12/03 v2.7a key=value parser (HA)
)) (C:\Users\pc\AppData\Local\Programs\MiKTeX 2.9\tex/latex/base\ifthen.sty
Package: ifthen 2014/09/29 v1.1c Standard LaTeX ifthen package (DPC)
)
(C:\Users\pc\AppData\Local\Programs\MiKTeX 2.9\tex/latex/koma-script\tocbasic.s
ty
Package: tocbasic 2021/03/17 v3.33 KOMA-Script package (handling toc-files)

(C:\Users\pc\AppData\Local\Programs\MiKTeX 2.9\tex/latex/koma-script\scrbase.st
y
Package: scrbase 2021/03/17 v3.33 KOMA-Script package (KOMA-Script-independent 
basics and keyval usage)

(C:\Users\pc\AppData\Local\Programs\MiKTeX 2.9\tex/latex/koma-script\scrlfile.s
ty
Package: scrlfile 2021/03/17 v3.33 KOMA-Script package (file load hooks)

(C:\Users\pc\AppData\Local\Programs\MiKTeX 2.9\tex/latex/koma-script\scrlfile-h
ook.sty
Package: scrlfile-hook 2021/03/17 v3.33 KOMA-Script package (using LaTeX hooks)


LaTeX3 Info: Defining command \BeforeFile with sig. 'm' on line 61.


LaTeX3 Info: Defining command \AfterFile with sig. 'm' on line 65.


LaTeX3 Info: Defining command \BeforeClass with sig. 'm' on line 69.


LaTeX3 Info: Defining command \BeforePackage with sig. 'm' on line 73.


LaTeX3 Info: Defining command \AfterAtEndOfClass with sig. 'smo+m' on line 83.


LaTeX3 Info: Defining command \AfterAtEndOfPackage with sig. 'smo+m' on line
(LaTeX3)     93.


LaTeX3 Info: Defining command \scrlfile@AfterClass with sig. 'smo+m' on line
(LaTeX3)     173.


LaTeX3 Info: Defining command \AfterClass with sig. '' on line 174.


LaTeX3 Info: Defining command \scrlfile@AfterPackage with sig. 'smo+m' on line
(LaTeX3)     191.


LaTeX3 Info: Defining command \AfterPackage with sig. '' on line 192.


LaTeX3 Info: Defining command \ReplaceInput with sig. '' on line 193.


LaTeX3 Info: Defining command \ReplaceClass with sig. 'mm' on line 196.


LaTeX3 Info: Defining command \ReplacePackage with sig. 'mm' on line 199.


LaTeX3 Info: Defining command \UnReplaceInput with sig. '' on line 200.


LaTeX3 Info: Defining command \UnReplaceClass with sig. 'm' on line 203.


LaTeX3 Info: Defining command \UnReplacePackage with sig. 'mm' on line 206.


LaTeX3 Info: Defining command \PreventPackageFromLoading with sig. 's+om' on
(LaTeX3)     line 234.


LaTeX3 Info: Defining command \StorePreventPackageFromLoading with sig. 'm' on
(LaTeX3)     line 242.


LaTeX3 Info: Defining command \ResetPreventPackageFromLoading with sig. '' on
(LaTeX3)     line 247.


LaTeX3 Info: Defining command \UnPreventPackageFromLoading with sig. 'sm' on
(LaTeX3)     line 261.


LaTeX3 Info: Defining command \BeforeClosingMainAux with sig. 'om' on line
(LaTeX3)     274.


LaTeX3 Info: Defining command \AfterReadingMainAux with sig. 'om' on line 287.


LaTeX3 Info: Defining command \protected@immediate@write with sig. 'm+m+m' on
(LaTeX3)     line 298.


(C:\Users\pc\AppData\Local\Programs\MiKTeX 2.9\tex/latex/koma-script\scrlogo.st
y
Package: scrlogo 2021/03/17 v3.33 KOMA-Script package (logo)
)))
Skipping: [2021/05/01] Usage of raw option list on input line 252.
Applying: [0000/00/00] compatibility for LaTeX before 2021/05/01 on input line 
337.
)
\scr@dte@tocline@numberwidth=\skip56
\scr@dte@tocline@numbox=\box53
)
Package tocbasic Info: babel extension for `nlo' omitted
(tocbasic)             because of missing \bbl@set@language on input line 187.
Package tocbasic Info: babel extension for `nls' omitted
(tocbasic)             because of missing \bbl@set@language on input line 188.
\nomlabelwidth=\dimen169
\nom@tempdim=\dimen170
\nomitemsep=\skip57
)
(C:\Users\pc\AppData\Local\Programs\MiKTeX 2.9\tex/latex/float\float.sty
Package: float 2001/11/08 v1.3d Float enhancements (AL)
\c@float@type=\count287
\float@exts=\toks32
\float@box=\box54
\@float@everytoks=\toks33
\@floatcapt=\box55
)
(C:\Users\pc\AppData\Local\Programs\MiKTeX 2.9\tex/latex/fancyhdr\fancyhdr.sty
Package: fancyhdr 2021/01/28 v4.0.1 Extensive control of page headers and foote
rs
\f@nch@headwidth=\skip58
\f@nch@O@elh=\skip59
\f@nch@O@erh=\skip60
\f@nch@O@olh=\skip61
\f@nch@O@orh=\skip62
\f@nch@O@elf=\skip63
\f@nch@O@erf=\skip64
\f@nch@O@olf=\skip65
\f@nch@O@orf=\skip66
) (C:\Users\pc\AppData\Local\Programs\MiKTeX 2.9\tex/latex/srcltx\srcltx.sty
Package: srcltx 2006/11/12 v1.6 Source specials for inverse search in DVI files

\src@lastline=\count288
\src@new@everypar=\toks34
\src@new@output=\toks35
)
(C:\Users\pc\AppData\Local\Programs\MiKTeX 2.9\tex/latex/relsize\relsize.sty
Package: relsize 2013/03/29 ver 4.1
)
(C:\Users\pc\AppData\Local\Programs\MiKTeX 2.9\tex/latex/adjustbox\adjustbox.st
y
Package: adjustbox 2020/08/19 v1.3 Adjusting TeX boxes (trim, clip, ...)

(C:\Users\pc\AppData\Local\Programs\MiKTeX 2.9\tex/latex/adjustbox\adjcalc.sty
Package: adjcalc 2012/05/16 v1.1 Provides advanced setlength with multiple back
-ends (calc, etex, pgfmath)
)
(C:\Users\pc\AppData\Local\Programs\MiKTeX 2.9\tex/latex/adjustbox\trimclip.sty
Package: trimclip 2020/08/19 v1.2 Trim and clip general TeX material

(C:\Users\pc\AppData\Local\Programs\MiKTeX 2.9\tex/latex/collectbox\collectbox.
sty
Package: collectbox 2012/05/17 v0.4b Collect macro arguments as boxes
\collectedbox=\box56
)
\tc@llx=\dimen171
\tc@lly=\dimen172
\tc@urx=\dimen173
\tc@ury=\dimen174
Package trimclip Info: Using driver 'tc-pdftex.def'.

(C:\Users\pc\AppData\Local\Programs\MiKTeX 2.9\tex/latex/adjustbox\tc-pdftex.de
f
File: tc-pdftex.def 2019/01/04 v2.2 Clipping driver for pdftex
))
\adjbox@Width=\dimen175
\adjbox@Height=\dimen176
\adjbox@Depth=\dimen177
\adjbox@Totalheight=\dimen178
\adjbox@pwidth=\dimen179
\adjbox@pheight=\dimen180
\adjbox@pdepth=\dimen181
\adjbox@ptotalheight=\dimen182

(C:\Users\pc\AppData\Local\Programs\MiKTeX 2.9\tex/latex/ifoddpage\ifoddpage.st
y
Package: ifoddpage 2016/04/23 v1.1 Conditionals for odd/even page detection
\c@checkoddpage=\count289
)
(C:\Users\pc\AppData\Local\Programs\MiKTeX 2.9\tex/latex/varwidth\varwidth.sty
Package: varwidth 2009/03/30 ver 0.92;  Variable-width minipages
\@vwid@box=\box57
\sift@deathcycles=\count290
\@vwid@loff=\dimen183
\@vwid@roff=\dimen184
))
(C:\Users\pc\AppData\Local\Programs\MiKTeX 2.9\tex/latex/epstopdf-pkg\epstopdf.
sty
Package: epstopdf 2020-01-24 v2.11 Conversion with epstopdf on the fly (HO)
 (C:\Users\pc\AppData\Local\Programs\MiKTeX 2.9\tex/latex/grfext\grfext.sty
Package: grfext 2019/12/03 v1.3 Manage graphics extensions (HO)
)
(C:\Users\pc\AppData\Local\Programs\MiKTeX 2.9\tex/latex/epstopdf-pkg\epstopdf-
base.sty
Package: epstopdf-base 2020-01-24 v2.11 Base part for package epstopdf
Package epstopdf-base Info: Redefining graphics rule for `.eps' on input line 4
85.
Package grfext Info: Graphics extension search list:
(grfext)             [.pdf,.png,.jpg,.mps,.jpeg,.jbig2,.jb2,.PDF,.PNG,.JPG,.JPE
G,.JBIG2,.JB2,.eps]
(grfext)             \AppendGraphicsExtensions on input line 504.

(C:\Users\pc\AppData\Local\Programs\MiKTeX 2.9\tex/latex/00miktex\epstopdf-sys.
cfg
File: epstopdf-sys.cfg 2021/03/18 v2.0 Configuration of epstopdf for MiKTeX
)))
(C:\Users\pc\AppData\Local\Programs\MiKTeX 2.9\tex/latex/booktabs\booktabs.sty
Package: booktabs 2020/01/12 v1.61803398 Publication quality tables
\heavyrulewidth=\dimen185
\lightrulewidth=\dimen186
\cmidrulewidth=\dimen187
\belowrulesep=\dimen188
\belowbottomsep=\dimen189
\aboverulesep=\dimen190
\abovetopsep=\dimen191
\cmidrulesep=\dimen192
\cmidrulekern=\dimen193
\defaultaddspace=\dimen194
\@cmidla=\count291
\@cmidlb=\count292
\@aboverulesep=\dimen195
\@belowrulesep=\dimen196
\@thisruleclass=\count293
\@lastruleclass=\count294
\@thisrulewidth=\dimen197
) (C:\Users\pc\AppData\Local\Programs\MiKTeX 2.9\tex/latex/caption\caption.sty
Package: caption 2020/10/26 v3.5g Customizing captions (AR)

(C:\Users\pc\AppData\Local\Programs\MiKTeX 2.9\tex/latex/caption\caption3.sty
Package: caption3 2020/10/21 v2.2e caption3 kernel (AR)
\captionmargin=\dimen198
\captionmargin@=\dimen199
\captionwidth=\dimen256
\caption@tempdima=\dimen257
\caption@indent=\dimen258
\caption@parindent=\dimen259
\caption@hangindent=\dimen260
Package caption Info: Standard document class detected.
)

Package caption Warning: Configuration file caption.cfg not found on input line
 187.
See the caption package documentation for explanation.

\c@caption@flags=\count295
\c@continuedfloat=\count296
Package caption Info: float package is loaded.
Package caption Info: hyperref package is loaded.
) (C:\Users\pc\AppData\Local\Programs\MiKTeX 2.9\tex/latex/subfig\subfig.sty
Package: subfig 2005/06/28 ver: 1.3 subfig package
\c@KVtest=\count297
\sf@farskip=\skip67
\sf@captopadj=\dimen261
\sf@capskip=\skip68
\sf@nearskip=\skip69


Package subfig Warning: Configuration file subfig.cfg not found on input line 2
97.

\c@subfigure=\count298
\c@subfigure@save=\count299
\c@lofdepth=\count300
\c@subtable=\count301
\c@subtable@save=\count302
\c@lotdepth=\count303
\sf@top=\skip70
\sf@bottom=\skip71
)
(C:\Users\pc\AppData\Local\Programs\MiKTeX 2.9\tex/latex/jknappen\mathrsfs.sty
Package: mathrsfs 1996/01/01 Math RSFS package v1.0 (jk)
\symrsfs=\mathgroup6
) (C:\Users\pc\AppData\Local\Programs\MiKTeX 2.9\tex/latex/csquotes\csquotes.st
y
Package: csquotes 2021-02-22 v5.2l context-sensitive quotations (JAW)
(C:\Users\pc\AppData\Local\Programs\MiKTeX 2.9\tex/latex/etoolbox\etoolbox.sty
Package: etoolbox 2020/10/05 v2.5k e-TeX tools for LaTeX (JAW)
\etb@tempcnta=\count304
)
\csq@reset=\count305
\csq@gtype=\count306
\csq@glevel=\count307
\csq@qlevel=\count308
\csq@maxlvl=\count309
\csq@tshold=\count310
\csq@ltx@everypar=\toks36
Package srcltx Info: Expanded filename `csquotes.def' to `csquotes.def.tex' on 
input line 2474.
:<+ csquotes.def.tex
(C:\Users\pc\AppData\Local\Programs\MiKTeX 2.9\tex/latex/csquotes\csquotes.def
File: csquotes.def 2021-02-22 v5.2l csquotes generic definitions (JAW)
)
:<-
Package csquotes Info: Trying to load configuration file 'csquotes.cfg'...
Package csquotes Info: ... configuration file loaded successfully.
(C:\Users\pc\AppData\Local\Programs\MiKTeX 2.9\tex/latex/csquotes\csquotes.cfg
File: csquotes.cfg 
))
\@glossaryfile=\write3
\openout3 = `eeeoauthesis.glo'.


Writing glossary file eeeoauthesis.glo 
(C:\Users\pc\AppData\Local\Programs\MiKTeX 2.9\tex/latex/mfirstuc\mfirstuc.sty
Package: mfirstuc 2017/11/14 v2.06 (NLCT)
\@glsmfirst=\toks37
\@glsmrest=\toks38
) (C:\Users\pc\AppData\Local\Programs\MiKTeX 2.9\tex/latex/natbib\natbib.sty
Package: natbib 2010/09/13 8.31b (PWD, AO)
\bibhang=\skip72
\bibsep=\skip73
LaTeX Info: Redefining \cite on input line 694.
\c@NAT@ctr=\count311
)
(C:\Users\pc\AppData\Local\Programs\MiKTeX 2.9\tex/latex/hanging\hanging.sty
Package: hanging 2009/09/02 v1.2b hanging paragraphs and punctuation
\h@ngcommawd=\skip74
\h@ngfstopwd=\skip75
\h@ngquotewd=\skip76
\h@ngdquotewd=\skip77
\h@ngquerywd=\skip78
\h@ngexclwd=\skip79
\h@ngcolonwd=\skip80
\h@ngscolonwd=\skip81
)
(C:\Users\pc\AppData\Local\Programs\MiKTeX 2.9\tex/latex/titlecaps\titlecaps.st
y
Package: titlecaps 2015/01/30 V1.2 Routines for setting rich-text input into Ti
tling Caps

(C:\Users\pc\AppData\Local\Programs\MiKTeX 2.9\tex/latex/ifnextok\ifnextok.sty
Package: ifnextok 2011/06/27 v0.3 test next token (UL)
)
\c@lcword@index=\count312
\c@word@count=\count313
\c@lc@words=\count314
\c@dia@count=\count315
\c@arg@@@index=\count316
) (C:\Users\pc\AppData\Local\Programs\MiKTeX 2.9\tex/latex/xifthen\xifthen.sty
Package: xifthen 2015/11/05 v1.4.0 Extended ifthen features

(C:\Users\pc\AppData\Local\Programs\MiKTeX 2.9\tex/latex/latex-tools\calc.sty
Package: calc 2017/05/25 v4.3 Infix arithmetic (KKT,FJ)
\calc@Acount=\count317
\calc@Bcount=\count318
\calc@Adimen=\dimen262
\calc@Bdimen=\dimen263
\calc@Askip=\skip82
\calc@Bskip=\skip83
LaTeX Info: Redefining \setlength on input line 80.
LaTeX Info: Redefining \addtolength on input line 81.
\calc@Ccount=\count319
\calc@Cskip=\skip84
)
(C:\Users\pc\AppData\Local\Programs\MiKTeX 2.9\tex/latex/ifmtarg\ifmtarg.sty
Package: ifmtarg 2018/04/16 v1.2b check for an empty argument
))
(C:\Users\pc\AppData\Local\Programs\MiKTeX 2.9\tex/latex/tocloft\tocloft.sty
Package: tocloft 2017/08/31 v2.3i parameterised ToC, etc., typesetting
Package tocloft Info: The document has chapter divisions on input line 51.
\cftparskip=\skip85
\cftbeforetoctitleskip=\skip86
\cftaftertoctitleskip=\skip87
\cftbeforepartskip=\skip88
\cftpartnumwidth=\skip89
\cftpartindent=\skip90
\cftbeforechapskip=\skip91
\cftchapindent=\skip92
\cftchapnumwidth=\skip93
\cftbeforesecskip=\skip94
\cftsecindent=\skip95
\cftsecnumwidth=\skip96
\cftbeforesubsecskip=\skip97
\cftsubsecindent=\skip98
\cftsubsecnumwidth=\skip99
\cftbeforesubsubsecskip=\skip100
\cftsubsubsecindent=\skip101
\cftsubsubsecnumwidth=\skip102
\cftbeforeparaskip=\skip103
\cftparaindent=\skip104
\cftparanumwidth=\skip105
\cftbeforesubparaskip=\skip106
\cftsubparaindent=\skip107
\cftsubparanumwidth=\skip108
\cftbeforeloftitleskip=\skip109
\cftafterloftitleskip=\skip110
\cftbeforefigskip=\skip111
\cftfigindent=\skip112
\cftfignumwidth=\skip113
\cftbeforelottitleskip=\skip114
\cftafterlottitleskip=\skip115
\cftbeforetabskip=\skip116
\cfttabindent=\skip117
\cfttabnumwidth=\skip118
\cftbeforesubfigskip=\skip119
\cftsubfigindent=\skip120
\cftsubfignumwidth=\skip121
\cftbeforesubtabskip=\skip122
\cftsubtabindent=\skip123
\cftsubtabnumwidth=\skip124
)
(C:\Users\pc\AppData\Local\Programs\MiKTeX 2.9\tex/latex/latex-tools\longtable.
sty
Package: longtable 2020/01/07 v4.13 Multi-page Table package (DPC)
\LTleft=\skip125
\LTright=\skip126
\LTpre=\skip127
\LTpost=\skip128
\LTchunksize=\count320
\LTcapwidth=\dimen264
\LT@head=\box58
\LT@firsthead=\box59
\LT@foot=\box60
\LT@lastfoot=\box61
\LT@cols=\count321
\LT@rows=\count322
\c@LT@tables=\count323
\c@LT@chunks=\count324
\LT@p@ftn=\toks39
)
(C:\Users\pc\AppData\Local\Programs\MiKTeX 2.9\tex/latex/listings\listings.sty
\lst@mode=\count325
\lst@gtempboxa=\box62
\lst@token=\toks40
\lst@length=\count326
\lst@currlwidth=\dimen265
\lst@column=\count327
\lst@pos=\count328
\lst@lostspace=\dimen266
\lst@width=\dimen267
\lst@newlines=\count329
\lst@lineno=\count330
\lst@maxwidth=\dimen268

(C:\Users\pc\AppData\Local\Programs\MiKTeX 2.9\tex/latex/listings\lstmisc.sty
File: lstmisc.sty 2020/03/24 1.8d (Carsten Heinz)
\c@lstnumber=\count331
\lst@skipnumbers=\count332
\lst@framebox=\box63
)
(C:\Users\pc\AppData\Local\Programs\MiKTeX 2.9\tex/latex/listings\listings.cfg
File: listings.cfg 2020/03/24 1.8d listings configuration
))
Package: listings 2020/03/24 1.8d (Carsten Heinz)
 (C:\Users\pc\AppData\Local\Programs\MiKTeX 2.9\tex/latex/xcolor\xcolor.sty
Package: xcolor 2022/06/12 v2.14 LaTeX color extensions (UK)

(C:\Users\pc\AppData\Local\Programs\MiKTeX 2.9\tex/latex/graphics-cfg\color.cfg
File: color.cfg 2016/01/02 v1.6 sample color configuration
)
Package xcolor Info: Driver file: pdftex.def on input line 227.
LaTeX Info: Redefining \color on input line 711.
Package xcolor Info: Model `cmy' substituted by `cmy0' on input line 1353.
Package xcolor Info: Model `hsb' substituted by `rgb' on input line 1357.
Package xcolor Info: Model `RGB' extended on input line 1369.
Package xcolor Info: Model `HTML' substituted by `rgb' on input line 1371.
Package xcolor Info: Model `Hsb' substituted by `hsb' on input line 1372.
Package xcolor Info: Model `tHsb' substituted by `hsb' on input line 1373.
Package xcolor Info: Model `HSB' substituted by `hsb' on input line 1374.
Package xcolor Info: Model `Gray' substituted by `gray' on input line 1375.
Package xcolor Info: Model `wave' substituted by `hsb' on input line 1376.
) (C:\Users\pc\AppData\Local\Programs\MiKTeX 2.9\tex/latex/acro\acro.sty
(C:\Users\pc\AppData\Local\Programs\MiKTeX 2.9\tex/latex/l3packages/l3keys2e\l3
keys2e.sty
(C:\Users\pc\AppData\Local\Programs\MiKTeX 2.9\tex/latex/l3kernel\expl3.sty
Package: expl3 2021-02-18 L3 programming layer (loader) 

(C:\Users\pc\AppData\Local\Programs\MiKTeX 2.9\tex/latex/l3backend\l3backend-pd
ftex.def
File: l3backend-pdftex.def 2021-03-18 L3 backend support: PDF output (pdfTeX)
\l__color_backend_stack_int=\count333
\l__pdf_internal_box=\box64
))
Package: l3keys2e 2021-03-12 LaTeX2e option processing using LaTeX3 keys
)
Package: acro 2022/04/01 v3.8 typeset acronyms and other abbreviations (CN)


Package acro Warning: Unknown option `vesion'
(acro)                I don't know the option `vesion'. Please make sure there
(acro)                is no typo. Check the manual for help.

\l__acro_tmpa_int=\count334
\l__acro_tmpb_int=\count335
\l__acro_tmpc_int=\count336
\l__acro_tmpd_int=\count337

LaTeX3 Info: Defining command \AcroStyle with sig. 'smO{}' on line 443.

Loading module `base' ...
Loading module `interface' ...

LaTeX3 Info: Defining command \AcroAddRow with sig. '+m' on line 646.


LaTeX3 Info: Defining command \AcroRerun with sig. '' on line 649.


LaTeX3 Info: Defining command \AcroPropertiesMap with sig. '+m' on line 652.


LaTeX3 Info: Defining command \AcroAcronymsMap with sig. '+m' on line 655.


LaTeX3 Info: Defining command \AcroMapBreak with sig. '' on line 657.


LaTeX3 Info: Defining command \AcroPropertiesSet with sig. 'm+m' on line 660.


LaTeX3 Info: Defining command \AcroMap with sig. 'm+m' on line 663.


LaTeX3 Info: Defining command \AcroNeedPackage with sig. 'm' on line 672.


LaTeX3 Info: Defining command \acsetup with sig. '+m' on line 677.


LaTeX3 Info: Defining command \acroloadstyle with sig. 'm' on line 680.


LaTeX3 Info: Defining command \acroifstarredTF with sig. '' on line 683.


LaTeX3 Info: Defining command \acroifstarredT with sig. '' on line 686.


LaTeX3 Info: Defining command \acroifstarredF with sig. '' on line 689.


LaTeX3 Info: Defining command \acroifusedTF with sig. 'm' on line 692.


LaTeX3 Info: Defining command \acroifusedT with sig. 'm' on line 695.


LaTeX3 Info: Defining command \acroifusedF with sig. 'm' on line 698.


LaTeX3 Info: Defining command \acuse with sig. 'm' on line 701.


LaTeX3 Info: Defining command \acuseall with sig. '' on line 704.


LaTeX3 Info: Defining command \acreset with sig. 'm' on line 707.


LaTeX3 Info: Defining command \acresetall with sig. '' on line 710.


LaTeX3 Info: Defining command \acsimple with sig. 'mm' on line 713.


LaTeX3 Info: Defining command \acbarrier with sig. '' on line 716.


LaTeX3 Info: Defining command \acswitchoff with sig. '' on line 719.


LaTeX3 Info: Defining command \acswitchon with sig. '' on line 722.


LaTeX3 Info: Defining command \DeclareAcroProperty with sig. 'st?t!t|t>m' on
(LaTeX3)     line 736.


LaTeX3 Info: Defining command \DeclareAcroPropertyAlias with sig.
(LaTeX3)     'st?t!t|t>mm' on line 750.


LaTeX3 Info: Defining command \MakeAcroPropertyAlias with sig. 'mm' on line
(LaTeX3)     753.


LaTeX3 Info: Defining command \NewAcroPreset with sig. 'm+m' on line 756.


LaTeX3 Info: Defining command \RenewAcroPreset with sig. 'm+m' on line 759.


LaTeX3 Info: Defining command \DeclareAcroPreset with sig. 'm+m' on line 762.


LaTeX3 Info: Defining command \UseAcroTemplate with sig. 'O{acronym}mO{1}' on
(LaTeX3)     line 766.


LaTeX3 Info: Defining command \NewAcroTemplate with sig. 'O{acronym}m+m' on
(LaTeX3)     line 769.


LaTeX3 Info: Defining command \RenewAcroTemplate with sig. 'O{acronym}m+m' on
(LaTeX3)     line 772.


LaTeX3 Info: Defining command \SetupAcroTemplate with sig. 'O{acronym}m+m' on
(LaTeX3)     line 775.


LaTeX3 Info: Defining command \SetupNextAcroTemplate with sig. 'O{acronym}m+m'
(LaTeX3)     on line 778.


LaTeX3 Info: Defining command \DeclareAcronym with sig. 'm+m' on line 781.


LaTeX3 Info: Defining command \DeclareAcroEnding with sig. 'mmm' on line 789.


LaTeX3 Info: Defining command \DeclareAcroArticle with sig. 'mm' on line 792.


LaTeX3 Info: Defining command \DeclareAcroTranslation with sig. 'm+m' on line
(LaTeX3)     795.


LaTeX3 Info: Defining command \AddAcroTranslations with sig. 'm+m' on line
(LaTeX3)     798.


LaTeX3 Info: Defining command \acrotranslate with sig. 'm' on line 801.


LaTeX3 Info: Defining command \aciftrailing with sig. '' on line 804.


LaTeX3 Info: Defining command \acfootnote with sig. 'm' on line 807.


LaTeX3 Info: Defining command \acgobbletrail with sig. '' on line 810.


LaTeX3 Info: Defining command \acdot with sig. '' on line 812.


LaTeX3 Info: Defining command \acspace with sig. '' on line 813.


LaTeX3 Info: Defining command \abbrdot with sig. '' on line 814.


LaTeX3 Info: Defining command \acroupper with sig. '' on line 816.


LaTeX3 Info: Defining command \acrofull with sig. '' on line 817.


LaTeX3 Info: Defining command \printacronyms with sig. 'o' on line 826.


LaTeX3 Info: Defining command \acroheading with sig. '' on line 830.


LaTeX3 Info: Defining command \acropreamble with sig. '' on line 831.


LaTeX3 Info: Defining command \acropostamble with sig. '' on line 832.


LaTeX3 Info: Defining command \acrolistname with sig. '' on line 835.


LaTeX3 Info: Defining command \acronymsmapTF with sig. '+m+m+m' on line 848.


LaTeX3 Info: Defining command \acronymsmapT with sig. '+m+m' on line 851.


LaTeX3 Info: Defining command \acronymsmapF with sig. '+m+m' on line 854.


LaTeX3 Info: Defining command \acronymsmap with sig. '+m' on line 857.


LaTeX3 Info: Defining command \acrofield with sig. 'mm' on line 860.


LaTeX3 Info: Defining command \acroprintfield with sig. 'mm' on line 870.


LaTeX3 Info: Defining command \acroiffieldTF with sig. '+m+m+m+m' on line 873.


LaTeX3 Info: Defining command \acroifanyfieldTF with sig. 'mm+m+m' on line
(LaTeX3)     876.


LaTeX3 Info: Defining command \acroifallfieldsTF with sig. 'mm+m+m' on line
(LaTeX3)     879.


LaTeX3 Info: Defining command \acroifpagefieldTF with sig. 'm' on line 882.


LaTeX3 Info: Defining command \acrowrite with sig. 'm' on line 885.


LaTeX3 Info: Defining command \acroshow with sig. 'm' on line 888.


LaTeX3 Info: Defining command \acrodonotuse with sig. '' on line 891.


LaTeX3 Info: Defining command \acroformat with sig. 'mm' on line 894.


LaTeX3 Info: Defining command \acrogroupcite with sig. '' on line 905.


LaTeX3 Info: Defining command \acrocite with sig. '' on line 908.


LaTeX3 Info: Defining command \acroifpropertyTF with sig. 'm' on line 911.


LaTeX3 Info: Defining command \acroifpropertyT with sig. 'm' on line 914.


LaTeX3 Info: Defining command \acroifpropertyF with sig. 'm' on line 917.


LaTeX3 Info: Defining command \acroifbooleanTF with sig. 'm' on line 920.


LaTeX3 Info: Defining command \acroifbooleanT with sig. 'm' on line 923.


LaTeX3 Info: Defining command \acroifbooleanF with sig. 'm' on line 926.


LaTeX3 Info: Defining command \acroifTF with sig. 'm' on line 929.


LaTeX3 Info: Defining command \acroifT with sig. 'm' on line 931.


LaTeX3 Info: Defining command \acroifF with sig. 'm' on line 933.


LaTeX3 Info: Defining command \acroifanyTF with sig. 'm+m+m' on line 936.


LaTeX3 Info: Defining command \acroifanyT with sig. 'm+m' on line 938.


LaTeX3 Info: Defining command \acroifanyF with sig. 'm+m' on line 940.


LaTeX3 Info: Defining command \acroifallTF with sig. 'm+m+m' on line 943.


LaTeX3 Info: Defining command \acroifallT with sig. 'm+m' on line 945.


LaTeX3 Info: Defining command \acroifallF with sig. 'm+m' on line 947.


LaTeX3 Info: Defining command \acroifsingleTF with sig. '+m+m' on line 950.


LaTeX3 Info: Defining command \acroifsingleT with sig. '+m' on line 952.


LaTeX3 Info: Defining command \acroifsingleF with sig. '+m' on line 954.


LaTeX3 Info: Defining command \acroiffirstTF with sig. '+m+m' on line 957.


LaTeX3 Info: Defining command \acroiffirstT with sig. '+m' on line 959.


LaTeX3 Info: Defining command \acroiffirstF with sig. '+m' on line 961.


LaTeX3 Info: Defining command \acroiftagTF with sig. 'm+m+m' on line 964.


LaTeX3 Info: Defining command \acroiftagT with sig. 'm+m' on line 966.


LaTeX3 Info: Defining command \acroiftagF with sig. 'm+m' on line 968.


LaTeX3 Info: Defining command \acropages with sig. 'mm' on line 971.


LaTeX3 Info: Defining command \acronopagerange with sig. '' on line 974.


LaTeX3 Info: Defining command \acroneedpages with sig. '' on line 977.


LaTeX3 Info: Defining command \acropagefill with sig. '' on line 980.


LaTeX3 Info: Defining command \acrodotfill with sig. '' on line 982.


LaTeX3 Info: Defining command \acroifpagesTF with sig. '' on line 985.


LaTeX3 Info: Defining command \acroifpagesT with sig. '' on line 988.


LaTeX3 Info: Defining command \acroifpagesF with sig. '' on line 991.


LaTeX3 Info: Defining command \acroifchapterTF with sig. '' on line 994.


LaTeX3 Info: Defining command \acroifchapterT with sig. '' on line 997.


LaTeX3 Info: Defining command \acroifchapterF with sig. '' on line 1000.

Loading module `aux' ...
Loading module `properties' ...
Loading module `acronyms' ...
Loading module `formatting' ...
Loading module `ppfixes' ...
Loading module `tools' ...
\l__acro_minimal_usage_int=\count338
\l__acro_nest_int=\count339
\g_acro_barrier_int=\count340
\g_acro_barrier_total_int=\count341
Loading module `commands' ...
\l_acro_nest_level_int=\count342

LaTeX3 Info: Defining command \NewAcroCommand with sig. 'mm+m' on line 3369.


LaTeX3 Info: Defining command \RenewAcroCommand with sig. 'mm+m' on line 3374.


LaTeX3 Info: Defining command \DeclareAcroCommand with sig. 'mm+m' on line
(LaTeX3)     3379.


LaTeX3 Info: Defining command \ProvideAcroCommand with sig. 'mm+m' on line
(LaTeX3)     3384.

Loading module `templates' ...
Loading module `list' ...
Loading module `pages' ...
\l__acro_pages_seq_threshold_int=\count343
Loading module `locale' ...

(C:\Users\pc\AppData\Local\Programs\MiKTeX 2.9\tex/latex/translations\translati
ons.sty
Package: translations 2022/02/05 v1.12 internationalization of LaTeX2e packages
 (CN)
)
Loading module `pdfsupport' ...
Loading module `patch' ...
Loading module `definitions' ...

LaTeX3 Info: Defining command \baseac with sig. 'm' on line 5225.


LaTeX3 Info: Defining command \ac with sig. 'so' on line 5225.


LaTeX3 Info: Defining command \baseacp with sig. 'm' on line 5227.


LaTeX3 Info: Defining command \acp with sig. 'so' on line 5227.


LaTeX3 Info: Defining command \baseiac with sig. 'm' on line 5229.


LaTeX3 Info: Defining command \iac with sig. 'so' on line 5229.


LaTeX3 Info: Defining command \baseAc with sig. 'm' on line 5231.


LaTeX3 Info: Defining command \Ac with sig. 'so' on line 5231.


LaTeX3 Info: Defining command \baseAcp with sig. 'm' on line 5233.


LaTeX3 Info: Defining command \Acp with sig. 'so' on line 5233.


LaTeX3 Info: Defining command \baseIac with sig. 'm' on line 5235.


LaTeX3 Info: Defining command \Iac with sig. 'so' on line 5235.


LaTeX3 Info: Defining command \baseacs with sig. 'm' on line 5238.


LaTeX3 Info: Defining command \acs with sig. 'so' on line 5238.


LaTeX3 Info: Defining command \baseacsp with sig. 'm' on line 5240.


LaTeX3 Info: Defining command \acsp with sig. 'so' on line 5240.


LaTeX3 Info: Defining command \baseiacs with sig. 'm' on line 5242.


LaTeX3 Info: Defining command \iacs with sig. 'so' on line 5242.


LaTeX3 Info: Defining command \baseAcs with sig. 'm' on line 5244.


LaTeX3 Info: Defining command \Acs with sig. 'so' on line 5244.


LaTeX3 Info: Defining command \baseAcsp with sig. 'm' on line 5246.


LaTeX3 Info: Defining command \Acsp with sig. 'so' on line 5246.


LaTeX3 Info: Defining command \baseIacs with sig. 'm' on line 5248.


LaTeX3 Info: Defining command \Iacs with sig. 'so' on line 5248.


LaTeX3 Info: Defining command \baseacl with sig. 'm' on line 5251.


LaTeX3 Info: Defining command \acl with sig. 'so' on line 5251.


LaTeX3 Info: Defining command \baseaclp with sig. 'm' on line 5253.


LaTeX3 Info: Defining command \aclp with sig. 'so' on line 5253.


LaTeX3 Info: Defining command \baseiacl with sig. 'm' on line 5255.


LaTeX3 Info: Defining command \iacl with sig. 'so' on line 5255.


LaTeX3 Info: Defining command \baseAcl with sig. 'm' on line 5257.


LaTeX3 Info: Defining command \Acl with sig. 'so' on line 5257.


LaTeX3 Info: Defining command \baseAclp with sig. 'm' on line 5259.


LaTeX3 Info: Defining command \Aclp with sig. 'so' on line 5259.


LaTeX3 Info: Defining command \baseIacl with sig. 'm' on line 5261.


LaTeX3 Info: Defining command \Iacl with sig. 'so' on line 5261.


LaTeX3 Info: Defining command \baseaca with sig. 'm' on line 5264.


LaTeX3 Info: Defining command \aca with sig. 'so' on line 5264.


LaTeX3 Info: Defining command \baseacap with sig. 'm' on line 5266.


LaTeX3 Info: Defining command \acap with sig. 'so' on line 5266.


LaTeX3 Info: Defining command \baseiaca with sig. 'm' on line 5268.


LaTeX3 Info: Defining command \iaca with sig. 'so' on line 5268.


LaTeX3 Info: Defining command \baseAca with sig. 'm' on line 5270.


LaTeX3 Info: Defining command \Aca with sig. 'so' on line 5270.


LaTeX3 Info: Defining command \baseAcap with sig. 'm' on line 5272.


LaTeX3 Info: Defining command \Acap with sig. 'so' on line 5272.


LaTeX3 Info: Defining command \baseIaca with sig. 'm' on line 5274.


LaTeX3 Info: Defining command \Iaca with sig. 'so' on line 5274.


LaTeX3 Info: Defining command \baseacf with sig. 'm' on line 5277.


LaTeX3 Info: Defining command \acf with sig. 'so' on line 5277.


LaTeX3 Info: Defining command \baseacfp with sig. 'm' on line 5279.


LaTeX3 Info: Defining command \acfp with sig. 'so' on line 5279.


LaTeX3 Info: Defining command \baseiacf with sig. 'm' on line 5281.


LaTeX3 Info: Defining command \iacf with sig. 'so' on line 5281.


LaTeX3 Info: Defining command \baseAcf with sig. 'm' on line 5283.


LaTeX3 Info: Defining command \Acf with sig. 'so' on line 5283.


LaTeX3 Info: Defining command \baseAcfp with sig. 'm' on line 5285.


LaTeX3 Info: Defining command \Acfp with sig. 'so' on line 5285.


LaTeX3 Info: Defining command \baseIacf with sig. 'm' on line 5287.


LaTeX3 Info: Defining command \Iacf with sig. 'so' on line 5287.


LaTeX3 Info: Defining command \baseacshow with sig. 'm' on line 5290.


LaTeX3 Info: Defining command \acshow with sig. 'so' on line 5290.


LaTeX3 Info: Defining command \acroplural with sig. '' on line 5293.


LaTeX3 Info: Defining command \acroindefinite with sig. '' on line 5295.


LaTeX3 Info: Defining command \nospace with sig. '' on line 5297.


LaTeX3 Info: Defining command \acroendfootnote with sig. '' on line 5348.

Loading module `upgrade' ...
)
(C:\Users\pc\AppData\Local\Programs\MiKTeX 2.9\tex/latex/multirow\bigstrut.sty
Package: bigstrut 2021/03/15 v2.8 Provide larger struts in tabulars
\bigstrutjot=\dimen269
)
\c@dft=\count344
(C:\Users\pc\AppData\Local\Programs\MiKTeX 2.9\tex/latex/fmtcount\fmtcount.sty
Package: fmtcount 2020/01/30 v3.07

(C:\Users\pc\AppData\Local\Programs\MiKTeX 2.9\tex/latex/fmtcount\fcprefix.sty
Package: fcprefix 2012/09/28

(C:\Users\pc\AppData\Local\Programs\MiKTeX 2.9\tex/latex/fmtcount\fcnumparser.s
ty
Package: fcnumparser 2017/06/15
\fc@digit@counter=\count345
))
\c@padzeroesN=\count346
\fc@tmpcatcode=\count347
\@DT@modctr=\count348
\@ordinalctr=\count349
\@orgargctr=\count350
\@strctr=\count351
\@tmpstrctr=\count352
\@DT@loopN=\count353
\@DT@X=\count354
)
(C:\Users\pc\AppData\Local\Programs\MiKTeX 2.9\tex/latex/titlesec\titlesec.sty
Package: titlesec 2019/10/16 v2.13 Sectioning titles
\ttl@box=\box65
\beforetitleunit=\skip129
\aftertitleunit=\skip130
\ttl@plus=\dimen270
\ttl@minus=\dimen271
\ttl@toksa=\toks41
\titlewidth=\dimen272
\titlewidthlast=\dimen273
\titlewidthfirst=\dimen274
))
:<+ do-not-edit/python_highlighting.tex
\@input{do-not-edit/python_highlighting.aux}
\openout2 = `do-not-edit/python_highlighting.aux'.


(D:/Emmanuel_petron_Olateju/MMN_SZ/documents/olateju latex undergraduate thesis
\do-not-edit/python_highlighting.tex)
:<-
:<+ front-matter/acros.tex
\@input{front-matter/acros.aux}
\openout2 = `front-matter/acros.aux'.


(D:/Emmanuel_petron_Olateju/MMN_SZ/documents/olateju latex undergraduate thesis
\front-matter/acros.tex
\c@g@acro@blue@int=\count355
\c@g@acro@bluel@int=\count356
\c@g@acro@who@int=\count357
\c@g@acro@apbt@int=\count358
\c@g@acro@mime@int=\count359
\c@g@acro@cva@int=\count360
\c@g@acro@uefm@int=\count361
\c@g@acro@ueft@int=\count362
\c@g@acro@adler@int=\count363
\c@g@acro@bias@int=\count364
\c@g@acro@biadler@int=\count365
\c@g@acro@rom@int=\count366
\c@g@acro@haapi@int=\count367
\c@g@acro@adl@int=\count368
\c@g@acro@mhmi@int=\count369
\c@g@acro@at@int=\count370
\c@g@acro@es@int=\count371
\c@g@acro@fms@int=\count372
\c@g@acro@seat@int=\count373
\c@g@acro@sti@int=\count374
\c@g@acro@batrac@int=\count375
\c@g@acro@arcmime@int=\count376
\c@g@acro@fma@int=\count377
\c@g@acro@fim@int=\count378
\c@g@acro@mss@int=\count379
\c@g@acro@dof@int=\count380
\c@g@acro@ct@int=\count381
\c@g@acro@mri@int=\count382
\c@g@acro@eeg@int=\count383
\c@g@acro@ecg@int=\count384
\c@g@acro@built@int=\count385
\c@g@acro@vr@int=\count386
\c@g@acro@dmct@int=\count387
\c@g@acro@mcimt@int=\count388
\c@g@acro@mbatrac@int=\count389
\c@g@acro@cimt@int=\count390
\c@g@acro@ultra@int=\count391
\c@g@acro@semg@int=\count392
\c@g@acro@wmft@int=\count393
\c@g@acro@mas@int=\count394
\c@g@acro@ulexo@int=\count395
\c@g@acro@ul@int=\count396
\c@g@acro@arm@int=\count397
\c@g@acro@ipam@int=\count398
\c@g@acro@nere@int=\count399
\c@g@acro@bmt@int=\count400
\c@g@acro@rd@int=\count401
\c@g@acro@rsd@int=\count402
\c@g@acro@rs@int=\count403
\c@g@acro@pd@int=\count404
\c@g@acro@cvs@int=\count405
\c@g@acro@fsr@int=\count406
\c@g@acro@pulsr@int=\count407
\c@g@acro@eoa@int=\count408
\c@g@acro@ur@int=\count409
\c@g@acro@id@int=\count410
)
:<-
Package csquotes Info: Checking for multilingual support...
Package csquotes Info: ... none found.
Package translations Info: No language package found. I am going to use `englis
h' as default language. on input line 53.

LaTeX Warning: Unused global option(s):
    [A4paper].


(D:/Emmanuel_petron_Olateju/MMN_SZ/documents/olateju latex undergraduate thesis
\eeeoauthesis.aux
(D:/Emmanuel_petron_Olateju/MMN_SZ/documents/olateju latex undergraduate thesis
\front-matter/acknowledgements.aux)
(D:/Emmanuel_petron_Olateju/MMN_SZ/documents/olateju latex undergraduate thesis
\front-matter/dedication.aux)
(D:/Emmanuel_petron_Olateju/MMN_SZ/documents/olateju latex undergraduate thesis
\front-matter/Abstract.aux)
(D:/Emmanuel_petron_Olateju/MMN_SZ/documents/olateju latex undergraduate thesis
\chapters/chapter-1.aux)
(D:/Emmanuel_petron_Olateju/MMN_SZ/documents/olateju latex undergraduate thesis
\chapters/chapter-2.aux)
(D:/Emmanuel_petron_Olateju/MMN_SZ/documents/olateju latex undergraduate thesis
\back-matter/appendix-1.aux))
\openout1 = `eeeoauthesis.aux'.

LaTeX Font Info:    Checking defaults for OML/cmm/m/it on input line 53.
LaTeX Font Info:    ... okay on input line 53.
LaTeX Font Info:    Checking defaults for OMS/cmsy/m/n on input line 53.
LaTeX Font Info:    ... okay on input line 53.
LaTeX Font Info:    Checking defaults for OT1/cmr/m/n on input line 53.
LaTeX Font Info:    ... okay on input line 53.
LaTeX Font Info:    Checking defaults for T1/cmr/m/n on input line 53.
LaTeX Font Info:    ... okay on input line 53.
LaTeX Font Info:    Checking defaults for TS1/cmr/m/n on input line 53.
LaTeX Font Info:    ... okay on input line 53.
LaTeX Font Info:    Checking defaults for OMX/cmex/m/n on input line 53.
LaTeX Font Info:    ... okay on input line 53.
LaTeX Font Info:    Checking defaults for U/cmr/m/n on input line 53.
LaTeX Font Info:    ... okay on input line 53.
LaTeX Font Info:    Checking defaults for PD1/pdf/m/n on input line 53.
LaTeX Font Info:    ... okay on input line 53.
LaTeX Font Info:    Checking defaults for PU/pdf/m/n on input line 53.
LaTeX Font Info:    ... okay on input line 53.

*geometry* detected driver: dvips
*geometry* verbose mode - [ preamble ] result:
* driver: dvips
* paper: a4paper
* layout: <same size as paper>
* layoutoffset:(h,v)=(0.0pt,0.0pt)
* vratio: 1:1
* modes: 
* h-part:(L,W,R)=(108.405pt, 416.83289pt, 72.26999pt)
* v-part:(T,H,B)=(72.26999pt, 700.50687pt, 72.26999pt)
* \paperwidth=597.50787pt
* \paperheight=845.04684pt
* \textwidth=416.83289pt
* \textheight=700.50687pt
* \oddsidemargin=36.13501pt
* \evensidemargin=36.13501pt
* \topmargin=-37.0pt
* \headheight=12.0pt
* \headsep=25.0pt
* \topskip=12.0pt
* \footskip=30.0pt
* \marginparwidth=44.0pt
* \marginparsep=10.0pt
* \columnsep=10.0pt
* \skip\footins=10.8pt plus 4.0pt minus 2.0pt
* \hoffset=0.0pt
* \voffset=0.0pt
* \mag=1000
* \@twocolumnfalse
* \@twosidefalse
* \@mparswitchfalse
* \@reversemarginfalse
* (1in=72.27pt=25.4mm, 1cm=28.453pt)

Package hyperref Info: Link coloring ON on input line 53.
(C:\Users\pc\AppData\Local\Programs\MiKTeX 2.9\tex/latex/hyperref\nameref.sty
Package: nameref 2021-04-02 v2.47 Cross-referencing by name of section

(C:\Users\pc\AppData\Local\Programs\MiKTeX 2.9\tex/latex/refcount\refcount.sty
Package: refcount 2019/12/15 v3.6 Data extraction from label references (HO)
)
(C:\Users\pc\AppData\Local\Programs\MiKTeX 2.9\tex/generic/gettitlestring\getti
tlestring.sty
Package: gettitlestring 2019/12/15 v1.6 Cleanup title references (HO)
)
\c@section@level=\count411
)
LaTeX Info: Redefining \ref on input line 53.
LaTeX Info: Redefining \pageref on input line 53.
LaTeX Info: Redefining \nameref on input line 53.

(D:/Emmanuel_petron_Olateju/MMN_SZ/documents/olateju latex undergraduate thesis
\eeeoauthesis.out)
(D:/Emmanuel_petron_Olateju/MMN_SZ/documents/olateju latex undergraduate thesis
\eeeoauthesis.out)
\@outlinefile=\write4
\openout4 = `eeeoauthesis.out'.


(C:\Users\pc\AppData\Local\Programs\MiKTeX 2.9\tex/context/base/mkii\supp-pdf.m
kii
[Loading MPS to PDF converter (version 2006.09.02).]
\scratchcounter=\count412
\scratchdimen=\dimen275
\scratchbox=\box66
\nofMPsegments=\count413
\nofMParguments=\count414
\everyMPshowfont=\toks42
\MPscratchCnt=\count415
\MPscratchDim=\dimen276
\MPnumerator=\count416
\makeMPintoPDFobject=\count417
\everyMPtoPDFconversion=\toks43
)
Package caption Info: Begin \AtBeginDocument code.
Package caption Info: subfig package v1.3 is loaded.
Package caption Info: listings package is loaded.
Package caption Info: longtable package is loaded.

(C:\Users\pc\AppData\Local\Programs\MiKTeX 2.9\tex/latex/caption\ltcaption.sty
Package: ltcaption 2020/05/30 v1.4b longtable captions (AR)
)
Package caption Info: End \AtBeginDocument code.
\c@lstlisting=\count418

(C:\Users\pc\AppData\Local\Programs\MiKTeX 2.9\tex/latex/translations/dicts\tra
nslations-basic-dictionary-english.trsl
File: translations-basic-dictionary-english.trsl (english translation file `tra
nslations-basic-dictionary')
)
(C:\Users\pc\AppData\Local\Programs\MiKTeX 2.9\tex/latex/fmtcount\fc-english.de
f
File: fc-english.def 2016/01/12
)
<figures//oaulogo.jpg, id=114, 781.92125pt x 762.85pt>
File: figures//oaulogo.jpg Graphic file (type jpg)
<use figures//oaulogo.jpg>
Package pdftex.def Info: figures//oaulogo.jpg  used on input line 59.
(pdftex.def)             Requested size: 125.10995pt x 122.05849pt.
 [1
Non-PDF special ignored!
<special> papersize=597.50787pt,845.04684pt


\providecommand \oddpage@label [2]{}














{C:/Users/pc/AppData/Local/MiKTeX/2.9/pdftex/config/pdftex.map} <D:/Emmanuel_pe
tron_Olateju/MMN_SZ/documents/olateju latex undergraduate thesis/figures//oaulo
go.jpg>]
(D:/Emmanuel_petron_Olateju/MMN_SZ/documents/olateju latex undergraduate thesis
\eeeoauthesis.toc
LaTeX Font Info:    Trying to load font information for U+msa on input line 2.

(C:\Users\pc\AppData\Local\Programs\MiKTeX 2.9\tex/latex/amsfonts\umsa.fd
File: umsa.fd 2013/01/14 v3.01 AMS symbols A
)
LaTeX Font Info:    Trying to load font information for U+msb on input line 2.

(C:\Users\pc\AppData\Local\Programs\MiKTeX 2.9\tex/latex/amsfonts\umsb.fd
File: umsb.fd 2013/01/14 v3.01 AMS symbols B
)
LaTeX Font Info:    Trying to load font information for U+rsfs on input line 2.


(C:\Users\pc\AppData\Local\Programs\MiKTeX 2.9\tex/latex/jknappen\ursfs.fd
File: ursfs.fd 1998/03/24 rsfs font definition file (jk)
))
\tf@toc=\write5
\openout5 = `eeeoauthesis.toc'.


[1




] [2





] [3]
:<+ front-matter/Abstract.tex
\openout2 = `front-matter/Abstract.aux'.


(D:/Emmanuel_petron_Olateju/MMN_SZ/documents/olateju latex undergraduate thesis
\front-matter/Abstract.tex

! Package acro Error: You've requested acronym `psd' on line 3 but you
(acro)                apparently haven't defined it, yet!
(acro)                Maybe you've misspelled `psd'?

Type <return> to continue.
 ...                                              
                                                  
l.3 ...d from the power spectral density \ac{psd},
                                                   fuzzy-entropy, and mismat...

? return
OK, entering \nonstopmode...
) [4







] [5]
:<-
:<+ chapters/chapter-1.tex
\openout2 = `chapters/chapter-1.aux'.


(D:/Emmanuel_petron_Olateju/MMN_SZ/documents/olateju latex undergraduate thesis
\chapters/chapter-1.tex
Chapter 1.

Package natbib Warning: Citation `bakhshi2015neuropathology' on page 1 undefine
d on input line 6.

pdfTeX warning (ext4): destination with the same identifier (name{page.1}) has 
been already used, duplicate ignored
<to be read again> 
                   \relax 
l.16 I
      n its early phases, schizophrenia is dormant and only gets worse with ...
[1





] [2] [3] [4] [5] [6] [7] [8] [9] [10] [11]

! Package acro Error: You've requested acronym `sz' on line 93 but you
(acro)                apparently haven't defined it, yet!
(acro)                Maybe you've misspelled `sz'?

Type <return> to continue.
 ...                                              
                                                  
l.93 ...tent exisint goverlap between the \ac{sz} 
                                                  and non \ac{sz} population...


LaTeX does not know anything more about this error, sorry.

Try typing <return> to proceed.
If that doesn't work, type X <return> to quit.



! Package acro Error: You've requested acronym `sz' on line 93 but you
(acro)                apparently haven't defined it, yet!
(acro)                Maybe you've misspelled `sz'?

Type <return> to continue.
 ...                                              
                                                  
l.93 ...erlap between the \ac{sz} and non \ac{sz} 
                                                  population in the results ...


LaTeX does not know anything more about this error, sorry.

Try typing <return> to proceed.
If that doesn't work, type X <return> to quit.



! Package acro Error: You've requested acronym `sz' on line 93 but you
(acro)                apparently haven't defined it, yet!
(acro)                Maybe you've misspelled `sz'?

Type <return> to continue.
 ...                                              
                                                  
l.93 ...c{eeg} signal class indicative of \ac{sz} 
                                                  state and mostly utilize \...


LaTeX does not know anything more about this error, sorry.

Try typing <return> to proceed.
If that doesn't work, type X <return> to quit.



! Package acro Error: You've requested acronym `mmn' on line 93 but you
(acro)                apparently haven't defined it, yet!
(acro)                Maybe you've misspelled `mmn'?

Type <return> to continue.
 ...                                              
                                                  
l.93 ...\ac{sz} state and mostly utilize \ac{mmn} 
                                                  of \ac{eeg} signals. This ...


LaTeX does not know anything more about this error, sorry.

Try typing <return> to proceed.
If that doesn't work, type X <return> to quit.


[12] [13]) [14]
:<-
:<+ chapters/chapter-2.tex
\openout2 = `chapters/chapter-2.aux'.


(D:/Emmanuel_petron_Olateju/MMN_SZ/documents/olateju latex undergraduate thesis
\chapters/chapter-2.tex
Chapter 2.

Overfull \hbox (60.43481pt too wide) in paragraph at lines 6--6
|[]\OT1/cmr/bx/n/17.28 Neuropathology and Brain anoma-lies of Schizophre-
 []


Package natbib Warning: Citation `iritani2007neuropathology' on page 15 undefin
ed on input line 13.

[15





]

Package natbib Warning: Citation `bakhshi2015neuropathology' on page 16 undefin
ed on input line 19.


Package natbib Warning: Citation `bakhshi2015neuropathology' on page 16 undefin
ed on input line 25.


Package natbib Warning: Citation `iritani2007neuropathology' on page 16 undefin
ed on input line 31.


Package natbib Warning: Citation `iritani2007neuropathology' on page 16 undefin
ed on input line 37.

[16]

Package natbib Warning: Citation `iritani2007neuropathology' on page 17 undefin
ed on input line 43.


Package natbib Warning: Citation `bakhshi2015neuropathology' on page 17 undefin
ed on input line 49.


Package natbib Warning: Citation `bakhshi2015neuropathology' on page 17 undefin
ed on input line 55.


Package natbib Warning: Citation `bakhshi2015neuropathology' on page 17 undefin
ed on input line 64.

[17]

Package natbib Warning: Citation `halliday2001proceedings' on page 18 undefined
 on input line 70.


Package natbib Warning: Citation `bakhshi2015neuropathology' on page 18 undefin
ed on input line 76.


Package natbib Warning: Citation `bakhshi2015neuropathology' on page 18 undefin
ed on input line 83.

[18]

Package natbib Warning: Citation `bakhshi2015neuropathology' on page 19 undefin
ed on input line 92.


Package natbib Warning: Citation `iritani2007neuropathology' on page 19 undefin
ed on input line 98.


Package natbib Warning: Citation `halliday2001proceedings' on page 19 undefined
 on input line 104.


Package natbib Warning: Citation `harrison2015recent' on page 19 undefined on i
nput line 110.

[19]

Package natbib Warning: Citation `harrison2015recent' on page 20 undefined on i
nput line 116.


Package natbib Warning: Citation `harrison2015recent' on page 20 undefined on i
nput line 122.


Package natbib Warning: Citation `van2010genome' on page 20 undefined on input 
line 128.


Package natbib Warning: Citation `van2010genome' on page 20 undefined on input 
line 134.


Package natbib Warning: Citation `henriksen2017genetics' on page 20 undefined o
n input line 140.

[20]

Package natbib Warning: Citation `henriksen2017genetics' on page 21 undefined o
n input line 146.


Package natbib Warning: Citation `harrison2015recent' on page 21 undefined on i
nput line 152.


Package natbib Warning: Citation `raggi2022auditory' on page 21 undefined on in
put line 160.


Package natbib Warning: Citation `uhlhaas2008role' on page 21 undefined on inpu
t line 166.

[21]

Package natbib Warning: Citation `uhlhaas2008role' on page 22 undefined on inpu
t line 172.


Package natbib Warning: Citation `uhlhaas2008role' on page 22 undefined on inpu
t line 178.


Package natbib Warning: Citation `chung2019cortical' on page 22 undefined on in
put line 184.


Package natbib Warning: Citation `chung2019cortical' on page 22 undefined on in
put line 190.


Package natbib Warning: Citation `chung2019cortical' on page 22 undefined on in
put line 196.

[22]

Package natbib Warning: Citation `yoon2008association' on page 23 undefined on 
input line 202.


Package natbib Warning: Citation `rolls2021attractor' on page 23 undefined on i
nput line 208.


Package natbib Warning: Citation `lesh2015multimodal' on page 23 undefined on i
nput line 214.


Package natbib Warning: Citation `antonova2004relationship' on page 23 undefine
d on input line 220.


Package natbib Warning: Citation `rolls2021attractor' on page 23 undefined on i
nput line 226.

[23]

Package natbib Warning: Citation `antonova2004relationship' on page 24 undefine
d on input line 232.


Package natbib Warning: Citation `antonova2004relationship' on page 24 undefine
d on input line 238.

[24]

Package natbib Warning: Citation `hamilton2020electroencephalography' on page 2
5 undefined on input line 248.


Package natbib Warning: Citation `hamilton2020electroencephalography' on page 2
5 undefined on input line 254.


Package natbib Warning: Citation `hamilton2020electroencephalography' on page 2
5 undefined on input line 260.

[25]

Package natbib Warning: Citation `hamilton2020electroencephalography' on page 2
6 undefined on input line 266.


Package natbib Warning: Citation `alho1995cerebral' on page 26 undefined on inp
ut line 278.

[26]

Package natbib Warning: Citation `hamilton2020electroencephalography' on page 2
7 undefined on input line 284.


Package natbib Warning: Citation `boutros2008status' on page 27 undefined on in
put line 290.


Package natbib Warning: Citation `gschwandtner2009eeg' on page 27 undefined on 
input line 296.


Package natbib Warning: Citation `uhlhaas2010abnormal' on page 27 undefined on 
input line 302.


Package natbib Warning: Citation `hamilton2020electroencephalography' on page 2
7 undefined on input line 308.

[27]

Package natbib Warning: Citation `koh2011meg' on page 28 undefined on input lin
e 314.


Package natbib Warning: Citation `de2020pearls' on page 28 undefined on input l
ine 340.

[28]

Package natbib Warning: Citation `comerchero1999p3a' on page 29 undefined on in
put line 346.


Package natbib Warning: Citation `friedman2001novelty' on page 29 undefined on 
input line 352.


Package natbib Warning: Citation `polich2007updating' on page 29 undefined on i
nput line 352.


Package natbib Warning: Citation `grillon1990increased' on page 29 undefined on
 input line 358.


Package natbib Warning: Citation `jahshan2012automatic' on page 29 undefined on
 input line 358.


Package natbib Warning: Citation `koshiyama2022neuroimaging' on page 29 undefin
ed on input line 358.


Package natbib Warning: Citation `kim2020neurophysiological' on page 29 undefin
ed on input line 364.


Overfull \hbox (0.81674pt too wide) in paragraph at lines 368--369
[]\OT1/cmr/m/it/12 Auditory mis-match neg-a-tiv-ity is con-sis-tently im-paired
 in schizophre-
 []


Package natbib Warning: Citation `raggi2022auditory' on page 29 undefined on in
put line 370.


Package natbib Warning: Citation `raggi2022auditory' on page 29 undefined on in
put line 376.

[29]

Package natbib Warning: Citation `raggi2022auditory' on page 30 undefined on in
put line 382.


Package natbib Warning: Citation `umbricht2005mismatch' on page 30 undefined on
 input line 388.


Package natbib Warning: Citation `raggi2022auditory' on page 30 undefined on in
put line 394.


Package natbib Warning: Citation `ferri2003mismatch' on page 30 undefined on in
put line 400.


Package natbib Warning: Citation `alho1986separability' on page 30 undefined on
 input line 406.


Package natbib Warning: Citation `javitt2000intracortical' on page 30 undefined
 on input line 412.


Package natbib Warning: Citation `umbricht2005mismatch' on page 30 undefined on
 input line 412.

[30]

Package natbib Warning: Citation `salisbury2007progressive' on page 31 undefine
d on input line 418.


Package natbib Warning: Citation `hall2007genetic' on page 31 undefined on inpu
t line 424.


Overfull \hbox (22.17288pt too wide) in paragraph at lines 429--429
|[]\OT1/cmr/bx/n/17.28 Auditory Steady State Re-sponse in Schizophre-
 []


Package natbib Warning: Citation `spencer2008gamma' on page 31 undefined on inp
ut line 433.

[31]

Package natbib Warning: Citation `hong2004evoked' on page 32 undefined on input
 line 439.


Package natbib Warning: Citation `wilson2008cortical' on page 32 undefined on i
nput line 445.


Package natbib Warning: Citation `salisbury2007progressive' on page 32 undefine
d on input line 451.


Package natbib Warning: Citation `spencer2008gamma' on page 32 undefined on inp
ut line 457.


Package natbib Warning: Citation `spencer2008gamma' on page 32 undefined on inp
ut line 463.

[32]

Package natbib Warning: Citation `spencer2008gamma' on page 33 undefined on inp
ut line 469.


Package natbib Warning: Citation `spencer2008gamma' on page 33 undefined on inp
ut line 475.

) [33]
:<-
[34


]
:<+ eeeoauthesis.bbl

(D:/Emmanuel_petron_Olateju/MMN_SZ/documents/olateju latex undergraduate thesis
\eeeoauthesis.bbl)
:<-

Package natbib Warning: There were undefined citations.

[35

]

LaTeX3 Info: Redefining command \BeforeClosingMainAux with sig. 'm' on line
(LaTeX3)     136.

 (eeeoauthesis.aux (front-matter/Abstract.aux) (chapters/chapter-1.aux)
(chapters/chapter-2.aux))

LaTeX Warning: Label(s) may have changed. Rerun to get cross-references right.


Package rerunfilecheck Warning: File `eeeoauthesis.out' has changed.
(rerunfilecheck)                Rerun to get outlines right
(rerunfilecheck)                or use package `bookmark'.

Package rerunfilecheck Info: Checksums for `eeeoauthesis.out':
(rerunfilecheck)             Before: 533A26C8B3628CB57538C6732ED0F112;5349
(rerunfilecheck)             After:  373AB7063EF7F92CC7D56D93A990DFA3;4446.
 ) 
Here is how much of TeX's memory you used:
 27408 strings out of 479287
 603779 string characters out of 2854516
 887985 words of memory out of 3000000
 44379 multiletter control sequences out of 15000+600000
 429439 words of font info for 117 fonts, out of 8000000 for 9000
 1141 hyphenation exceptions out of 8191
 120i,12n,122p,1824b,571s stack positions out of 5000i,500n,10000p,200000b,80000s
pdfTeX warning (dest): name{section.A.3} has been referenced but does not exi
st, replaced by a fixed one

pdfTeX warning (dest): name{section.A.2} has been referenced but does not exist
, replaced by a fixed one

pdfTeX warning (dest): name{subsection.A.1.4} has been referenced but does not 
exist, replaced by a fixed one

pdfTeX warning (dest): name{subsection.A.1.3} has been referenced but does not 
exist, replaced by a fixed one

pdfTeX warning (dest): name{subsection.A.1.2} has been referenced but does not 
exist, replaced by a fixed one

pdfTeX warning (dest): name{subsection.A.1.1} has been referenced but does not 
exist, replaced by a fixed one

pdfTeX warning (dest): name{section.A.1} has been referenced but does not exist
, replaced by a fixed one

pdfTeX warning (dest): name{appendix.A} has been referenced but does not exist,
 replaced by a fixed one

pdfTeX warning (dest): name{section*.18} has been referenced but does not exist
, replaced by a fixed one

pdfTeX warning (dest): name{section*.15} has been referenced but does not exist
, replaced by a fixed one

pdfTeX warning (dest): name{section*.13} has been referenced but does not exist
, replaced by a fixed one

pdfTeX warning (dest): name{section*.12} has been referenced but does not exist
, replaced by a fixed one

pdfTeX warning (dest): name{d.1} has been referenced but does not exist, replac
ed by a fixed one

pdfTeX warning (dest): name{c.1} has been referenced but does not exist, replac
ed by a fixed one

pdfTeX warning (dest): name{b.1} has been referenced but does not exist, replac
ed by a fixed one

<C:/Users/pc/AppData/Local/Programs/MiKTeX 2.9/fonts/type1/public/amsfonts/cm/c
mbx12.pfb><C:/Users/pc/AppData/Local/Programs/MiKTeX 2.9/fonts/type1/public/ams
fonts/cm/cmcsc10.pfb><C:/Users/pc/AppData/Local/Programs/MiKTeX 2.9/fonts/type1
/public/amsfonts/cm/cmr10.pfb><C:/Users/pc/AppData/Local/Programs/MiKTeX 2.9/fo
nts/type1/public/amsfonts/cm/cmr12.pfb><C:/Users/pc/AppData/Local/Programs/MiKT
eX 2.9/fonts/type1/public/amsfonts/cm/cmr17.pfb><C:/Users/pc/AppData/Local/Prog
rams/MiKTeX 2.9/fonts/type1/public/amsfonts/cm/cmti12.pfb>
Output written on eeeoauthesis.pdf (41 pages, 283697 bytes).
PDF statistics:
 387 PDF objects out of 1000 (max. 8388607)
 89 named destinations out of 1000 (max. 500000)
 230 words of extra memory for PDF output out of 10000 (max. 10000000)

